INFO: [HLS 200-10] Running 'C:/Xilinx/Vivado/2019.1/bin/unwrapped/win64.o/vivado_hls.exe'
INFO: [HLS 200-10] For user 'Himanshu Bisht' on host 'desktop-etb480o' (Windows NT_amd64 version 6.2) on Sun Apr 11 14:31:38 +0530 2021
INFO: [HLS 200-10] In directory 'H:/ASSHU/ALL'
Sourcing Tcl script 'H:/ASSHU/ALL/All_project/solution1/csynth.tcl'
INFO: [HLS 200-10] Opening project 'H:/ASSHU/ALL/All_project'.
INFO: [HLS 200-10] Adding design file 'sha256.c' to the project
INFO: [HLS 200-10] Adding design file 'sha256_impl.c' to the project
INFO: [HLS 200-10] Adding design file 'sha256_impl_tb.c' to the project
INFO: [HLS 200-10] Adding test bench file 'sha256_tb.c' to the project
INFO: [HLS 200-10] Opening solution 'H:/ASSHU/ALL/All_project/solution1'.
INFO: [SYN 201-201] Setting up clock 'default' with a period of 10ns.
INFO: [HLS 200-10] Setting target device to 'xc7z020-clg484-1'
INFO: [SYN 201-201] Setting up clock 'default' with a period of 10ns.
INFO: [SCHED 204-61] Option 'relax_ii_for_timing' is enabled, will increase II to preserve clock frequency constraints.
INFO: [HLS 200-10] Analyzing design file 'sha256_impl_tb.c' ... 
INFO: [HLS 200-10] Analyzing design file 'sha256_impl.c' ... 
INFO: [HLS 200-10] Analyzing design file 'sha256.c' ... 
INFO: [HLS 200-111] Finished Linking Time (s): cpu = 00:00:00 ; elapsed = 00:00:16 . Memory (MB): peak = 175.270 ; gain = 85.223
INFO: [HLS 200-111] Finished Checking Pragmas Time (s): cpu = 00:00:00 ; elapsed = 00:00:16 . Memory (MB): peak = 175.270 ; gain = 85.223
INFO: [HLS 200-10] Starting code transformations ...
INFO: [XFORM 203-603] Inlining function 'sha256_init' into 'sha256' (sha256.c:33).
INFO: [HLS 200-111] Finished Standard Transforms Time (s): cpu = 00:00:01 ; elapsed = 00:00:17 . Memory (MB): peak = 175.270 ; gain = 85.223
INFO: [HLS 200-10] Checking synthesizability ...
INFO: [XFORM 203-602] Inlining function 'SIG1' into 'sha256_transform' (sha256_impl.c:259) automatically.
INFO: [XFORM 203-602] Inlining function 'SIG0' into 'sha256_transform' (sha256_impl.c:259) automatically.
INFO: [XFORM 203-602] Inlining function 'EP1' into 'sha256_transform' (sha256_impl.c:276) automatically.
INFO: [XFORM 203-602] Inlining function 'CH' into 'sha256_transform' (sha256_impl.c:276) automatically.
INFO: [XFORM 203-602] Inlining function 'EP0' into 'sha256_transform' (sha256_impl.c:278) automatically.
INFO: [XFORM 203-602] Inlining function 'MAJ' into 'sha256_transform' (sha256_impl.c:278) automatically.
INFO: [XFORM 203-602] Inlining function 'DBL_INT_ADD' into 'sha256_update' (sha256_impl.c:352) automatically.
INFO: [XFORM 203-602] Inlining function 'DBL_INT_ADD' into 'sha256_final' (sha256_impl.c:396) automatically.
INFO: [XFORM 203-602] Inlining function 'update_rtl_key' into 'sha256' (sha256.c:22) automatically.
INFO: [XFORM 203-602] Inlining function 'update_br_key' into 'sha256' (sha256.c:23) automatically.
INFO: [XFORM 203-602] Inlining function 'update_dp_key' into 'sha256' (sha256.c:24) automatically.
INFO: [HLS 200-111] Finished Checking Synthesizability Time (s): cpu = 00:00:01 ; elapsed = 00:00:17 . Memory (MB): peak = 175.270 ; gain = 85.223
INFO: [XFORM 203-502] Unrolling all loops for pipelining in function 'sha256_final' (sha256_impl.c:362).
WARNING: [XFORM 203-503] Ignored partial unroll directive for loop 'Loop-2' (sha256_impl.c:379) because its parent loop or function is pipelined.
WARNING: [XFORM 203-505] Ignored pipeline directive for loop 'Loop-4' (sha256_impl.c:409) because its parent loop or function is pipelined.
INFO: [XFORM 203-502] Unrolling all loops for pipelining in function 'sha256_transform' (sha256_impl.c:249).
WARNING: [XFORM 203-505] Ignored pipeline directive for loop 'Loop-2' (sha256_impl.c:257) because its parent loop or function is pipelined.
WARNING: [XFORM 203-505] Ignored pipeline directive for loop 'Loop-3' (sha256_impl.c:270) because its parent loop or function is pipelined.
WARNING: [XFORM 203-561] Updating loop upper bound from 100 to 63 for loop 'Loop-0-1' (sha256.c:50:1) in function 'sha256'.
WARNING: [XFORM 203-561] Updating loop upper bound from 40 to 32 for loop 'Loop-1' (sha256.c:61:1) in function 'sha256'.
WARNING: [XFORM 203-561] Updating loop lower bound from 12 to 32 for loop 'Loop-1' (sha256.c:61:1) in function 'sha256'.
WARNING: [XFORM 203-503] Cannot unroll loop 'Loop-1' (sha256_impl.c:374) in function 'sha256_final' completely: variable loop bound.
INFO: [HLS 200-489] Unrolling loop 'Loop-2' (sha256_impl.c:379) in function 'sha256_final' completely with a factor of 56.
WARNING: [XFORM 203-503] Cannot unroll loop 'Loop-3' (sha256_impl.c:388) in function 'sha256_final' completely: variable loop bound.
INFO: [HLS 200-489] Unrolling loop 'Loop-4' (sha256_impl.c:409) in function 'sha256_final' completely with a factor of 4.
INFO: [HLS 200-489] Unrolling loop 'Loop-1' (sha256_impl.c:253) in function 'sha256_transform' completely with a factor of 16.
INFO: [HLS 200-489] Unrolling loop 'Loop-2' (sha256_impl.c:257) in function 'sha256_transform' completely with a factor of 48.
INFO: [HLS 200-489] Unrolling loop 'Loop-3' (sha256_impl.c:270) in function 'sha256_transform' completely with a factor of 64.
INFO: [XFORM 203-102] Partitioning array 'm' (sha256_impl.c:251) automatically.
INFO: [XFORM 203-102] Partitioning array 'sha256ctx.bitlen' (sha256.c:32) automatically.
INFO: [XFORM 203-102] Partitioning array 'sha256ctx.state' (sha256.c:32) automatically.
INFO: [XFORM 203-101] Partitioning array 'sha256ctx.data' (sha256.c:32) in dimension 1 with a cyclic factor 4.
INFO: [XFORM 203-602] Inlining function 'update_rtl_key' into 'sha256' (sha256.c:22) automatically.
INFO: [XFORM 203-602] Inlining function 'update_br_key' into 'sha256' (sha256.c:23) automatically.
INFO: [XFORM 203-602] Inlining function 'update_dp_key' into 'sha256' (sha256.c:24) automatically.
INFO: [XFORM 203-401] Performing if-conversion on hyperblock to (sha256_impl.c:83:1) in function 'ROTRIGHT'... converting 4 basic blocks.
INFO: [XFORM 203-401] Performing if-conversion on hyperblock from (sha256_impl.c:130:31) to (sha256_impl.c:149:1) in function 'MAJ'... converting 4 basic blocks.
INFO: [XFORM 203-401] Performing if-conversion on hyperblock from (sha256_impl.c:90:30) to (sha256_impl.c:123:1) in function 'CH'... converting 4 basic blocks.
INFO: [XFORM 203-602] Inlining function 'ROTRIGHT' into 'SIG1' (sha256_impl.c:231) automatically.
INFO: [XFORM 203-602] Inlining function 'ROTRIGHT' into 'SIG0' (sha256_impl.c:205) automatically.
INFO: [XFORM 203-602] Inlining function 'ROTRIGHT' into 'EP1' (sha256_impl.c:184) automatically.
INFO: [XFORM 203-602] Inlining function 'ROTRIGHT' into 'EP0' (sha256_impl.c:161) automatically.
INFO: [XFORM 203-11] Balancing expressions in function 'sha256_transform' (sha256_impl.c:249)...598 expression(s) balanced.
INFO: [XFORM 203-11] Balancing expressions in function 'MAJ' (sha256_impl.c:130)...3 expression(s) balanced.
INFO: [HLS 200-111] Finished Pre-synthesis Time (s): cpu = 00:00:02 ; elapsed = 00:00:19 . Memory (MB): peak = 175.270 ; gain = 85.223
INFO: [HLS 200-111] Finished Architecture Synthesis Time (s): cpu = 00:00:04 ; elapsed = 00:00:21 . Memory (MB): peak = 247.672 ; gain = 157.625
INFO: [HLS 200-10] Starting hardware synthesis ...
INFO: [HLS 200-10] Synthesizing 'sha256' ...
WARNING: [SYN 201-107] Renaming port name 'sha256/rtl_key' to 'sha256/rtl_key_r' to avoid the conflict with HDL keywords or other object names.
WARNING: [SYN 201-107] Renaming port name 'sha256/br_key' to 'sha256/br_key_r' to avoid the conflict with HDL keywords or other object names.
WARNING: [SYN 201-107] Renaming port name 'sha256/dp_key' to 'sha256/dp_key_r' to avoid the conflict with HDL keywords or other object names.
INFO: [HLS 200-10] ----------------------------------------------------------------
INFO: [HLS 200-42] -- Implementing module 'SIG1' 
INFO: [HLS 200-10] ----------------------------------------------------------------
INFO: [SCHED 204-11] Starting scheduling ...
INFO: [SCHED 204-61] Pipelining function 'SIG1'.
INFO: [SCHED 204-61] Pipelining result : Target II = 1, Final II = 1, Depth = 1.
INFO: [SCHED 204-11] Finished scheduling.
INFO: [HLS 200-111]  Elapsed time: 21.456 seconds; current allocated memory: 195.668 MB.
INFO: [BIND 205-100] Starting micro-architecture generation ...
INFO: [BIND 205-101] Performing variable lifetime analysis.
INFO: [BIND 205-101] Exploring resource sharing.
INFO: [BIND 205-101] Binding ...
INFO: [BIND 205-100] Finished micro-architecture generation.
INFO: [HLS 200-111]  Elapsed time: 0.105 seconds; current allocated memory: 195.839 MB.
INFO: [HLS 200-10] ----------------------------------------------------------------
INFO: [HLS 200-42] -- Implementing module 'SIG0' 
INFO: [HLS 200-10] ----------------------------------------------------------------
INFO: [SCHED 204-11] Starting scheduling ...
INFO: [SCHED 204-61] Pipelining function 'SIG0'.
INFO: [SCHED 204-61] Pipelining result : Target II = 1, Final II = 1, Depth = 1.
INFO: [SCHED 204-11] Finished scheduling.
INFO: [HLS 200-111]  Elapsed time: 0.082 seconds; current allocated memory: 195.974 MB.
INFO: [BIND 205-100] Starting micro-architecture generation ...
INFO: [BIND 205-101] Performing variable lifetime analysis.
INFO: [BIND 205-101] Exploring resource sharing.
INFO: [BIND 205-101] Binding ...
INFO: [BIND 205-100] Finished micro-architecture generation.
INFO: [HLS 200-111]  Elapsed time: 0.059 seconds; current allocated memory: 196.131 MB.
INFO: [HLS 200-10] ----------------------------------------------------------------
INFO: [HLS 200-42] -- Implementing module 'EP1' 
INFO: [HLS 200-10] ----------------------------------------------------------------
INFO: [SCHED 204-11] Starting scheduling ...
INFO: [SCHED 204-61] Pipelining function 'EP1'.
INFO: [SCHED 204-61] Pipelining result : Target II = 1, Final II = 1, Depth = 1.
INFO: [SCHED 204-11] Finished scheduling.
INFO: [HLS 200-111]  Elapsed time: 0.079 seconds; current allocated memory: 196.248 MB.
INFO: [BIND 205-100] Starting micro-architecture generation ...
INFO: [BIND 205-101] Performing variable lifetime analysis.
INFO: [BIND 205-101] Exploring resource sharing.
INFO: [BIND 205-101] Binding ...
INFO: [BIND 205-100] Finished micro-architecture generation.
INFO: [HLS 200-111]  Elapsed time: 0.062 seconds; current allocated memory: 196.459 MB.
INFO: [HLS 200-10] ----------------------------------------------------------------
INFO: [HLS 200-42] -- Implementing module 'CH' 
INFO: [HLS 200-10] ----------------------------------------------------------------
INFO: [SCHED 204-11] Starting scheduling ...
INFO: [SCHED 204-61] Pipelining function 'CH'.
INFO: [SCHED 204-61] Pipelining result : Target II = 1, Final II = 1, Depth = 1.
INFO: [SCHED 204-11] Finished scheduling.
INFO: [HLS 200-111]  Elapsed time: 0.077 seconds; current allocated memory: 196.510 MB.
INFO: [BIND 205-100] Starting micro-architecture generation ...
INFO: [BIND 205-101] Performing variable lifetime analysis.
INFO: [BIND 205-101] Exploring resource sharing.
INFO: [BIND 205-101] Binding ...
INFO: [BIND 205-100] Finished micro-architecture generation.
INFO: [HLS 200-111]  Elapsed time: 0.052 seconds; current allocated memory: 196.572 MB.
INFO: [HLS 200-10] ----------------------------------------------------------------
INFO: [HLS 200-42] -- Implementing module 'EP0' 
INFO: [HLS 200-10] ----------------------------------------------------------------
INFO: [SCHED 204-11] Starting scheduling ...
INFO: [SCHED 204-61] Pipelining function 'EP0'.
INFO: [SCHED 204-61] Pipelining result : Target II = 1, Final II = 1, Depth = 1.
INFO: [SCHED 204-11] Finished scheduling.
INFO: [HLS 200-111]  Elapsed time: 0.072 seconds; current allocated memory: 196.706 MB.
INFO: [BIND 205-100] Starting micro-architecture generation ...
INFO: [BIND 205-101] Performing variable lifetime analysis.
INFO: [BIND 205-101] Exploring resource sharing.
INFO: [BIND 205-101] Binding ...
INFO: [BIND 205-100] Finished micro-architecture generation.
INFO: [HLS 200-111]  Elapsed time: 0.066 seconds; current allocated memory: 196.880 MB.
INFO: [HLS 200-10] ----------------------------------------------------------------
INFO: [HLS 200-42] -- Implementing module 'MAJ' 
INFO: [HLS 200-10] ----------------------------------------------------------------
INFO: [SCHED 204-11] Starting scheduling ...
INFO: [SCHED 204-61] Pipelining function 'MAJ'.
INFO: [SCHED 204-61] Pipelining result : Target II = 1, Final II = 1, Depth = 1.
INFO: [SCHED 204-11] Finished scheduling.
INFO: [HLS 200-111]  Elapsed time: 0.081 seconds; current allocated memory: 196.923 MB.
INFO: [BIND 205-100] Starting micro-architecture generation ...
INFO: [BIND 205-101] Performing variable lifetime analysis.
INFO: [BIND 205-101] Exploring resource sharing.
INFO: [BIND 205-101] Binding ...
INFO: [BIND 205-100] Finished micro-architecture generation.
INFO: [HLS 200-111]  Elapsed time: 0.055 seconds; current allocated memory: 196.995 MB.
INFO: [HLS 200-10] ----------------------------------------------------------------
INFO: [HLS 200-42] -- Implementing module 'sha256_transform' 
INFO: [HLS 200-10] ----------------------------------------------------------------
INFO: [SCHED 204-11] Starting scheduling ...
INFO: [SCHED 204-61] Pipelining function 'sha256_transform'.
WARNING: [SCHED 204-69] Unable to schedule 'load' operation ('data_0_load_2', sha256_impl.c:255) on array 'data_0' due to limited memory ports. Please consider using a memory core with more ports or partitioning the array 'data_0'.
INFO: [SCHED 204-61] Pipelining result : Target II = 1, Final II = 8, Depth = 165.
INFO: [SCHED 204-11] Finished scheduling.
INFO: [HLS 200-111]  Elapsed time: 11.069 seconds; current allocated memory: 201.189 MB.
INFO: [BIND 205-100] Starting micro-architecture generation ...
INFO: [BIND 205-101] Performing variable lifetime analysis.
INFO: [BIND 205-101] Exploring resource sharing.
INFO: [BIND 205-101] Binding ...
INFO: [BIND 205-100] Finished micro-architecture generation.
INFO: [HLS 200-111]  Elapsed time: 1.289 seconds; current allocated memory: 206.957 MB.
INFO: [HLS 200-10] ----------------------------------------------------------------
INFO: [HLS 200-42] -- Implementing module 'sha256_update' 
INFO: [HLS 200-10] ----------------------------------------------------------------
INFO: [SCHED 204-11] Starting scheduling ...
INFO: [SCHED 204-11] Finished scheduling.
INFO: [HLS 200-111]  Elapsed time: 1.134 seconds; current allocated memory: 208.009 MB.
INFO: [HLS 200-434] Only 0 loops out of a total 1 loops have been pipelined in this design.
INFO: [BIND 205-100] Starting micro-architecture generation ...
INFO: [BIND 205-101] Performing variable lifetime analysis.
INFO: [BIND 205-101] Exploring resource sharing.
INFO: [BIND 205-101] Binding ...
INFO: [BIND 205-100] Finished micro-architecture generation.
INFO: [HLS 200-111]  Elapsed time: 0.356 seconds; current allocated memory: 209.374 MB.
INFO: [HLS 200-10] ----------------------------------------------------------------
INFO: [HLS 200-42] -- Implementing module 'sha256_final' 
INFO: [HLS 200-10] ----------------------------------------------------------------
INFO: [SCHED 204-11] Starting scheduling ...
WARNING: [SCHED 204-65] Unable to satisfy pipeline directive: Function contains subloop(s) not being unrolled.
INFO: [SCHED 204-11] Finished scheduling.
INFO: [HLS 200-111]  Elapsed time: 0.714 seconds; current allocated memory: 211.162 MB.
INFO: [BIND 205-100] Starting micro-architecture generation ...
INFO: [BIND 205-101] Performing variable lifetime analysis.
INFO: [BIND 205-101] Exploring resource sharing.
INFO: [BIND 205-101] Binding ...
INFO: [BIND 205-100] Finished micro-architecture generation.
INFO: [HLS 200-111]  Elapsed time: 0.667 seconds; current allocated memory: 214.730 MB.
INFO: [HLS 200-10] ----------------------------------------------------------------
INFO: [HLS 200-42] -- Implementing module 'sha256' 
INFO: [HLS 200-10] ----------------------------------------------------------------
INFO: [SCHED 204-11] Starting scheduling ...
INFO: [SCHED 204-11] Finished scheduling.
INFO: [HLS 200-111]  Elapsed time: 0.755 seconds; current allocated memory: 215.638 MB.
INFO: [BIND 205-100] Starting micro-architecture generation ...
INFO: [BIND 205-101] Performing variable lifetime analysis.
INFO: [BIND 205-101] Exploring resource sharing.
INFO: [BIND 205-101] Binding ...
INFO: [BIND 205-100] Finished micro-architecture generation.
INFO: [HLS 200-111]  Elapsed time: 1.39 seconds; current allocated memory: 217.170 MB.
INFO: [HLS 200-10] ----------------------------------------------------------------
INFO: [HLS 200-10] -- Generating RTL for module 'SIG1' 
INFO: [HLS 200-10] ----------------------------------------------------------------
INFO: [RTGEN 206-100] Finished creating RTL model for 'SIG1'.
INFO: [HLS 200-111]  Elapsed time: 1.485 seconds; current allocated memory: 218.495 MB.
INFO: [HLS 200-10] ----------------------------------------------------------------
INFO: [HLS 200-10] -- Generating RTL for module 'SIG0' 
INFO: [HLS 200-10] ----------------------------------------------------------------
INFO: [RTGEN 206-100] Finished creating RTL model for 'SIG0'.
INFO: [HLS 200-111]  Elapsed time: 0.123 seconds; current allocated memory: 218.906 MB.
INFO: [HLS 200-10] ----------------------------------------------------------------
INFO: [HLS 200-10] -- Generating RTL for module 'EP1' 
INFO: [HLS 200-10] ----------------------------------------------------------------
INFO: [RTGEN 206-100] Finished creating RTL model for 'EP1'.
INFO: [HLS 200-111]  Elapsed time: 0.121 seconds; current allocated memory: 219.199 MB.
INFO: [HLS 200-10] ----------------------------------------------------------------
INFO: [HLS 200-10] -- Generating RTL for module 'CH' 
INFO: [HLS 200-10] ----------------------------------------------------------------
INFO: [RTGEN 206-100] Finished creating RTL model for 'CH'.
INFO: [HLS 200-111]  Elapsed time: 0.141 seconds; current allocated memory: 219.314 MB.
INFO: [HLS 200-10] ----------------------------------------------------------------
INFO: [HLS 200-10] -- Generating RTL for module 'EP0' 
INFO: [HLS 200-10] ----------------------------------------------------------------
INFO: [RTGEN 206-100] Finished creating RTL model for 'EP0'.
INFO: [HLS 200-111]  Elapsed time: 0.101 seconds; current allocated memory: 219.658 MB.
INFO: [HLS 200-10] ----------------------------------------------------------------
INFO: [HLS 200-10] -- Generating RTL for module 'MAJ' 
INFO: [HLS 200-10] ----------------------------------------------------------------
INFO: [RTGEN 206-100] Finished creating RTL model for 'MAJ'.
INFO: [HLS 200-111]  Elapsed time: 0.126 seconds; current allocated memory: 219.792 MB.
INFO: [HLS 200-10] ----------------------------------------------------------------
INFO: [HLS 200-10] -- Generating RTL for module 'sha256_transform' 
INFO: [HLS 200-10] ----------------------------------------------------------------
INFO: [RTGEN 206-104] Estimated max fanout for 'sha256_transform' is 9505 from HDL expression: ((ap_enable_reg_pp0_iter0 == 1'b1) & (1'b1 == ap_CS_fsm_pp0_stage7) & (1'b1 == ap_ce) & (1'b0 == ap_block_pp0_stage7_11001))
INFO: [RTGEN 206-100] Finished creating RTL model for 'sha256_transform'.
INFO: [HLS 200-111]  Elapsed time: 1.422 seconds; current allocated memory: 234.140 MB.
INFO: [HLS 200-10] ----------------------------------------------------------------
INFO: [HLS 200-10] -- Generating RTL for module 'sha256_update' 
INFO: [HLS 200-10] ----------------------------------------------------------------
INFO: [RTGEN 206-100] Finished creating RTL model for 'sha256_update'.
INFO: [HLS 200-111]  Elapsed time: 4.304 seconds; current allocated memory: 241.595 MB.
INFO: [HLS 200-10] ----------------------------------------------------------------
INFO: [HLS 200-10] -- Generating RTL for module 'sha256_final' 
INFO: [HLS 200-10] ----------------------------------------------------------------
INFO: [RTGEN 206-100] Finished creating RTL model for 'sha256_final'.
INFO: [HLS 200-111]  Elapsed time: 1.072 seconds; current allocated memory: 245.899 MB.
INFO: [HLS 200-10] ----------------------------------------------------------------
INFO: [HLS 200-10] -- Generating RTL for module 'sha256' 
INFO: [HLS 200-10] ----------------------------------------------------------------
INFO: [RTGEN 206-500] Setting interface mode on port 'sha256/rtl_key' to 'ap_none'.
INFO: [RTGEN 206-500] Setting interface mode on port 'sha256/br_key' to 'ap_none'.
INFO: [RTGEN 206-500] Setting interface mode on port 'sha256/dp_key' to 'ap_none'.
INFO: [RTGEN 206-500] Setting interface mode on port 'sha256/data' to 's_axilite & ap_memory'.
INFO: [RTGEN 206-500] Setting interface mode on port 'sha256/base_offset' to 's_axilite & ap_none'.
INFO: [RTGEN 206-500] Setting interface mode on port 'sha256/bytes' to 's_axilite & ap_none'.
INFO: [RTGEN 206-500] Setting interface mode on port 'sha256/digest' to 's_axilite & ap_memory'.
INFO: [RTGEN 206-500] Setting interface mode on function 'sha256' to 's_axilite & ap_ctrl_hs'.
WARNING: [RTGEN 206-101] Register 'rtl_key_r' is power-on initialization.
WARNING: [RTGEN 206-101] Register 'br_key_r' is power-on initialization.
WARNING: [RTGEN 206-101] Register 'dp_key_r' is power-on initialization.
INFO: [RTGEN 206-100] Bundling port 'return', 'data', 'base_offset', 'bytes' and 'digest' to AXI-Lite port AXILiteS.
INFO: [SYN 201-210] Renamed object name 'sha256_sha256ctx_data_0' to 'sha256_sha256ctx_bkb' due to the length limit 20
INFO: [SYN 201-210] Renamed object name 'sha256_sha256ctx_data_1' to 'sha256_sha256ctx_cud' due to the length limit 20
INFO: [SYN 201-210] Renamed object name 'sha256_sha256ctx_data_2' to 'sha256_sha256ctx_dEe' due to the length limit 20
INFO: [SYN 201-210] Renamed object name 'sha256_sha256ctx_data_3' to 'sha256_sha256ctx_eOg' due to the length limit 20
INFO: [RTGEN 206-100] Finished creating RTL model for 'sha256'.
INFO: [HLS 200-111]  Elapsed time: 1.983 seconds; current allocated memory: 247.701 MB.
INFO: [RTMG 210-278] Implementing memory 'sha256_seg_buf_ram (RAM)' using block RAMs.
INFO: [RTMG 210-278] Implementing memory 'sha256_sha256ctx_bkb_ram (RAM)' using block RAMs.
INFO: [HLS 200-111] Finished generating all RTL models Time (s): cpu = 00:00:33 ; elapsed = 00:00:54 . Memory (MB): peak = 374.539 ; gain = 284.492
INFO: [VHDL 208-304] Generating VHDL RTL for sha256.
INFO: [VLOG 209-307] Generating Verilog RTL for sha256.
INFO: [HLS 200-112] Total elapsed time: 54.42 seconds; peak allocated memory: 247.701 MB.
