

================================================================
== Vivado HLS Report for 'EP0'
================================================================
* Date:           Sun Apr 11 14:32:00 2021

* Version:        2019.1 (Build 2552052 on Fri May 24 15:28:33 MDT 2019)
* Project:        All_project
* Solution:       solution1
* Product family: zynq
* Target device:  xc7z020-clg484-1


================================================================
== Performance Estimates
================================================================
+ Timing (ns): 
    * Summary: 
    +--------+-------+----------+------------+
    |  Clock | Target| Estimated| Uncertainty|
    +--------+-------+----------+------------+
    |ap_clk  |  10.00|     3.755|        1.25|
    +--------+-------+----------+------------+

+ Latency (clock cycles): 
    * Summary: 
    +-----+-----+-----+-----+----------+
    |  Latency  |  Interval | Pipeline |
    | min | max | min | max |   Type   |
    +-----+-----+-----+-----+----------+
    |    0|    0|    1|    1| function |
    +-----+-----+-----+-----+----------+

    + Detail: 
        * Instance: 
        N/A

        * Loop: 
        N/A

============================================================
+ Verbose Summary: Synthesis Manager
============================================================
InlineROM: 1
ExposeGlobal: 0
============================================================
+ Verbose Summary: CDFG Model
============================================================
IsTopModel: 0
ResetActiveHigh: 1
IsCombinational: 0
IsDatapathOnly: 0
HasWiredReturn: 1
HasMFsm: 2
HasVarLatency: 0
IsPipeline: 1
IsRtlPipelined: 0
IsInstanceOverlapped: 0
IsDontTouch: 0
HasImplIP: 0
IsGatedGlobalClock: 0

+ Individual pipeline summary: 
  * Pipeline-0: initiation interval (II) = 1, depth = 1


============================================================
+ Verbose Summary: Schedule
============================================================
* Number of FSM states : 1
* Pipeline : 1
  Pipeline-0 : II = 1, D = 1, States = { 1 }
* Dataflow Pipeline: 0

* FSM state transitions: 
1 --> 

* FSM state operations: 

State 1 <SV = 0> <Delay = 3.75>
ST_1 : Operation 2 [1/1] (0.00ns)   --->   "%x_read = call i32 @_ssdm_op_Read.ap_auto.i32(i32 %x) nounwind" [sha256_impl.c:155]   --->   Operation 2 'read' 'x_read' <Predicate = true> <Delay = 0.00>
ST_1 : Operation 3 [1/1] (0.00ns)   --->   "%rtl_key_load = load i32* @rtl_key_r, align 4" [sha256_impl.c:157]   --->   Operation 3 'load' 'rtl_key_load' <Predicate = true> <Delay = 0.00>
ST_1 : Operation 4 [1/1] (0.00ns)   --->   "%tmp = call i1 @_ssdm_op_BitSelect.i1.i32.i32(i32 %rtl_key_load, i32 3)" [sha256_impl.c:159]   --->   Operation 4 'bitselect' 'tmp' <Predicate = true> <Delay = 0.00>
ST_1 : Operation 5 [1/1] (0.00ns)   --->   "%tmp_6 = call i1 @_ssdm_op_BitSelect.i1.i32.i32(i32 %rtl_key_load, i32 6)" [sha256_impl.c:54->sha256_impl.c:161]   --->   Operation 5 'bitselect' 'tmp_6' <Predicate = true> <Delay = 0.00>
ST_1 : Operation 6 [1/1] (0.00ns)   --->   "br i1 %tmp, label %2, label %1" [sha256_impl.c:159]   --->   Operation 6 'br' <Predicate = true> <Delay = 0.00>
ST_1 : Operation 7 [1/1] (0.00ns) (grouped into LUT with out node xor_ln161)   --->   "%trunc_ln56_12 = trunc i32 %x_read to i30" [sha256_impl.c:56->sha256_impl.c:161]   --->   Operation 7 'trunc' 'trunc_ln56_12' <Predicate = (!tmp & !tmp_6)> <Delay = 0.00>
ST_1 : Operation 8 [1/1] (0.00ns) (grouped into LUT with out node xor_ln161)   --->   "%lshr_ln = call i2 @_ssdm_op_PartSelect.i2.i32.i32.i32(i32 %x_read, i32 30, i32 31)" [sha256_impl.c:56->sha256_impl.c:161]   --->   Operation 8 'partselect' 'lshr_ln' <Predicate = (!tmp & !tmp_6)> <Delay = 0.00>
ST_1 : Operation 9 [1/1] (0.00ns) (grouped into LUT with out node xor_ln161)   --->   "%or_ln = call i32 @_ssdm_op_BitConcatenate.i32.i30.i2(i30 %trunc_ln56_12, i2 %lshr_ln)" [sha256_impl.c:56->sha256_impl.c:161]   --->   Operation 9 'bitconcatenate' 'or_ln' <Predicate = (!tmp & !tmp_6)> <Delay = 0.00>
ST_1 : Operation 10 [1/1] (0.00ns) (grouped into LUT with out node xor_ln161)   --->   "%lshr_ln1 = call i30 @_ssdm_op_PartSelect.i30.i32.i32.i32(i32 %x_read, i32 2, i32 31)" [sha256_impl.c:60->sha256_impl.c:161]   --->   Operation 10 'partselect' 'lshr_ln1' <Predicate = (!tmp & tmp_6)> <Delay = 0.00>
ST_1 : Operation 11 [1/1] (0.00ns) (grouped into LUT with out node xor_ln161)   --->   "%trunc_ln60_12 = trunc i32 %x_read to i2" [sha256_impl.c:60->sha256_impl.c:161]   --->   Operation 11 'trunc' 'trunc_ln60_12' <Predicate = (!tmp & tmp_6)> <Delay = 0.00>
ST_1 : Operation 12 [1/1] (0.00ns) (grouped into LUT with out node xor_ln161)   --->   "%or_ln4 = call i32 @_ssdm_op_BitConcatenate.i32.i2.i30(i2 %trunc_ln60_12, i30 %lshr_ln1)" [sha256_impl.c:60->sha256_impl.c:161]   --->   Operation 12 'bitconcatenate' 'or_ln4' <Predicate = (!tmp & tmp_6)> <Delay = 0.00>
ST_1 : Operation 13 [1/1] (0.00ns) (grouped into LUT with out node xor_ln161)   --->   "%select_ln54 = select i1 %tmp_6, i32 %or_ln4, i32 %or_ln" [sha256_impl.c:54->sha256_impl.c:161]   --->   Operation 13 'select' 'select_ln54' <Predicate = (!tmp)> <Delay = 0.00> <Core = "Sel">   --->   Core 26 'Sel' <Latency = 0> <II = 1> <Delay = 0.69> <FuncUnit> <Opcode : 'select'> <InPorts = 3> <OutPorts = 1>
ST_1 : Operation 14 [1/1] (0.00ns) (grouped into LUT with out node xor_ln161_1)   --->   "%trunc_ln56_13 = trunc i32 %x_read to i19" [sha256_impl.c:56->sha256_impl.c:161]   --->   Operation 14 'trunc' 'trunc_ln56_13' <Predicate = (!tmp & !tmp_6)> <Delay = 0.00>
ST_1 : Operation 15 [1/1] (0.00ns) (grouped into LUT with out node xor_ln161_1)   --->   "%lshr_ln56_s = call i13 @_ssdm_op_PartSelect.i13.i32.i32.i32(i32 %x_read, i32 19, i32 31)" [sha256_impl.c:56->sha256_impl.c:161]   --->   Operation 15 'partselect' 'lshr_ln56_s' <Predicate = (!tmp & !tmp_6)> <Delay = 0.00>
ST_1 : Operation 16 [1/1] (0.00ns) (grouped into LUT with out node xor_ln161_1)   --->   "%or_ln56_s = call i32 @_ssdm_op_BitConcatenate.i32.i19.i13(i19 %trunc_ln56_13, i13 %lshr_ln56_s)" [sha256_impl.c:56->sha256_impl.c:161]   --->   Operation 16 'bitconcatenate' 'or_ln56_s' <Predicate = (!tmp & !tmp_6)> <Delay = 0.00>
ST_1 : Operation 17 [1/1] (0.00ns) (grouped into LUT with out node xor_ln161_1)   --->   "%lshr_ln60_s = call i19 @_ssdm_op_PartSelect.i19.i32.i32.i32(i32 %x_read, i32 13, i32 31)" [sha256_impl.c:60->sha256_impl.c:161]   --->   Operation 17 'partselect' 'lshr_ln60_s' <Predicate = (!tmp & tmp_6)> <Delay = 0.00>
ST_1 : Operation 18 [1/1] (0.00ns) (grouped into LUT with out node xor_ln161_1)   --->   "%trunc_ln60_13 = trunc i32 %x_read to i13" [sha256_impl.c:60->sha256_impl.c:161]   --->   Operation 18 'trunc' 'trunc_ln60_13' <Predicate = (!tmp & tmp_6)> <Delay = 0.00>
ST_1 : Operation 19 [1/1] (0.00ns) (grouped into LUT with out node xor_ln161_1)   --->   "%or_ln60_s = call i32 @_ssdm_op_BitConcatenate.i32.i13.i19(i13 %trunc_ln60_13, i19 %lshr_ln60_s)" [sha256_impl.c:60->sha256_impl.c:161]   --->   Operation 19 'bitconcatenate' 'or_ln60_s' <Predicate = (!tmp & tmp_6)> <Delay = 0.00>
ST_1 : Operation 20 [1/1] (0.00ns) (grouped into LUT with out node xor_ln161_1)   --->   "%select_ln54_11 = select i1 %tmp_6, i32 %or_ln60_s, i32 %or_ln56_s" [sha256_impl.c:54->sha256_impl.c:161]   --->   Operation 20 'select' 'select_ln54_11' <Predicate = (!tmp)> <Delay = 0.00> <Core = "Sel">   --->   Core 26 'Sel' <Latency = 0> <II = 1> <Delay = 0.69> <FuncUnit> <Opcode : 'select'> <InPorts = 3> <OutPorts = 1>
ST_1 : Operation 21 [1/1] (0.00ns) (grouped into LUT with out node xor_ln161)   --->   "%trunc_ln56_14 = trunc i32 %x_read to i10" [sha256_impl.c:56->sha256_impl.c:161]   --->   Operation 21 'trunc' 'trunc_ln56_14' <Predicate = (!tmp & !tmp_6)> <Delay = 0.00>
ST_1 : Operation 22 [1/1] (0.00ns) (grouped into LUT with out node xor_ln161)   --->   "%lshr_ln56_1 = call i22 @_ssdm_op_PartSelect.i22.i32.i32.i32(i32 %x_read, i32 10, i32 31)" [sha256_impl.c:56->sha256_impl.c:161]   --->   Operation 22 'partselect' 'lshr_ln56_1' <Predicate = (!tmp & !tmp_6)> <Delay = 0.00>
ST_1 : Operation 23 [1/1] (0.00ns) (grouped into LUT with out node xor_ln161)   --->   "%or_ln56_1 = call i32 @_ssdm_op_BitConcatenate.i32.i10.i22(i10 %trunc_ln56_14, i22 %lshr_ln56_1)" [sha256_impl.c:56->sha256_impl.c:161]   --->   Operation 23 'bitconcatenate' 'or_ln56_1' <Predicate = (!tmp & !tmp_6)> <Delay = 0.00>
ST_1 : Operation 24 [1/1] (0.00ns) (grouped into LUT with out node xor_ln161)   --->   "%lshr_ln60_1 = call i10 @_ssdm_op_PartSelect.i10.i32.i32.i32(i32 %x_read, i32 22, i32 31)" [sha256_impl.c:60->sha256_impl.c:161]   --->   Operation 24 'partselect' 'lshr_ln60_1' <Predicate = (!tmp & tmp_6)> <Delay = 0.00>
ST_1 : Operation 25 [1/1] (0.00ns) (grouped into LUT with out node xor_ln161)   --->   "%trunc_ln60_14 = trunc i32 %x_read to i22" [sha256_impl.c:60->sha256_impl.c:161]   --->   Operation 25 'trunc' 'trunc_ln60_14' <Predicate = (!tmp & tmp_6)> <Delay = 0.00>
ST_1 : Operation 26 [1/1] (0.00ns) (grouped into LUT with out node xor_ln161)   --->   "%or_ln60_1 = call i32 @_ssdm_op_BitConcatenate.i32.i22.i10(i22 %trunc_ln60_14, i10 %lshr_ln60_1)" [sha256_impl.c:60->sha256_impl.c:161]   --->   Operation 26 'bitconcatenate' 'or_ln60_1' <Predicate = (!tmp & tmp_6)> <Delay = 0.00>
ST_1 : Operation 27 [1/1] (0.00ns) (grouped into LUT with out node xor_ln161)   --->   "%select_ln54_12 = select i1 %tmp_6, i32 %or_ln60_1, i32 %or_ln56_1" [sha256_impl.c:54->sha256_impl.c:161]   --->   Operation 27 'select' 'select_ln54_12' <Predicate = (!tmp)> <Delay = 0.00> <Core = "Sel">   --->   Core 26 'Sel' <Latency = 0> <II = 1> <Delay = 0.69> <FuncUnit> <Opcode : 'select'> <InPorts = 3> <OutPorts = 1>
ST_1 : Operation 28 [1/1] (0.99ns) (out node of the LUT)   --->   "%xor_ln161 = xor i32 %select_ln54, %select_ln54_12" [sha256_impl.c:161]   --->   Operation 28 'xor' 'xor_ln161' <Predicate = (!tmp)> <Delay = 0.99> <Core = "LogicGate">   --->   Core 27 'LogicGate' <Latency = 0> <II = 1> <Delay = 0.99> <FuncUnit> <Opcode : 'and' 'or' 'xor'> <InPorts = 2> <OutPorts = 1>
ST_1 : Operation 29 [1/1] (0.99ns) (out node of the LUT)   --->   "%xor_ln161_1 = xor i32 %xor_ln161, %select_ln54_11" [sha256_impl.c:161]   --->   Operation 29 'xor' 'xor_ln161_1' <Predicate = (!tmp)> <Delay = 0.99> <Core = "LogicGate">   --->   Core 27 'LogicGate' <Latency = 0> <II = 1> <Delay = 0.99> <FuncUnit> <Opcode : 'and' 'or' 'xor'> <InPorts = 2> <OutPorts = 1>
ST_1 : Operation 30 [1/1] (1.76ns)   --->   "br label %3" [sha256_impl.c:161]   --->   Operation 30 'br' <Predicate = (!tmp)> <Delay = 1.76>
ST_1 : Operation 31 [1/1] (0.00ns) (grouped into LUT with out node xor_ln167)   --->   "%trunc_ln56 = trunc i32 %x_read to i26" [sha256_impl.c:56->sha256_impl.c:167]   --->   Operation 31 'trunc' 'trunc_ln56' <Predicate = (tmp & !tmp_6)> <Delay = 0.00>
ST_1 : Operation 32 [1/1] (0.00ns) (grouped into LUT with out node xor_ln167)   --->   "%lshr_ln56_2 = call i6 @_ssdm_op_PartSelect.i6.i32.i32.i32(i32 %x_read, i32 26, i32 31)" [sha256_impl.c:56->sha256_impl.c:167]   --->   Operation 32 'partselect' 'lshr_ln56_2' <Predicate = (tmp & !tmp_6)> <Delay = 0.00>
ST_1 : Operation 33 [1/1] (0.00ns) (grouped into LUT with out node xor_ln167)   --->   "%or_ln56_2 = call i32 @_ssdm_op_BitConcatenate.i32.i26.i6(i26 %trunc_ln56, i6 %lshr_ln56_2)" [sha256_impl.c:56->sha256_impl.c:167]   --->   Operation 33 'bitconcatenate' 'or_ln56_2' <Predicate = (tmp & !tmp_6)> <Delay = 0.00>
ST_1 : Operation 34 [1/1] (0.00ns) (grouped into LUT with out node xor_ln167)   --->   "%lshr_ln60_2 = call i26 @_ssdm_op_PartSelect.i26.i32.i32.i32(i32 %x_read, i32 6, i32 31)" [sha256_impl.c:60->sha256_impl.c:167]   --->   Operation 34 'partselect' 'lshr_ln60_2' <Predicate = (tmp & tmp_6)> <Delay = 0.00>
ST_1 : Operation 35 [1/1] (0.00ns) (grouped into LUT with out node xor_ln167)   --->   "%trunc_ln60 = trunc i32 %x_read to i6" [sha256_impl.c:60->sha256_impl.c:167]   --->   Operation 35 'trunc' 'trunc_ln60' <Predicate = (tmp & tmp_6)> <Delay = 0.00>
ST_1 : Operation 36 [1/1] (0.00ns) (grouped into LUT with out node xor_ln167)   --->   "%or_ln60_2 = call i32 @_ssdm_op_BitConcatenate.i32.i6.i26(i6 %trunc_ln60, i26 %lshr_ln60_2)" [sha256_impl.c:60->sha256_impl.c:167]   --->   Operation 36 'bitconcatenate' 'or_ln60_2' <Predicate = (tmp & tmp_6)> <Delay = 0.00>
ST_1 : Operation 37 [1/1] (0.00ns) (grouped into LUT with out node xor_ln167)   --->   "%select_ln54_13 = select i1 %tmp_6, i32 %or_ln60_2, i32 %or_ln56_2" [sha256_impl.c:54->sha256_impl.c:167]   --->   Operation 37 'select' 'select_ln54_13' <Predicate = (tmp)> <Delay = 0.00> <Core = "Sel">   --->   Core 26 'Sel' <Latency = 0> <II = 1> <Delay = 0.69> <FuncUnit> <Opcode : 'select'> <InPorts = 3> <OutPorts = 1>
ST_1 : Operation 38 [1/1] (0.00ns) (grouped into LUT with out node xor_ln167)   --->   "%trunc_ln56_11 = trunc i32 %x_read to i14" [sha256_impl.c:56->sha256_impl.c:167]   --->   Operation 38 'trunc' 'trunc_ln56_11' <Predicate = (tmp & !tmp_6)> <Delay = 0.00>
ST_1 : Operation 39 [1/1] (0.00ns) (grouped into LUT with out node xor_ln167)   --->   "%lshr_ln56_3 = call i18 @_ssdm_op_PartSelect.i18.i32.i32.i32(i32 %x_read, i32 14, i32 31)" [sha256_impl.c:56->sha256_impl.c:167]   --->   Operation 39 'partselect' 'lshr_ln56_3' <Predicate = (tmp & !tmp_6)> <Delay = 0.00>
ST_1 : Operation 40 [1/1] (0.00ns) (grouped into LUT with out node xor_ln167)   --->   "%or_ln56_3 = call i32 @_ssdm_op_BitConcatenate.i32.i14.i18(i14 %trunc_ln56_11, i18 %lshr_ln56_3)" [sha256_impl.c:56->sha256_impl.c:167]   --->   Operation 40 'bitconcatenate' 'or_ln56_3' <Predicate = (tmp & !tmp_6)> <Delay = 0.00>
ST_1 : Operation 41 [1/1] (0.00ns) (grouped into LUT with out node xor_ln167)   --->   "%lshr_ln60_3 = call i14 @_ssdm_op_PartSelect.i14.i32.i32.i32(i32 %x_read, i32 18, i32 31)" [sha256_impl.c:60->sha256_impl.c:167]   --->   Operation 41 'partselect' 'lshr_ln60_3' <Predicate = (tmp & tmp_6)> <Delay = 0.00>
ST_1 : Operation 42 [1/1] (0.00ns) (grouped into LUT with out node xor_ln167)   --->   "%trunc_ln60_11 = trunc i32 %x_read to i18" [sha256_impl.c:60->sha256_impl.c:167]   --->   Operation 42 'trunc' 'trunc_ln60_11' <Predicate = (tmp & tmp_6)> <Delay = 0.00>
ST_1 : Operation 43 [1/1] (0.00ns) (grouped into LUT with out node xor_ln167)   --->   "%or_ln60_3 = call i32 @_ssdm_op_BitConcatenate.i32.i18.i14(i18 %trunc_ln60_11, i14 %lshr_ln60_3)" [sha256_impl.c:60->sha256_impl.c:167]   --->   Operation 43 'bitconcatenate' 'or_ln60_3' <Predicate = (tmp & tmp_6)> <Delay = 0.00>
ST_1 : Operation 44 [1/1] (0.00ns) (grouped into LUT with out node xor_ln167)   --->   "%select_ln54_14 = select i1 %tmp_6, i32 %or_ln60_3, i32 %or_ln56_3" [sha256_impl.c:54->sha256_impl.c:167]   --->   Operation 44 'select' 'select_ln54_14' <Predicate = (tmp)> <Delay = 0.00> <Core = "Sel">   --->   Core 26 'Sel' <Latency = 0> <II = 1> <Delay = 0.69> <FuncUnit> <Opcode : 'select'> <InPorts = 3> <OutPorts = 1>
ST_1 : Operation 45 [1/1] (0.99ns) (out node of the LUT)   --->   "%xor_ln167 = xor i32 %select_ln54_14, %select_ln54_13" [sha256_impl.c:167]   --->   Operation 45 'xor' 'xor_ln167' <Predicate = (tmp)> <Delay = 0.99> <Core = "LogicGate">   --->   Core 27 'LogicGate' <Latency = 0> <II = 1> <Delay = 0.99> <FuncUnit> <Opcode : 'and' 'or' 'xor'> <InPorts = 2> <OutPorts = 1>
ST_1 : Operation 46 [1/1] (1.76ns)   --->   "br label %3" [sha256_impl.c:167]   --->   Operation 46 'br' <Predicate = (tmp)> <Delay = 1.76>
ST_1 : Operation 47 [1/1] (0.00ns)   --->   "%p_0 = phi i32 [ %xor_ln161_1, %1 ], [ %xor_ln167, %2 ]" [sha256_impl.c:161]   --->   Operation 47 'phi' 'p_0' <Predicate = true> <Delay = 0.00>
ST_1 : Operation 48 [1/1] (0.00ns)   --->   "ret i32 %p_0" [sha256_impl.c:174]   --->   Operation 48 'ret' <Predicate = true> <Delay = 0.00>


============================================================
+ Verbose Summary: Binding
============================================================
STG Binding: 
---------------- STG Properties BEGIN ----------------
- Is combinational: 1
- Is one-state seq: 0
- Is datapath-only: 0
- Is pipelined: 1
- Is top level: 0
Port [ Return ] is wired: 1; IO mode=ap_ctrl_hs:ce=0
Port [ x]:  wired=1; compound=0; hidden=0; nouse=0; global=0; static=0; extern=0; dir=0; type=0; pingpong=0; private_global=0; IO mode=ap_none:ce=0
Port [ rtl_key_r]:  wired=1; compound=0; hidden=0; nouse=0; global=1; static=1; extern=0; dir=0; type=0; pingpong=0; private_global=0; linkage=7; visibility=0; IO mode=ap_none:ce=0
---------------- STG Properties END ------------------

---------------- Datapath Model BEGIN ----------------

<LifeTime>
<method=bitvector/>
x_read         (read          ) [ 00]
rtl_key_load   (load          ) [ 00]
tmp            (bitselect     ) [ 01]
tmp_6          (bitselect     ) [ 01]
br_ln159       (br            ) [ 00]
trunc_ln56_12  (trunc         ) [ 00]
lshr_ln        (partselect    ) [ 00]
or_ln          (bitconcatenate) [ 00]
lshr_ln1       (partselect    ) [ 00]
trunc_ln60_12  (trunc         ) [ 00]
or_ln4         (bitconcatenate) [ 00]
select_ln54    (select        ) [ 00]
trunc_ln56_13  (trunc         ) [ 00]
lshr_ln56_s    (partselect    ) [ 00]
or_ln56_s      (bitconcatenate) [ 00]
lshr_ln60_s    (partselect    ) [ 00]
trunc_ln60_13  (trunc         ) [ 00]
or_ln60_s      (bitconcatenate) [ 00]
select_ln54_11 (select        ) [ 00]
trunc_ln56_14  (trunc         ) [ 00]
lshr_ln56_1    (partselect    ) [ 00]
or_ln56_1      (bitconcatenate) [ 00]
lshr_ln60_1    (partselect    ) [ 00]
trunc_ln60_14  (trunc         ) [ 00]
or_ln60_1      (bitconcatenate) [ 00]
select_ln54_12 (select        ) [ 00]
xor_ln161      (xor           ) [ 00]
xor_ln161_1    (xor           ) [ 00]
br_ln161       (br            ) [ 00]
trunc_ln56     (trunc         ) [ 00]
lshr_ln56_2    (partselect    ) [ 00]
or_ln56_2      (bitconcatenate) [ 00]
lshr_ln60_2    (partselect    ) [ 00]
trunc_ln60     (trunc         ) [ 00]
or_ln60_2      (bitconcatenate) [ 00]
select_ln54_13 (select        ) [ 00]
trunc_ln56_11  (trunc         ) [ 00]
lshr_ln56_3    (partselect    ) [ 00]
or_ln56_3      (bitconcatenate) [ 00]
lshr_ln60_3    (partselect    ) [ 00]
trunc_ln60_11  (trunc         ) [ 00]
or_ln60_3      (bitconcatenate) [ 00]
select_ln54_14 (select        ) [ 00]
xor_ln167      (xor           ) [ 00]
br_ln167       (br            ) [ 00]
p_0            (phi           ) [ 00]
ret_ln174      (ret           ) [ 00]
</LifeTime>

<model>

<comp_list>
<comp id="0" class="1000" name="x">
<pin_list>
<pin id="1" dir="1" index="0" bw="1" slack="0"/>
</pin_list>
<bind>
<StgValue><ssdm name="x"/></StgValue>
</bind>
</comp>

<comp id="2" class="1000" name="rtl_key_r">
<pin_list>
<pin id="3" dir="1" index="0" bw="1" slack="0"/>
</pin_list>
<bind>
<StgValue><ssdm name="rtl_key_r"/></StgValue>
</bind>
</comp>

<comp id="4" class="1001" name="const_4">
<pin_list>
<pin id="5" dir="1" index="0" bw="1" slack="0"/>
</pin_list>
<bind>
<StgValue><ssdm name="_ssdm_op_Read.ap_auto.i32"/></StgValue>
</bind>
</comp>

<comp id="6" class="1001" name="const_6">
<pin_list>
<pin id="7" dir="1" index="0" bw="1" slack="0"/>
</pin_list>
<bind>
<StgValue><ssdm name="_ssdm_op_BitSelect.i1.i32.i32"/></StgValue>
</bind>
</comp>

<comp id="8" class="1001" name="const_8">
<pin_list>
<pin id="9" dir="1" index="0" bw="1" slack="0"/>
</pin_list>
<bind>
<StgValue><ssdm name=""/></StgValue>
</bind>
</comp>

<comp id="10" class="1001" name="const_10">
<pin_list>
<pin id="11" dir="1" index="0" bw="1" slack="0"/>
</pin_list>
<bind>
<StgValue><ssdm name=""/></StgValue>
</bind>
</comp>

<comp id="12" class="1001" name="const_12">
<pin_list>
<pin id="13" dir="1" index="0" bw="1" slack="0"/>
</pin_list>
<bind>
<StgValue><ssdm name="_ssdm_op_PartSelect.i2.i32.i32.i32"/></StgValue>
</bind>
</comp>

<comp id="14" class="1001" name="const_14">
<pin_list>
<pin id="15" dir="1" index="0" bw="1" slack="0"/>
</pin_list>
<bind>
<StgValue><ssdm name=""/></StgValue>
</bind>
</comp>

<comp id="16" class="1001" name="const_16">
<pin_list>
<pin id="17" dir="1" index="0" bw="1" slack="0"/>
</pin_list>
<bind>
<StgValue><ssdm name=""/></StgValue>
</bind>
</comp>

<comp id="18" class="1001" name="const_18">
<pin_list>
<pin id="19" dir="1" index="0" bw="1" slack="0"/>
</pin_list>
<bind>
<StgValue><ssdm name="_ssdm_op_BitConcatenate.i32.i30.i2"/></StgValue>
</bind>
</comp>

<comp id="20" class="1001" name="const_20">
<pin_list>
<pin id="21" dir="1" index="0" bw="1" slack="0"/>
</pin_list>
<bind>
<StgValue><ssdm name="_ssdm_op_PartSelect.i30.i32.i32.i32"/></StgValue>
</bind>
</comp>

<comp id="22" class="1001" name="const_22">
<pin_list>
<pin id="23" dir="1" index="0" bw="1" slack="0"/>
</pin_list>
<bind>
<StgValue><ssdm name=""/></StgValue>
</bind>
</comp>

<comp id="24" class="1001" name="const_24">
<pin_list>
<pin id="25" dir="1" index="0" bw="1" slack="0"/>
</pin_list>
<bind>
<StgValue><ssdm name="_ssdm_op_BitConcatenate.i32.i2.i30"/></StgValue>
</bind>
</comp>

<comp id="26" class="1001" name="const_26">
<pin_list>
<pin id="27" dir="1" index="0" bw="1" slack="0"/>
</pin_list>
<bind>
<StgValue><ssdm name="_ssdm_op_PartSelect.i13.i32.i32.i32"/></StgValue>
</bind>
</comp>

<comp id="28" class="1001" name="const_28">
<pin_list>
<pin id="29" dir="1" index="0" bw="1" slack="0"/>
</pin_list>
<bind>
<StgValue><ssdm name=""/></StgValue>
</bind>
</comp>

<comp id="30" class="1001" name="const_30">
<pin_list>
<pin id="31" dir="1" index="0" bw="1" slack="0"/>
</pin_list>
<bind>
<StgValue><ssdm name="_ssdm_op_BitConcatenate.i32.i19.i13"/></StgValue>
</bind>
</comp>

<comp id="32" class="1001" name="const_32">
<pin_list>
<pin id="33" dir="1" index="0" bw="1" slack="0"/>
</pin_list>
<bind>
<StgValue><ssdm name="_ssdm_op_PartSelect.i19.i32.i32.i32"/></StgValue>
</bind>
</comp>

<comp id="34" class="1001" name="const_34">
<pin_list>
<pin id="35" dir="1" index="0" bw="1" slack="0"/>
</pin_list>
<bind>
<StgValue><ssdm name=""/></StgValue>
</bind>
</comp>

<comp id="36" class="1001" name="const_36">
<pin_list>
<pin id="37" dir="1" index="0" bw="1" slack="0"/>
</pin_list>
<bind>
<StgValue><ssdm name="_ssdm_op_BitConcatenate.i32.i13.i19"/></StgValue>
</bind>
</comp>

<comp id="38" class="1001" name="const_38">
<pin_list>
<pin id="39" dir="1" index="0" bw="1" slack="0"/>
</pin_list>
<bind>
<StgValue><ssdm name="_ssdm_op_PartSelect.i22.i32.i32.i32"/></StgValue>
</bind>
</comp>

<comp id="40" class="1001" name="const_40">
<pin_list>
<pin id="41" dir="1" index="0" bw="1" slack="0"/>
</pin_list>
<bind>
<StgValue><ssdm name=""/></StgValue>
</bind>
</comp>

<comp id="42" class="1001" name="const_42">
<pin_list>
<pin id="43" dir="1" index="0" bw="1" slack="0"/>
</pin_list>
<bind>
<StgValue><ssdm name="_ssdm_op_BitConcatenate.i32.i10.i22"/></StgValue>
</bind>
</comp>

<comp id="44" class="1001" name="const_44">
<pin_list>
<pin id="45" dir="1" index="0" bw="1" slack="0"/>
</pin_list>
<bind>
<StgValue><ssdm name="_ssdm_op_PartSelect.i10.i32.i32.i32"/></StgValue>
</bind>
</comp>

<comp id="46" class="1001" name="const_46">
<pin_list>
<pin id="47" dir="1" index="0" bw="1" slack="0"/>
</pin_list>
<bind>
<StgValue><ssdm name=""/></StgValue>
</bind>
</comp>

<comp id="48" class="1001" name="const_48">
<pin_list>
<pin id="49" dir="1" index="0" bw="1" slack="0"/>
</pin_list>
<bind>
<StgValue><ssdm name="_ssdm_op_BitConcatenate.i32.i22.i10"/></StgValue>
</bind>
</comp>

<comp id="50" class="1001" name="const_50">
<pin_list>
<pin id="51" dir="1" index="0" bw="1" slack="0"/>
</pin_list>
<bind>
<StgValue><ssdm name="_ssdm_op_PartSelect.i6.i32.i32.i32"/></StgValue>
</bind>
</comp>

<comp id="52" class="1001" name="const_52">
<pin_list>
<pin id="53" dir="1" index="0" bw="1" slack="0"/>
</pin_list>
<bind>
<StgValue><ssdm name=""/></StgValue>
</bind>
</comp>

<comp id="54" class="1001" name="const_54">
<pin_list>
<pin id="55" dir="1" index="0" bw="1" slack="0"/>
</pin_list>
<bind>
<StgValue><ssdm name="_ssdm_op_BitConcatenate.i32.i26.i6"/></StgValue>
</bind>
</comp>

<comp id="56" class="1001" name="const_56">
<pin_list>
<pin id="57" dir="1" index="0" bw="1" slack="0"/>
</pin_list>
<bind>
<StgValue><ssdm name="_ssdm_op_PartSelect.i26.i32.i32.i32"/></StgValue>
</bind>
</comp>

<comp id="58" class="1001" name="const_58">
<pin_list>
<pin id="59" dir="1" index="0" bw="1" slack="0"/>
</pin_list>
<bind>
<StgValue><ssdm name="_ssdm_op_BitConcatenate.i32.i6.i26"/></StgValue>
</bind>
</comp>

<comp id="60" class="1001" name="const_60">
<pin_list>
<pin id="61" dir="1" index="0" bw="1" slack="0"/>
</pin_list>
<bind>
<StgValue><ssdm name="_ssdm_op_PartSelect.i18.i32.i32.i32"/></StgValue>
</bind>
</comp>

<comp id="62" class="1001" name="const_62">
<pin_list>
<pin id="63" dir="1" index="0" bw="1" slack="0"/>
</pin_list>
<bind>
<StgValue><ssdm name=""/></StgValue>
</bind>
</comp>

<comp id="64" class="1001" name="const_64">
<pin_list>
<pin id="65" dir="1" index="0" bw="1" slack="0"/>
</pin_list>
<bind>
<StgValue><ssdm name="_ssdm_op_BitConcatenate.i32.i14.i18"/></StgValue>
</bind>
</comp>

<comp id="66" class="1001" name="const_66">
<pin_list>
<pin id="67" dir="1" index="0" bw="1" slack="0"/>
</pin_list>
<bind>
<StgValue><ssdm name="_ssdm_op_PartSelect.i14.i32.i32.i32"/></StgValue>
</bind>
</comp>

<comp id="68" class="1001" name="const_68">
<pin_list>
<pin id="69" dir="1" index="0" bw="1" slack="0"/>
</pin_list>
<bind>
<StgValue><ssdm name=""/></StgValue>
</bind>
</comp>

<comp id="70" class="1001" name="const_70">
<pin_list>
<pin id="71" dir="1" index="0" bw="1" slack="0"/>
</pin_list>
<bind>
<StgValue><ssdm name="_ssdm_op_BitConcatenate.i32.i18.i14"/></StgValue>
</bind>
</comp>

<comp id="72" class="1004" name="x_read_read_fu_72">
<pin_list>
<pin id="73" dir="0" index="0" bw="32" slack="0"/>
<pin id="74" dir="0" index="1" bw="32" slack="0"/>
<pin id="75" dir="1" index="2" bw="32" slack="0"/>
</pin_list>
<bind>
<opcode="read(1150) " fcode="read"/>
<opset="x_read/1 "/>
</bind>
</comp>

<comp id="78" class="1005" name="p_0_reg_78">
<pin_list>
<pin id="79" dir="0" index="0" bw="32" slack="2147483647"/>
<pin id="80" dir="1" index="1" bw="32" slack="2147483647"/>
</pin_list>
<bind>
<opset="p_0 (phireg) "/>
</bind>
</comp>

<comp id="81" class="1004" name="p_0_phi_fu_81">
<pin_list>
<pin id="82" dir="0" index="0" bw="32" slack="0"/>
<pin id="83" dir="0" index="1" bw="0" slack="2147483647"/>
<pin id="84" dir="0" index="2" bw="32" slack="0"/>
<pin id="85" dir="0" index="3" bw="0" slack="2147483647"/>
<pin id="86" dir="1" index="4" bw="32" slack="2147483647"/>
</pin_list>
<bind>
<opcode="phi(47) " fcode="phi"/>
<opset="p_0/1 "/>
</bind>
</comp>

<comp id="87" class="1004" name="rtl_key_load_load_fu_87">
<pin_list>
<pin id="88" dir="0" index="0" bw="32" slack="0"/>
<pin id="89" dir="1" index="1" bw="32" slack="0"/>
</pin_list>
<bind>
<opcode="load(27) " fcode="load"/>
<opset="rtl_key_load/1 "/>
</bind>
</comp>

<comp id="91" class="1004" name="tmp_fu_91">
<pin_list>
<pin id="92" dir="0" index="0" bw="1" slack="0"/>
<pin id="93" dir="0" index="1" bw="32" slack="0"/>
<pin id="94" dir="0" index="2" bw="3" slack="0"/>
<pin id="95" dir="1" index="3" bw="1" slack="2147483647"/>
</pin_list>
<bind>
<opcode="bitselect(1000) " fcode="bitselect"/>
<opset="tmp/1 "/>
</bind>
</comp>

<comp id="99" class="1004" name="tmp_6_fu_99">
<pin_list>
<pin id="100" dir="0" index="0" bw="1" slack="0"/>
<pin id="101" dir="0" index="1" bw="32" slack="0"/>
<pin id="102" dir="0" index="2" bw="4" slack="0"/>
<pin id="103" dir="1" index="3" bw="1" slack="0"/>
</pin_list>
<bind>
<opcode="bitselect(1000) " fcode="bitselect"/>
<opset="tmp_6/1 "/>
</bind>
</comp>

<comp id="107" class="1004" name="trunc_ln56_12_fu_107">
<pin_list>
<pin id="108" dir="0" index="0" bw="32" slack="0"/>
<pin id="109" dir="1" index="1" bw="30" slack="0"/>
</pin_list>
<bind>
<opcode="trunc(33) " fcode="trunc"/>
<opset="trunc_ln56_12/1 "/>
</bind>
</comp>

<comp id="111" class="1004" name="lshr_ln_fu_111">
<pin_list>
<pin id="112" dir="0" index="0" bw="2" slack="0"/>
<pin id="113" dir="0" index="1" bw="32" slack="0"/>
<pin id="114" dir="0" index="2" bw="6" slack="0"/>
<pin id="115" dir="0" index="3" bw="6" slack="0"/>
<pin id="116" dir="1" index="4" bw="2" slack="0"/>
</pin_list>
<bind>
<opcode="partselect(1002) " fcode="partselect"/>
<opset="lshr_ln/1 "/>
</bind>
</comp>

<comp id="121" class="1004" name="or_ln_fu_121">
<pin_list>
<pin id="122" dir="0" index="0" bw="32" slack="0"/>
<pin id="123" dir="0" index="1" bw="30" slack="0"/>
<pin id="124" dir="0" index="2" bw="2" slack="0"/>
<pin id="125" dir="1" index="3" bw="32" slack="0"/>
</pin_list>
<bind>
<opcode="bitconcatenate(1004) " fcode="bitconcatenate"/>
<opset="or_ln/1 "/>
</bind>
</comp>

<comp id="129" class="1004" name="lshr_ln1_fu_129">
<pin_list>
<pin id="130" dir="0" index="0" bw="30" slack="0"/>
<pin id="131" dir="0" index="1" bw="32" slack="0"/>
<pin id="132" dir="0" index="2" bw="3" slack="0"/>
<pin id="133" dir="0" index="3" bw="6" slack="0"/>
<pin id="134" dir="1" index="4" bw="30" slack="0"/>
</pin_list>
<bind>
<opcode="partselect(1002) " fcode="partselect"/>
<opset="lshr_ln1/1 "/>
</bind>
</comp>

<comp id="139" class="1004" name="trunc_ln60_12_fu_139">
<pin_list>
<pin id="140" dir="0" index="0" bw="32" slack="0"/>
<pin id="141" dir="1" index="1" bw="2" slack="0"/>
</pin_list>
<bind>
<opcode="trunc(33) " fcode="trunc"/>
<opset="trunc_ln60_12/1 "/>
</bind>
</comp>

<comp id="143" class="1004" name="or_ln4_fu_143">
<pin_list>
<pin id="144" dir="0" index="0" bw="32" slack="0"/>
<pin id="145" dir="0" index="1" bw="2" slack="0"/>
<pin id="146" dir="0" index="2" bw="30" slack="0"/>
<pin id="147" dir="1" index="3" bw="32" slack="0"/>
</pin_list>
<bind>
<opcode="bitconcatenate(1004) " fcode="bitconcatenate"/>
<opset="or_ln4/1 "/>
</bind>
</comp>

<comp id="151" class="1004" name="select_ln54_fu_151">
<pin_list>
<pin id="152" dir="0" index="0" bw="1" slack="0"/>
<pin id="153" dir="0" index="1" bw="32" slack="0"/>
<pin id="154" dir="0" index="2" bw="32" slack="0"/>
<pin id="155" dir="1" index="3" bw="32" slack="0"/>
</pin_list>
<bind>
<opcode="select(49) " fcode="select"/>
<opset="select_ln54/1 "/>
</bind>
</comp>

<comp id="159" class="1004" name="trunc_ln56_13_fu_159">
<pin_list>
<pin id="160" dir="0" index="0" bw="32" slack="0"/>
<pin id="161" dir="1" index="1" bw="19" slack="0"/>
</pin_list>
<bind>
<opcode="trunc(33) " fcode="trunc"/>
<opset="trunc_ln56_13/1 "/>
</bind>
</comp>

<comp id="163" class="1004" name="lshr_ln56_s_fu_163">
<pin_list>
<pin id="164" dir="0" index="0" bw="13" slack="0"/>
<pin id="165" dir="0" index="1" bw="32" slack="0"/>
<pin id="166" dir="0" index="2" bw="6" slack="0"/>
<pin id="167" dir="0" index="3" bw="6" slack="0"/>
<pin id="168" dir="1" index="4" bw="13" slack="0"/>
</pin_list>
<bind>
<opcode="partselect(1002) " fcode="partselect"/>
<opset="lshr_ln56_s/1 "/>
</bind>
</comp>

<comp id="173" class="1004" name="or_ln56_s_fu_173">
<pin_list>
<pin id="174" dir="0" index="0" bw="32" slack="0"/>
<pin id="175" dir="0" index="1" bw="19" slack="0"/>
<pin id="176" dir="0" index="2" bw="13" slack="0"/>
<pin id="177" dir="1" index="3" bw="32" slack="0"/>
</pin_list>
<bind>
<opcode="bitconcatenate(1004) " fcode="bitconcatenate"/>
<opset="or_ln56_s/1 "/>
</bind>
</comp>

<comp id="181" class="1004" name="lshr_ln60_s_fu_181">
<pin_list>
<pin id="182" dir="0" index="0" bw="19" slack="0"/>
<pin id="183" dir="0" index="1" bw="32" slack="0"/>
<pin id="184" dir="0" index="2" bw="5" slack="0"/>
<pin id="185" dir="0" index="3" bw="6" slack="0"/>
<pin id="186" dir="1" index="4" bw="19" slack="0"/>
</pin_list>
<bind>
<opcode="partselect(1002) " fcode="partselect"/>
<opset="lshr_ln60_s/1 "/>
</bind>
</comp>

<comp id="191" class="1004" name="trunc_ln60_13_fu_191">
<pin_list>
<pin id="192" dir="0" index="0" bw="32" slack="0"/>
<pin id="193" dir="1" index="1" bw="13" slack="0"/>
</pin_list>
<bind>
<opcode="trunc(33) " fcode="trunc"/>
<opset="trunc_ln60_13/1 "/>
</bind>
</comp>

<comp id="195" class="1004" name="or_ln60_s_fu_195">
<pin_list>
<pin id="196" dir="0" index="0" bw="32" slack="0"/>
<pin id="197" dir="0" index="1" bw="13" slack="0"/>
<pin id="198" dir="0" index="2" bw="19" slack="0"/>
<pin id="199" dir="1" index="3" bw="32" slack="0"/>
</pin_list>
<bind>
<opcode="bitconcatenate(1004) " fcode="bitconcatenate"/>
<opset="or_ln60_s/1 "/>
</bind>
</comp>

<comp id="203" class="1004" name="select_ln54_11_fu_203">
<pin_list>
<pin id="204" dir="0" index="0" bw="1" slack="0"/>
<pin id="205" dir="0" index="1" bw="32" slack="0"/>
<pin id="206" dir="0" index="2" bw="32" slack="0"/>
<pin id="207" dir="1" index="3" bw="32" slack="0"/>
</pin_list>
<bind>
<opcode="select(49) " fcode="select"/>
<opset="select_ln54_11/1 "/>
</bind>
</comp>

<comp id="211" class="1004" name="trunc_ln56_14_fu_211">
<pin_list>
<pin id="212" dir="0" index="0" bw="32" slack="0"/>
<pin id="213" dir="1" index="1" bw="10" slack="0"/>
</pin_list>
<bind>
<opcode="trunc(33) " fcode="trunc"/>
<opset="trunc_ln56_14/1 "/>
</bind>
</comp>

<comp id="215" class="1004" name="lshr_ln56_1_fu_215">
<pin_list>
<pin id="216" dir="0" index="0" bw="22" slack="0"/>
<pin id="217" dir="0" index="1" bw="32" slack="0"/>
<pin id="218" dir="0" index="2" bw="5" slack="0"/>
<pin id="219" dir="0" index="3" bw="6" slack="0"/>
<pin id="220" dir="1" index="4" bw="22" slack="0"/>
</pin_list>
<bind>
<opcode="partselect(1002) " fcode="partselect"/>
<opset="lshr_ln56_1/1 "/>
</bind>
</comp>

<comp id="225" class="1004" name="or_ln56_1_fu_225">
<pin_list>
<pin id="226" dir="0" index="0" bw="32" slack="0"/>
<pin id="227" dir="0" index="1" bw="10" slack="0"/>
<pin id="228" dir="0" index="2" bw="22" slack="0"/>
<pin id="229" dir="1" index="3" bw="32" slack="0"/>
</pin_list>
<bind>
<opcode="bitconcatenate(1004) " fcode="bitconcatenate"/>
<opset="or_ln56_1/1 "/>
</bind>
</comp>

<comp id="233" class="1004" name="lshr_ln60_1_fu_233">
<pin_list>
<pin id="234" dir="0" index="0" bw="10" slack="0"/>
<pin id="235" dir="0" index="1" bw="32" slack="0"/>
<pin id="236" dir="0" index="2" bw="6" slack="0"/>
<pin id="237" dir="0" index="3" bw="6" slack="0"/>
<pin id="238" dir="1" index="4" bw="10" slack="0"/>
</pin_list>
<bind>
<opcode="partselect(1002) " fcode="partselect"/>
<opset="lshr_ln60_1/1 "/>
</bind>
</comp>

<comp id="243" class="1004" name="trunc_ln60_14_fu_243">
<pin_list>
<pin id="244" dir="0" index="0" bw="32" slack="0"/>
<pin id="245" dir="1" index="1" bw="22" slack="0"/>
</pin_list>
<bind>
<opcode="trunc(33) " fcode="trunc"/>
<opset="trunc_ln60_14/1 "/>
</bind>
</comp>

<comp id="247" class="1004" name="or_ln60_1_fu_247">
<pin_list>
<pin id="248" dir="0" index="0" bw="32" slack="0"/>
<pin id="249" dir="0" index="1" bw="22" slack="0"/>
<pin id="250" dir="0" index="2" bw="10" slack="0"/>
<pin id="251" dir="1" index="3" bw="32" slack="0"/>
</pin_list>
<bind>
<opcode="bitconcatenate(1004) " fcode="bitconcatenate"/>
<opset="or_ln60_1/1 "/>
</bind>
</comp>

<comp id="255" class="1004" name="select_ln54_12_fu_255">
<pin_list>
<pin id="256" dir="0" index="0" bw="1" slack="0"/>
<pin id="257" dir="0" index="1" bw="32" slack="0"/>
<pin id="258" dir="0" index="2" bw="32" slack="0"/>
<pin id="259" dir="1" index="3" bw="32" slack="0"/>
</pin_list>
<bind>
<opcode="select(49) " fcode="select"/>
<opset="select_ln54_12/1 "/>
</bind>
</comp>

<comp id="263" class="1004" name="xor_ln161_fu_263">
<pin_list>
<pin id="264" dir="0" index="0" bw="32" slack="0"/>
<pin id="265" dir="0" index="1" bw="32" slack="0"/>
<pin id="266" dir="1" index="2" bw="32" slack="0"/>
</pin_list>
<bind>
<opcode="xor(25) " fcode="xor"/>
<opset="xor_ln161/1 "/>
</bind>
</comp>

<comp id="269" class="1004" name="xor_ln161_1_fu_269">
<pin_list>
<pin id="270" dir="0" index="0" bw="32" slack="0"/>
<pin id="271" dir="0" index="1" bw="32" slack="0"/>
<pin id="272" dir="1" index="2" bw="32" slack="0"/>
</pin_list>
<bind>
<opcode="xor(25) " fcode="xor"/>
<opset="xor_ln161_1/1 "/>
</bind>
</comp>

<comp id="276" class="1004" name="trunc_ln56_fu_276">
<pin_list>
<pin id="277" dir="0" index="0" bw="32" slack="0"/>
<pin id="278" dir="1" index="1" bw="26" slack="0"/>
</pin_list>
<bind>
<opcode="trunc(33) " fcode="trunc"/>
<opset="trunc_ln56/1 "/>
</bind>
</comp>

<comp id="280" class="1004" name="lshr_ln56_2_fu_280">
<pin_list>
<pin id="281" dir="0" index="0" bw="6" slack="0"/>
<pin id="282" dir="0" index="1" bw="32" slack="0"/>
<pin id="283" dir="0" index="2" bw="6" slack="0"/>
<pin id="284" dir="0" index="3" bw="6" slack="0"/>
<pin id="285" dir="1" index="4" bw="6" slack="0"/>
</pin_list>
<bind>
<opcode="partselect(1002) " fcode="partselect"/>
<opset="lshr_ln56_2/1 "/>
</bind>
</comp>

<comp id="290" class="1004" name="or_ln56_2_fu_290">
<pin_list>
<pin id="291" dir="0" index="0" bw="32" slack="0"/>
<pin id="292" dir="0" index="1" bw="26" slack="0"/>
<pin id="293" dir="0" index="2" bw="6" slack="0"/>
<pin id="294" dir="1" index="3" bw="32" slack="0"/>
</pin_list>
<bind>
<opcode="bitconcatenate(1004) " fcode="bitconcatenate"/>
<opset="or_ln56_2/1 "/>
</bind>
</comp>

<comp id="298" class="1004" name="lshr_ln60_2_fu_298">
<pin_list>
<pin id="299" dir="0" index="0" bw="26" slack="0"/>
<pin id="300" dir="0" index="1" bw="32" slack="0"/>
<pin id="301" dir="0" index="2" bw="4" slack="0"/>
<pin id="302" dir="0" index="3" bw="6" slack="0"/>
<pin id="303" dir="1" index="4" bw="26" slack="0"/>
</pin_list>
<bind>
<opcode="partselect(1002) " fcode="partselect"/>
<opset="lshr_ln60_2/1 "/>
</bind>
</comp>

<comp id="308" class="1004" name="trunc_ln60_fu_308">
<pin_list>
<pin id="309" dir="0" index="0" bw="32" slack="0"/>
<pin id="310" dir="1" index="1" bw="6" slack="0"/>
</pin_list>
<bind>
<opcode="trunc(33) " fcode="trunc"/>
<opset="trunc_ln60/1 "/>
</bind>
</comp>

<comp id="312" class="1004" name="or_ln60_2_fu_312">
<pin_list>
<pin id="313" dir="0" index="0" bw="32" slack="0"/>
<pin id="314" dir="0" index="1" bw="6" slack="0"/>
<pin id="315" dir="0" index="2" bw="26" slack="0"/>
<pin id="316" dir="1" index="3" bw="32" slack="0"/>
</pin_list>
<bind>
<opcode="bitconcatenate(1004) " fcode="bitconcatenate"/>
<opset="or_ln60_2/1 "/>
</bind>
</comp>

<comp id="320" class="1004" name="select_ln54_13_fu_320">
<pin_list>
<pin id="321" dir="0" index="0" bw="1" slack="0"/>
<pin id="322" dir="0" index="1" bw="32" slack="0"/>
<pin id="323" dir="0" index="2" bw="32" slack="0"/>
<pin id="324" dir="1" index="3" bw="32" slack="0"/>
</pin_list>
<bind>
<opcode="select(49) " fcode="select"/>
<opset="select_ln54_13/1 "/>
</bind>
</comp>

<comp id="328" class="1004" name="trunc_ln56_11_fu_328">
<pin_list>
<pin id="329" dir="0" index="0" bw="32" slack="0"/>
<pin id="330" dir="1" index="1" bw="14" slack="0"/>
</pin_list>
<bind>
<opcode="trunc(33) " fcode="trunc"/>
<opset="trunc_ln56_11/1 "/>
</bind>
</comp>

<comp id="332" class="1004" name="lshr_ln56_3_fu_332">
<pin_list>
<pin id="333" dir="0" index="0" bw="18" slack="0"/>
<pin id="334" dir="0" index="1" bw="32" slack="0"/>
<pin id="335" dir="0" index="2" bw="5" slack="0"/>
<pin id="336" dir="0" index="3" bw="6" slack="0"/>
<pin id="337" dir="1" index="4" bw="18" slack="0"/>
</pin_list>
<bind>
<opcode="partselect(1002) " fcode="partselect"/>
<opset="lshr_ln56_3/1 "/>
</bind>
</comp>

<comp id="342" class="1004" name="or_ln56_3_fu_342">
<pin_list>
<pin id="343" dir="0" index="0" bw="32" slack="0"/>
<pin id="344" dir="0" index="1" bw="14" slack="0"/>
<pin id="345" dir="0" index="2" bw="18" slack="0"/>
<pin id="346" dir="1" index="3" bw="32" slack="0"/>
</pin_list>
<bind>
<opcode="bitconcatenate(1004) " fcode="bitconcatenate"/>
<opset="or_ln56_3/1 "/>
</bind>
</comp>

<comp id="350" class="1004" name="lshr_ln60_3_fu_350">
<pin_list>
<pin id="351" dir="0" index="0" bw="14" slack="0"/>
<pin id="352" dir="0" index="1" bw="32" slack="0"/>
<pin id="353" dir="0" index="2" bw="6" slack="0"/>
<pin id="354" dir="0" index="3" bw="6" slack="0"/>
<pin id="355" dir="1" index="4" bw="14" slack="0"/>
</pin_list>
<bind>
<opcode="partselect(1002) " fcode="partselect"/>
<opset="lshr_ln60_3/1 "/>
</bind>
</comp>

<comp id="360" class="1004" name="trunc_ln60_11_fu_360">
<pin_list>
<pin id="361" dir="0" index="0" bw="32" slack="0"/>
<pin id="362" dir="1" index="1" bw="18" slack="0"/>
</pin_list>
<bind>
<opcode="trunc(33) " fcode="trunc"/>
<opset="trunc_ln60_11/1 "/>
</bind>
</comp>

<comp id="364" class="1004" name="or_ln60_3_fu_364">
<pin_list>
<pin id="365" dir="0" index="0" bw="32" slack="0"/>
<pin id="366" dir="0" index="1" bw="18" slack="0"/>
<pin id="367" dir="0" index="2" bw="14" slack="0"/>
<pin id="368" dir="1" index="3" bw="32" slack="0"/>
</pin_list>
<bind>
<opcode="bitconcatenate(1004) " fcode="bitconcatenate"/>
<opset="or_ln60_3/1 "/>
</bind>
</comp>

<comp id="372" class="1004" name="select_ln54_14_fu_372">
<pin_list>
<pin id="373" dir="0" index="0" bw="1" slack="0"/>
<pin id="374" dir="0" index="1" bw="32" slack="0"/>
<pin id="375" dir="0" index="2" bw="32" slack="0"/>
<pin id="376" dir="1" index="3" bw="32" slack="0"/>
</pin_list>
<bind>
<opcode="select(49) " fcode="select"/>
<opset="select_ln54_14/1 "/>
</bind>
</comp>

<comp id="380" class="1004" name="xor_ln167_fu_380">
<pin_list>
<pin id="381" dir="0" index="0" bw="32" slack="0"/>
<pin id="382" dir="0" index="1" bw="32" slack="0"/>
<pin id="383" dir="1" index="2" bw="32" slack="0"/>
</pin_list>
<bind>
<opcode="xor(25) " fcode="xor"/>
<opset="xor_ln167/1 "/>
</bind>
</comp>

</comp_list>

<net_list>
<net id="76"><net_src comp="4" pin="0"/><net_sink comp="72" pin=0"/></net>

<net id="77"><net_src comp="0" pin="0"/><net_sink comp="72" pin=1"/></net>

<net id="90"><net_src comp="2" pin="0"/><net_sink comp="87" pin=0"/></net>

<net id="96"><net_src comp="6" pin="0"/><net_sink comp="91" pin=0"/></net>

<net id="97"><net_src comp="87" pin="1"/><net_sink comp="91" pin=1"/></net>

<net id="98"><net_src comp="8" pin="0"/><net_sink comp="91" pin=2"/></net>

<net id="104"><net_src comp="6" pin="0"/><net_sink comp="99" pin=0"/></net>

<net id="105"><net_src comp="87" pin="1"/><net_sink comp="99" pin=1"/></net>

<net id="106"><net_src comp="10" pin="0"/><net_sink comp="99" pin=2"/></net>

<net id="110"><net_src comp="72" pin="2"/><net_sink comp="107" pin=0"/></net>

<net id="117"><net_src comp="12" pin="0"/><net_sink comp="111" pin=0"/></net>

<net id="118"><net_src comp="72" pin="2"/><net_sink comp="111" pin=1"/></net>

<net id="119"><net_src comp="14" pin="0"/><net_sink comp="111" pin=2"/></net>

<net id="120"><net_src comp="16" pin="0"/><net_sink comp="111" pin=3"/></net>

<net id="126"><net_src comp="18" pin="0"/><net_sink comp="121" pin=0"/></net>

<net id="127"><net_src comp="107" pin="1"/><net_sink comp="121" pin=1"/></net>

<net id="128"><net_src comp="111" pin="4"/><net_sink comp="121" pin=2"/></net>

<net id="135"><net_src comp="20" pin="0"/><net_sink comp="129" pin=0"/></net>

<net id="136"><net_src comp="72" pin="2"/><net_sink comp="129" pin=1"/></net>

<net id="137"><net_src comp="22" pin="0"/><net_sink comp="129" pin=2"/></net>

<net id="138"><net_src comp="16" pin="0"/><net_sink comp="129" pin=3"/></net>

<net id="142"><net_src comp="72" pin="2"/><net_sink comp="139" pin=0"/></net>

<net id="148"><net_src comp="24" pin="0"/><net_sink comp="143" pin=0"/></net>

<net id="149"><net_src comp="139" pin="1"/><net_sink comp="143" pin=1"/></net>

<net id="150"><net_src comp="129" pin="4"/><net_sink comp="143" pin=2"/></net>

<net id="156"><net_src comp="99" pin="3"/><net_sink comp="151" pin=0"/></net>

<net id="157"><net_src comp="143" pin="3"/><net_sink comp="151" pin=1"/></net>

<net id="158"><net_src comp="121" pin="3"/><net_sink comp="151" pin=2"/></net>

<net id="162"><net_src comp="72" pin="2"/><net_sink comp="159" pin=0"/></net>

<net id="169"><net_src comp="26" pin="0"/><net_sink comp="163" pin=0"/></net>

<net id="170"><net_src comp="72" pin="2"/><net_sink comp="163" pin=1"/></net>

<net id="171"><net_src comp="28" pin="0"/><net_sink comp="163" pin=2"/></net>

<net id="172"><net_src comp="16" pin="0"/><net_sink comp="163" pin=3"/></net>

<net id="178"><net_src comp="30" pin="0"/><net_sink comp="173" pin=0"/></net>

<net id="179"><net_src comp="159" pin="1"/><net_sink comp="173" pin=1"/></net>

<net id="180"><net_src comp="163" pin="4"/><net_sink comp="173" pin=2"/></net>

<net id="187"><net_src comp="32" pin="0"/><net_sink comp="181" pin=0"/></net>

<net id="188"><net_src comp="72" pin="2"/><net_sink comp="181" pin=1"/></net>

<net id="189"><net_src comp="34" pin="0"/><net_sink comp="181" pin=2"/></net>

<net id="190"><net_src comp="16" pin="0"/><net_sink comp="181" pin=3"/></net>

<net id="194"><net_src comp="72" pin="2"/><net_sink comp="191" pin=0"/></net>

<net id="200"><net_src comp="36" pin="0"/><net_sink comp="195" pin=0"/></net>

<net id="201"><net_src comp="191" pin="1"/><net_sink comp="195" pin=1"/></net>

<net id="202"><net_src comp="181" pin="4"/><net_sink comp="195" pin=2"/></net>

<net id="208"><net_src comp="99" pin="3"/><net_sink comp="203" pin=0"/></net>

<net id="209"><net_src comp="195" pin="3"/><net_sink comp="203" pin=1"/></net>

<net id="210"><net_src comp="173" pin="3"/><net_sink comp="203" pin=2"/></net>

<net id="214"><net_src comp="72" pin="2"/><net_sink comp="211" pin=0"/></net>

<net id="221"><net_src comp="38" pin="0"/><net_sink comp="215" pin=0"/></net>

<net id="222"><net_src comp="72" pin="2"/><net_sink comp="215" pin=1"/></net>

<net id="223"><net_src comp="40" pin="0"/><net_sink comp="215" pin=2"/></net>

<net id="224"><net_src comp="16" pin="0"/><net_sink comp="215" pin=3"/></net>

<net id="230"><net_src comp="42" pin="0"/><net_sink comp="225" pin=0"/></net>

<net id="231"><net_src comp="211" pin="1"/><net_sink comp="225" pin=1"/></net>

<net id="232"><net_src comp="215" pin="4"/><net_sink comp="225" pin=2"/></net>

<net id="239"><net_src comp="44" pin="0"/><net_sink comp="233" pin=0"/></net>

<net id="240"><net_src comp="72" pin="2"/><net_sink comp="233" pin=1"/></net>

<net id="241"><net_src comp="46" pin="0"/><net_sink comp="233" pin=2"/></net>

<net id="242"><net_src comp="16" pin="0"/><net_sink comp="233" pin=3"/></net>

<net id="246"><net_src comp="72" pin="2"/><net_sink comp="243" pin=0"/></net>

<net id="252"><net_src comp="48" pin="0"/><net_sink comp="247" pin=0"/></net>

<net id="253"><net_src comp="243" pin="1"/><net_sink comp="247" pin=1"/></net>

<net id="254"><net_src comp="233" pin="4"/><net_sink comp="247" pin=2"/></net>

<net id="260"><net_src comp="99" pin="3"/><net_sink comp="255" pin=0"/></net>

<net id="261"><net_src comp="247" pin="3"/><net_sink comp="255" pin=1"/></net>

<net id="262"><net_src comp="225" pin="3"/><net_sink comp="255" pin=2"/></net>

<net id="267"><net_src comp="151" pin="3"/><net_sink comp="263" pin=0"/></net>

<net id="268"><net_src comp="255" pin="3"/><net_sink comp="263" pin=1"/></net>

<net id="273"><net_src comp="263" pin="2"/><net_sink comp="269" pin=0"/></net>

<net id="274"><net_src comp="203" pin="3"/><net_sink comp="269" pin=1"/></net>

<net id="275"><net_src comp="269" pin="2"/><net_sink comp="81" pin=0"/></net>

<net id="279"><net_src comp="72" pin="2"/><net_sink comp="276" pin=0"/></net>

<net id="286"><net_src comp="50" pin="0"/><net_sink comp="280" pin=0"/></net>

<net id="287"><net_src comp="72" pin="2"/><net_sink comp="280" pin=1"/></net>

<net id="288"><net_src comp="52" pin="0"/><net_sink comp="280" pin=2"/></net>

<net id="289"><net_src comp="16" pin="0"/><net_sink comp="280" pin=3"/></net>

<net id="295"><net_src comp="54" pin="0"/><net_sink comp="290" pin=0"/></net>

<net id="296"><net_src comp="276" pin="1"/><net_sink comp="290" pin=1"/></net>

<net id="297"><net_src comp="280" pin="4"/><net_sink comp="290" pin=2"/></net>

<net id="304"><net_src comp="56" pin="0"/><net_sink comp="298" pin=0"/></net>

<net id="305"><net_src comp="72" pin="2"/><net_sink comp="298" pin=1"/></net>

<net id="306"><net_src comp="10" pin="0"/><net_sink comp="298" pin=2"/></net>

<net id="307"><net_src comp="16" pin="0"/><net_sink comp="298" pin=3"/></net>

<net id="311"><net_src comp="72" pin="2"/><net_sink comp="308" pin=0"/></net>

<net id="317"><net_src comp="58" pin="0"/><net_sink comp="312" pin=0"/></net>

<net id="318"><net_src comp="308" pin="1"/><net_sink comp="312" pin=1"/></net>

<net id="319"><net_src comp="298" pin="4"/><net_sink comp="312" pin=2"/></net>

<net id="325"><net_src comp="99" pin="3"/><net_sink comp="320" pin=0"/></net>

<net id="326"><net_src comp="312" pin="3"/><net_sink comp="320" pin=1"/></net>

<net id="327"><net_src comp="290" pin="3"/><net_sink comp="320" pin=2"/></net>

<net id="331"><net_src comp="72" pin="2"/><net_sink comp="328" pin=0"/></net>

<net id="338"><net_src comp="60" pin="0"/><net_sink comp="332" pin=0"/></net>

<net id="339"><net_src comp="72" pin="2"/><net_sink comp="332" pin=1"/></net>

<net id="340"><net_src comp="62" pin="0"/><net_sink comp="332" pin=2"/></net>

<net id="341"><net_src comp="16" pin="0"/><net_sink comp="332" pin=3"/></net>

<net id="347"><net_src comp="64" pin="0"/><net_sink comp="342" pin=0"/></net>

<net id="348"><net_src comp="328" pin="1"/><net_sink comp="342" pin=1"/></net>

<net id="349"><net_src comp="332" pin="4"/><net_sink comp="342" pin=2"/></net>

<net id="356"><net_src comp="66" pin="0"/><net_sink comp="350" pin=0"/></net>

<net id="357"><net_src comp="72" pin="2"/><net_sink comp="350" pin=1"/></net>

<net id="358"><net_src comp="68" pin="0"/><net_sink comp="350" pin=2"/></net>

<net id="359"><net_src comp="16" pin="0"/><net_sink comp="350" pin=3"/></net>

<net id="363"><net_src comp="72" pin="2"/><net_sink comp="360" pin=0"/></net>

<net id="369"><net_src comp="70" pin="0"/><net_sink comp="364" pin=0"/></net>

<net id="370"><net_src comp="360" pin="1"/><net_sink comp="364" pin=1"/></net>

<net id="371"><net_src comp="350" pin="4"/><net_sink comp="364" pin=2"/></net>

<net id="377"><net_src comp="99" pin="3"/><net_sink comp="372" pin=0"/></net>

<net id="378"><net_src comp="364" pin="3"/><net_sink comp="372" pin=1"/></net>

<net id="379"><net_src comp="342" pin="3"/><net_sink comp="372" pin=2"/></net>

<net id="384"><net_src comp="372" pin="3"/><net_sink comp="380" pin=0"/></net>

<net id="385"><net_src comp="320" pin="3"/><net_sink comp="380" pin=1"/></net>

<net id="386"><net_src comp="380" pin="2"/><net_sink comp="81" pin=2"/></net>

</net_list>

</model> 
---------------- Datapath Model END ------------------

* FSMD analyzer results:
  - Output states:
 - Input state : 
	Port: EP0 : x | {1 }
	Port: EP0 : rtl_key_r | {1 }
  - Chain level:
	State 1
		tmp : 1
		tmp_6 : 1
		br_ln159 : 2
		or_ln : 1
		or_ln4 : 1
		select_ln54 : 2
		or_ln56_s : 1
		or_ln60_s : 1
		select_ln54_11 : 2
		or_ln56_1 : 1
		or_ln60_1 : 1
		select_ln54_12 : 2
		xor_ln161 : 3
		xor_ln161_1 : 3
		or_ln56_2 : 1
		or_ln60_2 : 1
		select_ln54_13 : 2
		or_ln56_3 : 1
		or_ln60_3 : 1
		select_ln54_14 : 2
		xor_ln167 : 3
		p_0 : 3
		ret_ln174 : 4


============================================================
+ Verbose Summary: Datapath Resource usage 
============================================================

* Functional unit list:
|----------|-----------------------|---------|---------|
| Operation|    Functional Unit    |    FF   |   LUT   |
|----------|-----------------------|---------|---------|
|          |   select_ln54_fu_151  |    0    |    32   |
|          | select_ln54_11_fu_203 |    0    |    32   |
|  select  | select_ln54_12_fu_255 |    0    |    32   |
|          | select_ln54_13_fu_320 |    0    |    32   |
|          | select_ln54_14_fu_372 |    0    |    32   |
|----------|-----------------------|---------|---------|
|          |    xor_ln161_fu_263   |    0    |    32   |
|    xor   |   xor_ln161_1_fu_269  |    0    |    32   |
|          |    xor_ln167_fu_380   |    0    |    32   |
|----------|-----------------------|---------|---------|
|   read   |   x_read_read_fu_72   |    0    |    0    |
|----------|-----------------------|---------|---------|
| bitselect|       tmp_fu_91       |    0    |    0    |
|          |      tmp_6_fu_99      |    0    |    0    |
|----------|-----------------------|---------|---------|
|          |  trunc_ln56_12_fu_107 |    0    |    0    |
|          |  trunc_ln60_12_fu_139 |    0    |    0    |
|          |  trunc_ln56_13_fu_159 |    0    |    0    |
|          |  trunc_ln60_13_fu_191 |    0    |    0    |
|   trunc  |  trunc_ln56_14_fu_211 |    0    |    0    |
|          |  trunc_ln60_14_fu_243 |    0    |    0    |
|          |   trunc_ln56_fu_276   |    0    |    0    |
|          |   trunc_ln60_fu_308   |    0    |    0    |
|          |  trunc_ln56_11_fu_328 |    0    |    0    |
|          |  trunc_ln60_11_fu_360 |    0    |    0    |
|----------|-----------------------|---------|---------|
|          |     lshr_ln_fu_111    |    0    |    0    |
|          |    lshr_ln1_fu_129    |    0    |    0    |
|          |   lshr_ln56_s_fu_163  |    0    |    0    |
|          |   lshr_ln60_s_fu_181  |    0    |    0    |
|partselect|   lshr_ln56_1_fu_215  |    0    |    0    |
|          |   lshr_ln60_1_fu_233  |    0    |    0    |
|          |   lshr_ln56_2_fu_280  |    0    |    0    |
|          |   lshr_ln60_2_fu_298  |    0    |    0    |
|          |   lshr_ln56_3_fu_332  |    0    |    0    |
|          |   lshr_ln60_3_fu_350  |    0    |    0    |
|----------|-----------------------|---------|---------|
|          |      or_ln_fu_121     |    0    |    0    |
|          |     or_ln4_fu_143     |    0    |    0    |
|          |    or_ln56_s_fu_173   |    0    |    0    |
|          |    or_ln60_s_fu_195   |    0    |    0    |
|bitconcatenate|    or_ln56_1_fu_225   |    0    |    0    |
|          |    or_ln60_1_fu_247   |    0    |    0    |
|          |    or_ln56_2_fu_290   |    0    |    0    |
|          |    or_ln60_2_fu_312   |    0    |    0    |
|          |    or_ln56_3_fu_342   |    0    |    0    |
|          |    or_ln60_3_fu_364   |    0    |    0    |
|----------|-----------------------|---------|---------|
|   Total  |                       |    0    |   256   |
|----------|-----------------------|---------|---------|

Memories:
N/A

* Register list:
+----------+--------+
|          |   FF   |
+----------+--------+
|p_0_reg_78|   32   |
+----------+--------+
|   Total  |   32   |
+----------+--------+

* Multiplexer (MUX) list: 
|--------|------|------|------|--------|
|  Comp  |  Pin | Size |  BW  | S x BW |
|--------|------|------|------|--------|
|  Total |      |      |      |    0   |
|--------|------|------|------|--------|



* Summary:
+-----------+--------+--------+
|           |   FF   |   LUT  |
+-----------+--------+--------+
|  Function |    0   |   256  |
|   Memory  |    -   |    -   |
|Multiplexer|    -   |    -   |
|  Register |   32   |    -   |
+-----------+--------+--------+
|   Total   |   32   |   256  |
+-----------+--------+--------+
