

================================================================
== Vivado HLS Report for 'EP1'
================================================================
* Date:           Sun Apr 11 14:32:00 2021

* Version:        2019.1 (Build 2552052 on Fri May 24 15:28:33 MDT 2019)
* Project:        All_project
* Solution:       solution1
* Product family: zynq
* Target device:  xc7z020-clg484-1


================================================================
== Performance Estimates
================================================================
+ Timing (ns): 
    * Summary: 
    +--------+-------+----------+------------+
    |  Clock | Target| Estimated| Uncertainty|
    +--------+-------+----------+------------+
    |ap_clk  |  10.00|     3.755|        1.25|
    +--------+-------+----------+------------+

+ Latency (clock cycles): 
    * Summary: 
    +-----+-----+-----+-----+----------+
    |  Latency  |  Interval | Pipeline |
    | min | max | min | max |   Type   |
    +-----+-----+-----+-----+----------+
    |    0|    0|    1|    1| function |
    +-----+-----+-----+-----+----------+

    + Detail: 
        * Instance: 
        N/A

        * Loop: 
        N/A

============================================================
+ Verbose Summary: Synthesis Manager
============================================================
InlineROM: 1
ExposeGlobal: 0
============================================================
+ Verbose Summary: CDFG Model
============================================================
IsTopModel: 0
ResetActiveHigh: 1
IsCombinational: 0
IsDatapathOnly: 0
HasWiredReturn: 1
HasMFsm: 2
HasVarLatency: 0
IsPipeline: 1
IsRtlPipelined: 0
IsInstanceOverlapped: 0
IsDontTouch: 0
HasImplIP: 0
IsGatedGlobalClock: 0

+ Individual pipeline summary: 
  * Pipeline-0: initiation interval (II) = 1, depth = 1


============================================================
+ Verbose Summary: Schedule
============================================================
* Number of FSM states : 1
* Pipeline : 1
  Pipeline-0 : II = 1, D = 1, States = { 1 }
* Dataflow Pipeline: 0

* FSM state transitions: 
1 --> 

* FSM state operations: 

State 1 <SV = 0> <Delay = 3.75>
ST_1 : Operation 2 [1/1] (0.00ns)   --->   "%x_read = call i32 @_ssdm_op_Read.ap_auto.i32(i32 %x) nounwind" [sha256_impl.c:178]   --->   Operation 2 'read' 'x_read' <Predicate = true> <Delay = 0.00>
ST_1 : Operation 3 [1/1] (0.00ns)   --->   "%rtl_key_load = load i32* @rtl_key_r, align 4" [sha256_impl.c:180]   --->   Operation 3 'load' 'rtl_key_load' <Predicate = true> <Delay = 0.00>
ST_1 : Operation 4 [1/1] (0.00ns)   --->   "%tmp = call i1 @_ssdm_op_BitSelect.i1.i32.i32(i32 %rtl_key_load, i32 2)" [sha256_impl.c:182]   --->   Operation 4 'bitselect' 'tmp' <Predicate = true> <Delay = 0.00>
ST_1 : Operation 5 [1/1] (0.00ns)   --->   "%tmp_5 = call i1 @_ssdm_op_BitSelect.i1.i32.i32(i32 %rtl_key_load, i32 6)" [sha256_impl.c:54->sha256_impl.c:184]   --->   Operation 5 'bitselect' 'tmp_5' <Predicate = true> <Delay = 0.00>
ST_1 : Operation 6 [1/1] (0.00ns)   --->   "br i1 %tmp, label %2, label %1" [sha256_impl.c:182]   --->   Operation 6 'br' <Predicate = true> <Delay = 0.00>
ST_1 : Operation 7 [1/1] (0.00ns) (grouped into LUT with out node xor_ln184)   --->   "%trunc_ln56_9 = trunc i32 %x_read to i28" [sha256_impl.c:56->sha256_impl.c:184]   --->   Operation 7 'trunc' 'trunc_ln56_9' <Predicate = (!tmp & !tmp_5)> <Delay = 0.00>
ST_1 : Operation 8 [1/1] (0.00ns) (grouped into LUT with out node xor_ln184)   --->   "%lshr_ln = call i4 @_ssdm_op_PartSelect.i4.i32.i32.i32(i32 %x_read, i32 28, i32 31)" [sha256_impl.c:56->sha256_impl.c:184]   --->   Operation 8 'partselect' 'lshr_ln' <Predicate = (!tmp & !tmp_5)> <Delay = 0.00>
ST_1 : Operation 9 [1/1] (0.00ns) (grouped into LUT with out node xor_ln184)   --->   "%or_ln = call i32 @_ssdm_op_BitConcatenate.i32.i28.i4(i28 %trunc_ln56_9, i4 %lshr_ln)" [sha256_impl.c:56->sha256_impl.c:184]   --->   Operation 9 'bitconcatenate' 'or_ln' <Predicate = (!tmp & !tmp_5)> <Delay = 0.00>
ST_1 : Operation 10 [1/1] (0.00ns) (grouped into LUT with out node xor_ln184)   --->   "%lshr_ln9 = call i28 @_ssdm_op_PartSelect.i28.i32.i32.i32(i32 %x_read, i32 4, i32 31)" [sha256_impl.c:60->sha256_impl.c:184]   --->   Operation 10 'partselect' 'lshr_ln9' <Predicate = (!tmp & tmp_5)> <Delay = 0.00>
ST_1 : Operation 11 [1/1] (0.00ns) (grouped into LUT with out node xor_ln184)   --->   "%trunc_ln60_9 = trunc i32 %x_read to i4" [sha256_impl.c:60->sha256_impl.c:184]   --->   Operation 11 'trunc' 'trunc_ln60_9' <Predicate = (!tmp & tmp_5)> <Delay = 0.00>
ST_1 : Operation 12 [1/1] (0.00ns) (grouped into LUT with out node xor_ln184)   --->   "%or_ln3 = call i32 @_ssdm_op_BitConcatenate.i32.i4.i28(i4 %trunc_ln60_9, i28 %lshr_ln9)" [sha256_impl.c:60->sha256_impl.c:184]   --->   Operation 12 'bitconcatenate' 'or_ln3' <Predicate = (!tmp & tmp_5)> <Delay = 0.00>
ST_1 : Operation 13 [1/1] (0.00ns) (grouped into LUT with out node xor_ln184)   --->   "%select_ln54 = select i1 %tmp_5, i32 %or_ln3, i32 %or_ln" [sha256_impl.c:54->sha256_impl.c:184]   --->   Operation 13 'select' 'select_ln54' <Predicate = (!tmp)> <Delay = 0.00> <Core = "Sel">   --->   Core 26 'Sel' <Latency = 0> <II = 1> <Delay = 0.69> <FuncUnit> <Opcode : 'select'> <InPorts = 3> <OutPorts = 1>
ST_1 : Operation 14 [1/1] (0.00ns) (grouped into LUT with out node xor_ln184)   --->   "%trunc_ln56_10 = trunc i32 %x_read to i22" [sha256_impl.c:56->sha256_impl.c:184]   --->   Operation 14 'trunc' 'trunc_ln56_10' <Predicate = (!tmp & !tmp_5)> <Delay = 0.00>
ST_1 : Operation 15 [1/1] (0.00ns) (grouped into LUT with out node xor_ln184)   --->   "%lshr_ln56_7 = call i10 @_ssdm_op_PartSelect.i10.i32.i32.i32(i32 %x_read, i32 22, i32 31)" [sha256_impl.c:56->sha256_impl.c:184]   --->   Operation 15 'partselect' 'lshr_ln56_7' <Predicate = (!tmp & !tmp_5)> <Delay = 0.00>
ST_1 : Operation 16 [1/1] (0.00ns) (grouped into LUT with out node xor_ln184)   --->   "%or_ln56_7 = call i32 @_ssdm_op_BitConcatenate.i32.i22.i10(i22 %trunc_ln56_10, i10 %lshr_ln56_7)" [sha256_impl.c:56->sha256_impl.c:184]   --->   Operation 16 'bitconcatenate' 'or_ln56_7' <Predicate = (!tmp & !tmp_5)> <Delay = 0.00>
ST_1 : Operation 17 [1/1] (0.00ns) (grouped into LUT with out node xor_ln184)   --->   "%lshr_ln60_7 = call i22 @_ssdm_op_PartSelect.i22.i32.i32.i32(i32 %x_read, i32 10, i32 31)" [sha256_impl.c:60->sha256_impl.c:184]   --->   Operation 17 'partselect' 'lshr_ln60_7' <Predicate = (!tmp & tmp_5)> <Delay = 0.00>
ST_1 : Operation 18 [1/1] (0.00ns) (grouped into LUT with out node xor_ln184)   --->   "%trunc_ln60_10 = trunc i32 %x_read to i10" [sha256_impl.c:60->sha256_impl.c:184]   --->   Operation 18 'trunc' 'trunc_ln60_10' <Predicate = (!tmp & tmp_5)> <Delay = 0.00>
ST_1 : Operation 19 [1/1] (0.00ns) (grouped into LUT with out node xor_ln184)   --->   "%or_ln60_7 = call i32 @_ssdm_op_BitConcatenate.i32.i10.i22(i10 %trunc_ln60_10, i22 %lshr_ln60_7)" [sha256_impl.c:60->sha256_impl.c:184]   --->   Operation 19 'bitconcatenate' 'or_ln60_7' <Predicate = (!tmp & tmp_5)> <Delay = 0.00>
ST_1 : Operation 20 [1/1] (0.00ns) (grouped into LUT with out node xor_ln184)   --->   "%select_ln54_7 = select i1 %tmp_5, i32 %or_ln60_7, i32 %or_ln56_7" [sha256_impl.c:54->sha256_impl.c:184]   --->   Operation 20 'select' 'select_ln54_7' <Predicate = (!tmp)> <Delay = 0.00> <Core = "Sel">   --->   Core 26 'Sel' <Latency = 0> <II = 1> <Delay = 0.69> <FuncUnit> <Opcode : 'select'> <InPorts = 3> <OutPorts = 1>
ST_1 : Operation 21 [1/1] (0.99ns) (out node of the LUT)   --->   "%xor_ln184 = xor i32 %select_ln54_7, %select_ln54" [sha256_impl.c:184]   --->   Operation 21 'xor' 'xor_ln184' <Predicate = (!tmp)> <Delay = 0.99> <Core = "LogicGate">   --->   Core 27 'LogicGate' <Latency = 0> <II = 1> <Delay = 0.99> <FuncUnit> <Opcode : 'and' 'or' 'xor'> <InPorts = 2> <OutPorts = 1>
ST_1 : Operation 22 [1/1] (1.76ns)   --->   "br label %3" [sha256_impl.c:184]   --->   Operation 22 'br' <Predicate = (!tmp)> <Delay = 1.76>
ST_1 : Operation 23 [1/1] (0.00ns) (grouped into LUT with out node xor_ln189)   --->   "%trunc_ln56 = trunc i32 %x_read to i26" [sha256_impl.c:56->sha256_impl.c:189]   --->   Operation 23 'trunc' 'trunc_ln56' <Predicate = (tmp & !tmp_5)> <Delay = 0.00>
ST_1 : Operation 24 [1/1] (0.00ns) (grouped into LUT with out node xor_ln189)   --->   "%lshr_ln56_8 = call i6 @_ssdm_op_PartSelect.i6.i32.i32.i32(i32 %x_read, i32 26, i32 31)" [sha256_impl.c:56->sha256_impl.c:189]   --->   Operation 24 'partselect' 'lshr_ln56_8' <Predicate = (tmp & !tmp_5)> <Delay = 0.00>
ST_1 : Operation 25 [1/1] (0.00ns) (grouped into LUT with out node xor_ln189)   --->   "%or_ln56_8 = call i32 @_ssdm_op_BitConcatenate.i32.i26.i6(i26 %trunc_ln56, i6 %lshr_ln56_8)" [sha256_impl.c:56->sha256_impl.c:189]   --->   Operation 25 'bitconcatenate' 'or_ln56_8' <Predicate = (tmp & !tmp_5)> <Delay = 0.00>
ST_1 : Operation 26 [1/1] (0.00ns) (grouped into LUT with out node xor_ln189)   --->   "%lshr_ln60_8 = call i26 @_ssdm_op_PartSelect.i26.i32.i32.i32(i32 %x_read, i32 6, i32 31)" [sha256_impl.c:60->sha256_impl.c:189]   --->   Operation 26 'partselect' 'lshr_ln60_8' <Predicate = (tmp & tmp_5)> <Delay = 0.00>
ST_1 : Operation 27 [1/1] (0.00ns) (grouped into LUT with out node xor_ln189)   --->   "%trunc_ln60 = trunc i32 %x_read to i6" [sha256_impl.c:60->sha256_impl.c:189]   --->   Operation 27 'trunc' 'trunc_ln60' <Predicate = (tmp & tmp_5)> <Delay = 0.00>
ST_1 : Operation 28 [1/1] (0.00ns) (grouped into LUT with out node xor_ln189)   --->   "%or_ln60_8 = call i32 @_ssdm_op_BitConcatenate.i32.i6.i26(i6 %trunc_ln60, i26 %lshr_ln60_8)" [sha256_impl.c:60->sha256_impl.c:189]   --->   Operation 28 'bitconcatenate' 'or_ln60_8' <Predicate = (tmp & tmp_5)> <Delay = 0.00>
ST_1 : Operation 29 [1/1] (0.00ns) (grouped into LUT with out node xor_ln189)   --->   "%select_ln54_8 = select i1 %tmp_5, i32 %or_ln60_8, i32 %or_ln56_8" [sha256_impl.c:54->sha256_impl.c:189]   --->   Operation 29 'select' 'select_ln54_8' <Predicate = (tmp)> <Delay = 0.00> <Core = "Sel">   --->   Core 26 'Sel' <Latency = 0> <II = 1> <Delay = 0.69> <FuncUnit> <Opcode : 'select'> <InPorts = 3> <OutPorts = 1>
ST_1 : Operation 30 [1/1] (0.00ns) (grouped into LUT with out node xor_ln189_1)   --->   "%trunc_ln56_7 = trunc i32 %x_read to i21" [sha256_impl.c:56->sha256_impl.c:189]   --->   Operation 30 'trunc' 'trunc_ln56_7' <Predicate = (tmp & !tmp_5)> <Delay = 0.00>
ST_1 : Operation 31 [1/1] (0.00ns) (grouped into LUT with out node xor_ln189_1)   --->   "%lshr_ln56_9 = call i11 @_ssdm_op_PartSelect.i11.i32.i32.i32(i32 %x_read, i32 21, i32 31)" [sha256_impl.c:56->sha256_impl.c:189]   --->   Operation 31 'partselect' 'lshr_ln56_9' <Predicate = (tmp & !tmp_5)> <Delay = 0.00>
ST_1 : Operation 32 [1/1] (0.00ns) (grouped into LUT with out node xor_ln189_1)   --->   "%or_ln56_9 = call i32 @_ssdm_op_BitConcatenate.i32.i21.i11(i21 %trunc_ln56_7, i11 %lshr_ln56_9)" [sha256_impl.c:56->sha256_impl.c:189]   --->   Operation 32 'bitconcatenate' 'or_ln56_9' <Predicate = (tmp & !tmp_5)> <Delay = 0.00>
ST_1 : Operation 33 [1/1] (0.00ns) (grouped into LUT with out node xor_ln189_1)   --->   "%lshr_ln60_9 = call i21 @_ssdm_op_PartSelect.i21.i32.i32.i32(i32 %x_read, i32 11, i32 31)" [sha256_impl.c:60->sha256_impl.c:189]   --->   Operation 33 'partselect' 'lshr_ln60_9' <Predicate = (tmp & tmp_5)> <Delay = 0.00>
ST_1 : Operation 34 [1/1] (0.00ns) (grouped into LUT with out node xor_ln189_1)   --->   "%trunc_ln60_7 = trunc i32 %x_read to i11" [sha256_impl.c:60->sha256_impl.c:189]   --->   Operation 34 'trunc' 'trunc_ln60_7' <Predicate = (tmp & tmp_5)> <Delay = 0.00>
ST_1 : Operation 35 [1/1] (0.00ns) (grouped into LUT with out node xor_ln189_1)   --->   "%or_ln60_9 = call i32 @_ssdm_op_BitConcatenate.i32.i11.i21(i11 %trunc_ln60_7, i21 %lshr_ln60_9)" [sha256_impl.c:60->sha256_impl.c:189]   --->   Operation 35 'bitconcatenate' 'or_ln60_9' <Predicate = (tmp & tmp_5)> <Delay = 0.00>
ST_1 : Operation 36 [1/1] (0.00ns) (grouped into LUT with out node xor_ln189_1)   --->   "%select_ln54_9 = select i1 %tmp_5, i32 %or_ln60_9, i32 %or_ln56_9" [sha256_impl.c:54->sha256_impl.c:189]   --->   Operation 36 'select' 'select_ln54_9' <Predicate = (tmp)> <Delay = 0.00> <Core = "Sel">   --->   Core 26 'Sel' <Latency = 0> <II = 1> <Delay = 0.69> <FuncUnit> <Opcode : 'select'> <InPorts = 3> <OutPorts = 1>
ST_1 : Operation 37 [1/1] (0.00ns) (grouped into LUT with out node xor_ln189)   --->   "%trunc_ln56_8 = trunc i32 %x_read to i7" [sha256_impl.c:56->sha256_impl.c:189]   --->   Operation 37 'trunc' 'trunc_ln56_8' <Predicate = (tmp & !tmp_5)> <Delay = 0.00>
ST_1 : Operation 38 [1/1] (0.00ns) (grouped into LUT with out node xor_ln189)   --->   "%lshr_ln56_s = call i25 @_ssdm_op_PartSelect.i25.i32.i32.i32(i32 %x_read, i32 7, i32 31)" [sha256_impl.c:56->sha256_impl.c:189]   --->   Operation 38 'partselect' 'lshr_ln56_s' <Predicate = (tmp & !tmp_5)> <Delay = 0.00>
ST_1 : Operation 39 [1/1] (0.00ns) (grouped into LUT with out node xor_ln189)   --->   "%or_ln56_s = call i32 @_ssdm_op_BitConcatenate.i32.i7.i25(i7 %trunc_ln56_8, i25 %lshr_ln56_s)" [sha256_impl.c:56->sha256_impl.c:189]   --->   Operation 39 'bitconcatenate' 'or_ln56_s' <Predicate = (tmp & !tmp_5)> <Delay = 0.00>
ST_1 : Operation 40 [1/1] (0.00ns) (grouped into LUT with out node xor_ln189)   --->   "%lshr_ln60_s = call i7 @_ssdm_op_PartSelect.i7.i32.i32.i32(i32 %x_read, i32 25, i32 31)" [sha256_impl.c:60->sha256_impl.c:189]   --->   Operation 40 'partselect' 'lshr_ln60_s' <Predicate = (tmp & tmp_5)> <Delay = 0.00>
ST_1 : Operation 41 [1/1] (0.00ns) (grouped into LUT with out node xor_ln189)   --->   "%trunc_ln60_8 = trunc i32 %x_read to i25" [sha256_impl.c:60->sha256_impl.c:189]   --->   Operation 41 'trunc' 'trunc_ln60_8' <Predicate = (tmp & tmp_5)> <Delay = 0.00>
ST_1 : Operation 42 [1/1] (0.00ns) (grouped into LUT with out node xor_ln189)   --->   "%or_ln60_s = call i32 @_ssdm_op_BitConcatenate.i32.i25.i7(i25 %trunc_ln60_8, i7 %lshr_ln60_s)" [sha256_impl.c:60->sha256_impl.c:189]   --->   Operation 42 'bitconcatenate' 'or_ln60_s' <Predicate = (tmp & tmp_5)> <Delay = 0.00>
ST_1 : Operation 43 [1/1] (0.00ns) (grouped into LUT with out node xor_ln189)   --->   "%select_ln54_10 = select i1 %tmp_5, i32 %or_ln60_s, i32 %or_ln56_s" [sha256_impl.c:54->sha256_impl.c:189]   --->   Operation 43 'select' 'select_ln54_10' <Predicate = (tmp)> <Delay = 0.00> <Core = "Sel">   --->   Core 26 'Sel' <Latency = 0> <II = 1> <Delay = 0.69> <FuncUnit> <Opcode : 'select'> <InPorts = 3> <OutPorts = 1>
ST_1 : Operation 44 [1/1] (0.99ns) (out node of the LUT)   --->   "%xor_ln189 = xor i32 %select_ln54_8, %select_ln54_10" [sha256_impl.c:189]   --->   Operation 44 'xor' 'xor_ln189' <Predicate = (tmp)> <Delay = 0.99> <Core = "LogicGate">   --->   Core 27 'LogicGate' <Latency = 0> <II = 1> <Delay = 0.99> <FuncUnit> <Opcode : 'and' 'or' 'xor'> <InPorts = 2> <OutPorts = 1>
ST_1 : Operation 45 [1/1] (0.99ns) (out node of the LUT)   --->   "%xor_ln189_1 = xor i32 %xor_ln189, %select_ln54_9" [sha256_impl.c:189]   --->   Operation 45 'xor' 'xor_ln189_1' <Predicate = (tmp)> <Delay = 0.99> <Core = "LogicGate">   --->   Core 27 'LogicGate' <Latency = 0> <II = 1> <Delay = 0.99> <FuncUnit> <Opcode : 'and' 'or' 'xor'> <InPorts = 2> <OutPorts = 1>
ST_1 : Operation 46 [1/1] (1.76ns)   --->   "br label %3" [sha256_impl.c:189]   --->   Operation 46 'br' <Predicate = (tmp)> <Delay = 1.76>
ST_1 : Operation 47 [1/1] (0.00ns)   --->   "%p_0 = phi i32 [ %xor_ln184, %1 ], [ %xor_ln189_1, %2 ]" [sha256_impl.c:184]   --->   Operation 47 'phi' 'p_0' <Predicate = true> <Delay = 0.00>
ST_1 : Operation 48 [1/1] (0.00ns)   --->   "ret i32 %p_0" [sha256_impl.c:195]   --->   Operation 48 'ret' <Predicate = true> <Delay = 0.00>


============================================================
+ Verbose Summary: Timing violations
============================================================
Target clock period: 10ns, clock uncertainty: 1.25ns.

 <State 1>: 3.75ns
The critical path consists of the following:
	wire read on port 'x' (sha256_impl.c:178) [3]  (0 ns)
	'select' operation ('select_ln54_8', sha256_impl.c:54->sha256_impl.c:189) [32]  (0 ns)
	'xor' operation ('xor_ln189', sha256_impl.c:189) [47]  (0.993 ns)
	'xor' operation ('xor_ln189_1', sha256_impl.c:189) [48]  (0.993 ns)
	multiplexor before 'phi' operation ('p_0', sha256_impl.c:184) with incoming values : ('xor_ln184', sha256_impl.c:184) ('xor_ln189_1', sha256_impl.c:189) [51]  (1.77 ns)
	'phi' operation ('p_0', sha256_impl.c:184) with incoming values : ('xor_ln184', sha256_impl.c:184) ('xor_ln189_1', sha256_impl.c:189) [51]  (0 ns)


============================================================
+ Verbose Summary: Binding
============================================================
N/A
* FSMD analyzer results:
  - Output states:
 - Input state : 
  - Chain level:
	State 1


============================================================
+ Verbose Summary: Datapath Resource usage 
============================================================
N/A
