==============================================================
Vivado(TM) HLS - High-Level Synthesis from C, C++ and SystemC v2019.1 (64-bit)
Copyright 1986-2019 Xilinx, Inc. All Rights Reserved.
==============================================================
INFO: [SYN 201-201] Setting up clock 'default' with a period of 10ns.
INFO: [HLS 200-10] Setting target device to 'xc7z020-clg484-1'
INFO: [SIM 211-2] *************** CSIM start ***************
INFO: [SIM 211-4] CSIM will launch GCC as the compiler.
INFO: [SIM 211-1] CSim done with 0 errors.
INFO: [SIM 211-3] *************** CSIM finish ***************
==============================================================
Vivado(TM) HLS - High-Level Synthesis from C, C++ and SystemC v2019.1 (64-bit)
Copyright 1986-2019 Xilinx, Inc. All Rights Reserved.
==============================================================
INFO: [SYN 201-201] Setting up clock 'default' with a period of 10ns.
INFO: [HLS 200-10] Setting target device to 'xc7z020-clg484-1'
INFO: [SYN 201-201] Setting up clock 'default' with a period of 10ns.
INFO: [SCHED 204-61] Option 'relax_ii_for_timing' is enabled, will increase II to preserve clock frequency constraints.
INFO: [HLS 200-10] Analyzing design file 'sha256_impl_tb.c' ... 
INFO: [HLS 200-10] Analyzing design file 'sha256_impl.c' ... 
WARNING: [HLS 200-40] In file included from sha256_impl.c:1:
sha256_impl.c:342:25: warning: equality comparison with extraneous parentheses [-Wparentheses-equality]
      if ((ctx->datalen == 64)) {
           ~~~~~~~~~~~~~^~~~~
sha256_impl.c:342:25: note: remove extraneous parentheses around the comparison to silence this warning
      if ((ctx->datalen == 64)) {
          ~             ^    ~
sha256_impl.c:342:25: note: use '=' to turn this equality comparison into an assignment
      if ((ctx->datalen == 64)) {
                        ^~
                        =
1 warning generated.
INFO: [HLS 200-10] Analyzing design file 'sha256.c' ... 
INFO: [HLS 200-111] Finished Linking Time (s): cpu = 00:00:01 ; elapsed = 00:00:11 . Memory (MB): peak = 175.059 ; gain = 83.695
INFO: [HLS 200-111] Finished Checking Pragmas Time (s): cpu = 00:00:01 ; elapsed = 00:00:11 . Memory (MB): peak = 175.059 ; gain = 83.695
INFO: [HLS 200-10] Starting code transformations ...
INFO: [XFORM 203-603] Inlining function 'sha256_init' into 'sha256' (sha256.c:32).
INFO: [HLS 200-111] Finished Standard Transforms Time (s): cpu = 00:00:02 ; elapsed = 00:00:11 . Memory (MB): peak = 175.059 ; gain = 83.695
INFO: [HLS 200-10] Checking synthesizability ...
INFO: [XFORM 203-602] Inlining function 'SIG1' into 'sha256_transform' (sha256_impl.c:256) automatically.
INFO: [XFORM 203-602] Inlining function 'SIG0' into 'sha256_transform' (sha256_impl.c:256) automatically.
INFO: [XFORM 203-602] Inlining function 'EP1' into 'sha256_transform' (sha256_impl.c:273) automatically.
INFO: [XFORM 203-602] Inlining function 'CH' into 'sha256_transform' (sha256_impl.c:273) automatically.
INFO: [XFORM 203-602] Inlining function 'EP0' into 'sha256_transform' (sha256_impl.c:275) automatically.
INFO: [XFORM 203-602] Inlining function 'MAJ' into 'sha256_transform' (sha256_impl.c:275) automatically.
INFO: [XFORM 203-602] Inlining function 'DBL_INT_ADD' into 'sha256_update' (sha256_impl.c:344) automatically.
INFO: [XFORM 203-602] Inlining function 'DBL_INT_ADD' into 'sha256_final' (sha256_impl.c:386) automatically.
INFO: [XFORM 203-602] Inlining function 'update_rtl_key' into 'sha256' (sha256.c:22) automatically.
INFO: [XFORM 203-602] Inlining function 'update_dp_key' into 'sha256' (sha256.c:23) automatically.
INFO: [HLS 200-111] Finished Checking Synthesizability Time (s): cpu = 00:00:02 ; elapsed = 00:00:11 . Memory (MB): peak = 175.059 ; gain = 83.695
INFO: [XFORM 203-502] Unrolling all loops for pipelining in function 'sha256_final' (sha256_impl.c:354).
WARNING: [XFORM 203-503] Ignored partial unroll directive for loop 'Loop-2' (sha256_impl.c:369) because its parent loop or function is pipelined.
WARNING: [XFORM 203-505] Ignored pipeline directive for loop 'Loop-4' (sha256_impl.c:399) because its parent loop or function is pipelined.
INFO: [XFORM 203-502] Unrolling all loops for pipelining in function 'sha256_transform' (sha256_impl.c:246).
WARNING: [XFORM 203-505] Ignored pipeline directive for loop 'Loop-2' (sha256_impl.c:254) because its parent loop or function is pipelined.
WARNING: [XFORM 203-505] Ignored pipeline directive for loop 'Loop-3' (sha256_impl.c:267) because its parent loop or function is pipelined.
WARNING: [XFORM 203-561] Updating loop upper bound from 100 to 63 for loop 'Loop-0-1' (sha256.c:49:1) in function 'sha256'.
WARNING: [XFORM 203-561] Updating loop upper bound from 40 to 32 for loop 'Loop-1' (sha256.c:60:1) in function 'sha256'.
WARNING: [XFORM 203-561] Updating loop lower bound from 12 to 32 for loop 'Loop-1' (sha256.c:60:1) in function 'sha256'.
WARNING: [XFORM 203-503] Cannot unroll loop 'Loop-1' (sha256_impl.c:364) in function 'sha256_final' completely: variable loop bound.
INFO: [HLS 200-489] Unrolling loop 'Loop-2' (sha256_impl.c:369) in function 'sha256_final' completely with a factor of 56.
WARNING: [XFORM 203-503] Cannot unroll loop 'Loop-3' (sha256_impl.c:378) in function 'sha256_final' completely: variable loop bound.
INFO: [HLS 200-489] Unrolling loop 'Loop-4' (sha256_impl.c:399) in function 'sha256_final' completely with a factor of 4.
INFO: [HLS 200-489] Unrolling loop 'Loop-1' (sha256_impl.c:250) in function 'sha256_transform' completely with a factor of 16.
INFO: [HLS 200-489] Unrolling loop 'Loop-2' (sha256_impl.c:254) in function 'sha256_transform' completely with a factor of 48.
INFO: [HLS 200-489] Unrolling loop 'Loop-3' (sha256_impl.c:267) in function 'sha256_transform' completely with a factor of 64.
INFO: [XFORM 203-102] Partitioning array 'm' (sha256_impl.c:248) automatically.
INFO: [XFORM 203-102] Partitioning array 'sha256ctx.bitlen' (sha256.c:31) automatically.
INFO: [XFORM 203-102] Partitioning array 'sha256ctx.state' (sha256.c:31) automatically.
INFO: [XFORM 203-101] Partitioning array 'sha256ctx.data' (sha256.c:31) in dimension 1 with a cyclic factor 4.
INFO: [XFORM 203-602] Inlining function 'update_rtl_key' into 'sha256' (sha256.c:22) automatically.
INFO: [XFORM 203-602] Inlining function 'update_dp_key' into 'sha256' (sha256.c:23) automatically.
INFO: [XFORM 203-401] Performing if-conversion on hyperblock to (sha256_impl.c:80:1) in function 'ROTRIGHT'... converting 4 basic blocks.
INFO: [XFORM 203-401] Performing if-conversion on hyperblock from (sha256_impl.c:127:31) to (sha256_impl.c:146:1) in function 'MAJ'... converting 4 basic blocks.
INFO: [XFORM 203-401] Performing if-conversion on hyperblock from (sha256_impl.c:87:30) to (sha256_impl.c:120:1) in function 'CH'... converting 4 basic blocks.
INFO: [XFORM 203-602] Inlining function 'ROTRIGHT' into 'SIG1' (sha256_impl.c:228) automatically.
INFO: [XFORM 203-602] Inlining function 'ROTRIGHT' into 'SIG0' (sha256_impl.c:202) automatically.
INFO: [XFORM 203-602] Inlining function 'ROTRIGHT' into 'EP1' (sha256_impl.c:181) automatically.
INFO: [XFORM 203-602] Inlining function 'ROTRIGHT' into 'EP0' (sha256_impl.c:158) automatically.
INFO: [XFORM 203-11] Balancing expressions in function 'sha256_transform' (sha256_impl.c:246)...598 expression(s) balanced.
INFO: [XFORM 203-11] Balancing expressions in function 'MAJ' (sha256_impl.c:127)...3 expression(s) balanced.
INFO: [HLS 200-111] Finished Pre-synthesis Time (s): cpu = 00:00:03 ; elapsed = 00:00:13 . Memory (MB): peak = 175.059 ; gain = 83.695
INFO: [HLS 200-111] Finished Architecture Synthesis Time (s): cpu = 00:00:05 ; elapsed = 00:00:15 . Memory (MB): peak = 246.914 ; gain = 155.551
INFO: [HLS 200-10] Starting hardware synthesis ...
INFO: [HLS 200-10] Synthesizing 'sha256' ...
WARNING: [SYN 201-107] Renaming port name 'sha256/rtl_key' to 'sha256/rtl_key_r' to avoid the conflict with HDL keywords or other object names.
WARNING: [SYN 201-107] Renaming port name 'sha256/dp_key' to 'sha256/dp_key_r' to avoid the conflict with HDL keywords or other object names.
INFO: [HLS 200-10] ----------------------------------------------------------------
INFO: [HLS 200-42] -- Implementing module 'SIG1' 
INFO: [HLS 200-10] ----------------------------------------------------------------
INFO: [SCHED 204-11] Starting scheduling ...
INFO: [SCHED 204-61] Pipelining function 'SIG1'.
INFO: [SCHED 204-61] Pipelining result : Target II = 1, Final II = 1, Depth = 1.
INFO: [SCHED 204-11] Finished scheduling.
INFO: [HLS 200-111]  Elapsed time: 15.329 seconds; current allocated memory: 195.637 MB.
INFO: [BIND 205-100] Starting micro-architecture generation ...
INFO: [BIND 205-101] Performing variable lifetime analysis.
INFO: [BIND 205-101] Exploring resource sharing.
INFO: [BIND 205-101] Binding ...
INFO: [BIND 205-100] Finished micro-architecture generation.
INFO: [HLS 200-111]  Elapsed time: 0.056 seconds; current allocated memory: 195.807 MB.
INFO: [HLS 200-10] ----------------------------------------------------------------
INFO: [HLS 200-42] -- Implementing module 'SIG0' 
INFO: [HLS 200-10] ----------------------------------------------------------------
INFO: [SCHED 204-11] Starting scheduling ...
INFO: [SCHED 204-61] Pipelining function 'SIG0'.
INFO: [SCHED 204-61] Pipelining result : Target II = 1, Final II = 1, Depth = 1.
INFO: [SCHED 204-11] Finished scheduling.
INFO: [HLS 200-111]  Elapsed time: 0.073 seconds; current allocated memory: 195.926 MB.
INFO: [BIND 205-100] Starting micro-architecture generation ...
INFO: [BIND 205-101] Performing variable lifetime analysis.
INFO: [BIND 205-101] Exploring resource sharing.
INFO: [BIND 205-101] Binding ...
INFO: [BIND 205-100] Finished micro-architecture generation.
INFO: [HLS 200-111]  Elapsed time: 0.055 seconds; current allocated memory: 196.084 MB.
INFO: [HLS 200-10] ----------------------------------------------------------------
INFO: [HLS 200-42] -- Implementing module 'EP1' 
INFO: [HLS 200-10] ----------------------------------------------------------------
INFO: [SCHED 204-11] Starting scheduling ...
INFO: [SCHED 204-61] Pipelining function 'EP1'.
INFO: [SCHED 204-61] Pipelining result : Target II = 1, Final II = 1, Depth = 1.
INFO: [SCHED 204-11] Finished scheduling.
INFO: [HLS 200-111]  Elapsed time: 0.073 seconds; current allocated memory: 196.217 MB.
INFO: [BIND 205-100] Starting micro-architecture generation ...
INFO: [BIND 205-101] Performing variable lifetime analysis.
INFO: [BIND 205-101] Exploring resource sharing.
INFO: [BIND 205-101] Binding ...
INFO: [BIND 205-100] Finished micro-architecture generation.
INFO: [HLS 200-111]  Elapsed time: 0.058 seconds; current allocated memory: 196.427 MB.
INFO: [HLS 200-10] ----------------------------------------------------------------
INFO: [HLS 200-42] -- Implementing module 'CH' 
INFO: [HLS 200-10] ----------------------------------------------------------------
INFO: [SCHED 204-11] Starting scheduling ...
INFO: [SCHED 204-61] Pipelining function 'CH'.
INFO: [SCHED 204-61] Pipelining result : Target II = 1, Final II = 1, Depth = 1.
INFO: [SCHED 204-11] Finished scheduling.
INFO: [HLS 200-111]  Elapsed time: 0.072 seconds; current allocated memory: 196.462 MB.
INFO: [BIND 205-100] Starting micro-architecture generation ...
INFO: [BIND 205-101] Performing variable lifetime analysis.
INFO: [BIND 205-101] Exploring resource sharing.
INFO: [BIND 205-101] Binding ...
INFO: [BIND 205-100] Finished micro-architecture generation.
INFO: [HLS 200-111]  Elapsed time: 0.048 seconds; current allocated memory: 196.525 MB.
INFO: [HLS 200-10] ----------------------------------------------------------------
INFO: [HLS 200-42] -- Implementing module 'EP0' 
INFO: [HLS 200-10] ----------------------------------------------------------------
INFO: [SCHED 204-11] Starting scheduling ...
INFO: [SCHED 204-61] Pipelining function 'EP0'.
INFO: [SCHED 204-61] Pipelining result : Target II = 1, Final II = 1, Depth = 1.
INFO: [SCHED 204-11] Finished scheduling.
INFO: [HLS 200-111]  Elapsed time: 0.068 seconds; current allocated memory: 196.658 MB.
INFO: [BIND 205-100] Starting micro-architecture generation ...
INFO: [BIND 205-101] Performing variable lifetime analysis.
INFO: [BIND 205-101] Exploring resource sharing.
INFO: [BIND 205-101] Binding ...
INFO: [BIND 205-100] Finished micro-architecture generation.
INFO: [HLS 200-111]  Elapsed time: 0.059 seconds; current allocated memory: 196.832 MB.
INFO: [HLS 200-10] ----------------------------------------------------------------
INFO: [HLS 200-42] -- Implementing module 'MAJ' 
INFO: [HLS 200-10] ----------------------------------------------------------------
INFO: [SCHED 204-11] Starting scheduling ...
INFO: [SCHED 204-61] Pipelining function 'MAJ'.
INFO: [SCHED 204-61] Pipelining result : Target II = 1, Final II = 1, Depth = 1.
INFO: [SCHED 204-11] Finished scheduling.
INFO: [HLS 200-111]  Elapsed time: 0.075 seconds; current allocated memory: 196.875 MB.
INFO: [BIND 205-100] Starting micro-architecture generation ...
INFO: [BIND 205-101] Performing variable lifetime analysis.
INFO: [BIND 205-101] Exploring resource sharing.
INFO: [BIND 205-101] Binding ...
INFO: [BIND 205-100] Finished micro-architecture generation.
INFO: [HLS 200-111]  Elapsed time: 0.052 seconds; current allocated memory: 196.947 MB.
INFO: [HLS 200-10] ----------------------------------------------------------------
INFO: [HLS 200-42] -- Implementing module 'sha256_transform' 
INFO: [HLS 200-10] ----------------------------------------------------------------
INFO: [SCHED 204-11] Starting scheduling ...
INFO: [SCHED 204-61] Pipelining function 'sha256_transform'.
WARNING: [SCHED 204-69] Unable to schedule 'load' operation ('data_0_load_2', sha256_impl.c:252) on array 'data_0' due to limited memory ports. Please consider using a memory core with more ports or partitioning the array 'data_0'.
INFO: [SCHED 204-61] Pipelining result : Target II = 1, Final II = 8, Depth = 165.
INFO: [SCHED 204-11] Finished scheduling.
INFO: [HLS 200-111]  Elapsed time: 10.777 seconds; current allocated memory: 201.110 MB.
INFO: [BIND 205-100] Starting micro-architecture generation ...
INFO: [BIND 205-101] Performing variable lifetime analysis.
INFO: [BIND 205-101] Exploring resource sharing.
INFO: [BIND 205-101] Binding ...
INFO: [BIND 205-100] Finished micro-architecture generation.
INFO: [HLS 200-111]  Elapsed time: 1.299 seconds; current allocated memory: 206.894 MB.
INFO: [HLS 200-10] ----------------------------------------------------------------
INFO: [HLS 200-42] -- Implementing module 'sha256_update' 
INFO: [HLS 200-10] ----------------------------------------------------------------
INFO: [SCHED 204-11] Starting scheduling ...
INFO: [SCHED 204-11] Finished scheduling.
INFO: [HLS 200-111]  Elapsed time: 1.106 seconds; current allocated memory: 207.956 MB.
INFO: [HLS 200-434] Only 0 loops out of a total 1 loops have been pipelined in this design.
INFO: [BIND 205-100] Starting micro-architecture generation ...
INFO: [BIND 205-101] Performing variable lifetime analysis.
INFO: [BIND 205-101] Exploring resource sharing.
INFO: [BIND 205-101] Binding ...
INFO: [BIND 205-100] Finished micro-architecture generation.
INFO: [HLS 200-111]  Elapsed time: 0.342 seconds; current allocated memory: 209.298 MB.
INFO: [HLS 200-10] ----------------------------------------------------------------
INFO: [HLS 200-42] -- Implementing module 'sha256_final' 
INFO: [HLS 200-10] ----------------------------------------------------------------
INFO: [SCHED 204-11] Starting scheduling ...
WARNING: [SCHED 204-65] Unable to satisfy pipeline directive: Function contains subloop(s) not being unrolled.
INFO: [SCHED 204-11] Finished scheduling.
INFO: [HLS 200-111]  Elapsed time: 0.701 seconds; current allocated memory: 211.064 MB.
INFO: [BIND 205-100] Starting micro-architecture generation ...
INFO: [BIND 205-101] Performing variable lifetime analysis.
INFO: [BIND 205-101] Exploring resource sharing.
INFO: [BIND 205-101] Binding ...
INFO: [BIND 205-100] Finished micro-architecture generation.
INFO: [HLS 200-111]  Elapsed time: 0.654 seconds; current allocated memory: 214.624 MB.
INFO: [HLS 200-10] ----------------------------------------------------------------
INFO: [HLS 200-42] -- Implementing module 'sha256' 
INFO: [HLS 200-10] ----------------------------------------------------------------
INFO: [SCHED 204-11] Starting scheduling ...
INFO: [SCHED 204-11] Finished scheduling.
INFO: [HLS 200-111]  Elapsed time: 0.759 seconds; current allocated memory: 215.544 MB.
INFO: [BIND 205-100] Starting micro-architecture generation ...
INFO: [BIND 205-101] Performing variable lifetime analysis.
INFO: [BIND 205-101] Exploring resource sharing.
INFO: [BIND 205-101] Binding ...
INFO: [BIND 205-100] Finished micro-architecture generation.
INFO: [HLS 200-111]  Elapsed time: 1.359 seconds; current allocated memory: 217.050 MB.
INFO: [HLS 200-10] ----------------------------------------------------------------
INFO: [HLS 200-10] -- Generating RTL for module 'SIG1' 
INFO: [HLS 200-10] ----------------------------------------------------------------
INFO: [RTGEN 206-100] Finished creating RTL model for 'SIG1'.
INFO: [HLS 200-111]  Elapsed time: 1.378 seconds; current allocated memory: 218.391 MB.
INFO: [HLS 200-10] ----------------------------------------------------------------
INFO: [HLS 200-10] -- Generating RTL for module 'SIG0' 
INFO: [HLS 200-10] ----------------------------------------------------------------
INFO: [RTGEN 206-100] Finished creating RTL model for 'SIG0'.
INFO: [HLS 200-111]  Elapsed time: 0.116 seconds; current allocated memory: 218.749 MB.
INFO: [HLS 200-10] ----------------------------------------------------------------
INFO: [HLS 200-10] -- Generating RTL for module 'EP1' 
INFO: [HLS 200-10] ----------------------------------------------------------------
INFO: [RTGEN 206-100] Finished creating RTL model for 'EP1'.
INFO: [HLS 200-111]  Elapsed time: 0.112 seconds; current allocated memory: 219.079 MB.
INFO: [HLS 200-10] ----------------------------------------------------------------
INFO: [HLS 200-10] -- Generating RTL for module 'CH' 
INFO: [HLS 200-10] ----------------------------------------------------------------
INFO: [RTGEN 206-100] Finished creating RTL model for 'CH'.
INFO: [HLS 200-111]  Elapsed time: 0.119 seconds; current allocated memory: 219.210 MB.
INFO: [HLS 200-10] ----------------------------------------------------------------
INFO: [HLS 200-10] -- Generating RTL for module 'EP0' 
INFO: [HLS 200-10] ----------------------------------------------------------------
INFO: [RTGEN 206-100] Finished creating RTL model for 'EP0'.
INFO: [HLS 200-111]  Elapsed time: 0.096 seconds; current allocated memory: 219.554 MB.
INFO: [HLS 200-10] ----------------------------------------------------------------
INFO: [HLS 200-10] -- Generating RTL for module 'MAJ' 
INFO: [HLS 200-10] ----------------------------------------------------------------
INFO: [RTGEN 206-100] Finished creating RTL model for 'MAJ'.
INFO: [HLS 200-111]  Elapsed time: 0.123 seconds; current allocated memory: 219.688 MB.
INFO: [HLS 200-10] ----------------------------------------------------------------
INFO: [HLS 200-10] -- Generating RTL for module 'sha256_transform' 
INFO: [HLS 200-10] ----------------------------------------------------------------
INFO: [RTGEN 206-104] Estimated max fanout for 'sha256_transform' is 9505 from HDL expression: ((ap_enable_reg_pp0_iter0 == 1'b1) & (1'b1 == ap_CS_fsm_pp0_stage7) & (1'b1 == ap_ce) & (1'b0 == ap_block_pp0_stage7_11001))
INFO: [RTGEN 206-100] Finished creating RTL model for 'sha256_transform'.
INFO: [HLS 200-111]  Elapsed time: 1.38 seconds; current allocated memory: 233.999 MB.
INFO: [HLS 200-10] ----------------------------------------------------------------
INFO: [HLS 200-10] -- Generating RTL for module 'sha256_update' 
INFO: [HLS 200-10] ----------------------------------------------------------------
INFO: [RTGEN 206-100] Finished creating RTL model for 'sha256_update'.
INFO: [HLS 200-111]  Elapsed time: 4.269 seconds; current allocated memory: 241.462 MB.
INFO: [HLS 200-10] ----------------------------------------------------------------
INFO: [HLS 200-10] -- Generating RTL for module 'sha256_final' 
INFO: [HLS 200-10] ----------------------------------------------------------------
INFO: [RTGEN 206-100] Finished creating RTL model for 'sha256_final'.
INFO: [HLS 200-111]  Elapsed time: 1.049 seconds; current allocated memory: 245.737 MB.
INFO: [HLS 200-10] ----------------------------------------------------------------
INFO: [HLS 200-10] -- Generating RTL for module 'sha256' 
INFO: [HLS 200-10] ----------------------------------------------------------------
INFO: [RTGEN 206-500] Setting interface mode on port 'sha256/rtl_key' to 'ap_none'.
INFO: [RTGEN 206-500] Setting interface mode on port 'sha256/dp_key' to 'ap_none'.
INFO: [RTGEN 206-500] Setting interface mode on port 'sha256/data' to 's_axilite & ap_memory'.
INFO: [RTGEN 206-500] Setting interface mode on port 'sha256/base_offset' to 's_axilite & ap_none'.
INFO: [RTGEN 206-500] Setting interface mode on port 'sha256/bytes' to 's_axilite & ap_none'.
INFO: [RTGEN 206-500] Setting interface mode on port 'sha256/digest' to 's_axilite & ap_memory'.
INFO: [RTGEN 206-500] Setting interface mode on function 'sha256' to 's_axilite & ap_ctrl_hs'.
WARNING: [RTGEN 206-101] Register 'rtl_key_r' is power-on initialization.
WARNING: [RTGEN 206-101] Register 'dp_key_r' is power-on initialization.
INFO: [RTGEN 206-100] Bundling port 'return', 'data', 'base_offset', 'bytes' and 'digest' to AXI-Lite port AXILiteS.
INFO: [SYN 201-210] Renamed object name 'sha256_sha256ctx_data_0' to 'sha256_sha256ctx_bkb' due to the length limit 20
INFO: [SYN 201-210] Renamed object name 'sha256_sha256ctx_data_1' to 'sha256_sha256ctx_cud' due to the length limit 20
INFO: [SYN 201-210] Renamed object name 'sha256_sha256ctx_data_2' to 'sha256_sha256ctx_dEe' due to the length limit 20
INFO: [SYN 201-210] Renamed object name 'sha256_sha256ctx_data_3' to 'sha256_sha256ctx_eOg' due to the length limit 20
INFO: [RTGEN 206-100] Finished creating RTL model for 'sha256'.
INFO: [HLS 200-111]  Elapsed time: 1.299 seconds; current allocated memory: 247.541 MB.
INFO: [RTMG 210-278] Implementing memory 'sha256_seg_buf_ram (RAM)' using block RAMs.
INFO: [RTMG 210-278] Implementing memory 'sha256_sha256ctx_bkb_ram (RAM)' using block RAMs.
INFO: [HLS 200-111] Finished generating all RTL models Time (s): cpu = 00:00:33 ; elapsed = 00:00:47 . Memory (MB): peak = 373.328 ; gain = 281.965
INFO: [VHDL 208-304] Generating VHDL RTL for sha256.
INFO: [VLOG 209-307] Generating Verilog RTL for sha256.
INFO: [HLS 200-112] Total elapsed time: 46.604 seconds; peak allocated memory: 247.541 MB.
