INFO: [HLS 200-10] Running 'C:/Xilinx/Vivado/2019.1/bin/unwrapped/win64.o/vivado_hls.exe'
INFO: [HLS 200-10] For user 'Himanshu Bisht' on host 'desktop-etb480o' (Windows NT_amd64 version 6.2) on Sat Apr 10 17:13:07 +0530 2021
INFO: [HLS 200-10] In directory 'H:/ASSHU/operation'
Sourcing Tcl script 'H:/ASSHU/operation/operation_project/solution1/csynth.tcl'
INFO: [HLS 200-10] Opening project 'H:/ASSHU/operation/operation_project'.
INFO: [HLS 200-10] Adding design file 'sha256.c' to the project
INFO: [HLS 200-10] Adding design file 'sha256_impl.c' to the project
INFO: [HLS 200-10] Adding design file 'sha256_impl_tb.c' to the project
INFO: [HLS 200-10] Adding test bench file 'sha256_tb.c' to the project
INFO: [HLS 200-10] Opening solution 'H:/ASSHU/operation/operation_project/solution1'.
INFO: [SYN 201-201] Setting up clock 'default' with a period of 10ns.
INFO: [HLS 200-10] Setting target device to 'xc7z020-clg484-1'
INFO: [SYN 201-201] Setting up clock 'default' with a period of 10ns.
INFO: [SCHED 204-61] Option 'relax_ii_for_timing' is enabled, will increase II to preserve clock frequency constraints.
INFO: [HLS 200-10] Analyzing design file 'sha256_impl_tb.c' ... 
INFO: [HLS 200-10] Analyzing design file 'sha256_impl.c' ... 
INFO: [HLS 200-10] Analyzing design file 'sha256.c' ... 
INFO: [HLS 200-111] Finished Linking Time (s): cpu = 00:00:01 ; elapsed = 00:00:16 . Memory (MB): peak = 175.000 ; gain = 83.813
INFO: [HLS 200-111] Finished Checking Pragmas Time (s): cpu = 00:00:01 ; elapsed = 00:00:16 . Memory (MB): peak = 175.000 ; gain = 83.813
INFO: [HLS 200-10] Starting code transformations ...
INFO: [XFORM 203-603] Inlining function 'sha256_init' into 'sha256' (sha256.c:33).
INFO: [HLS 200-111] Finished Standard Transforms Time (s): cpu = 00:00:02 ; elapsed = 00:00:17 . Memory (MB): peak = 175.000 ; gain = 83.813
INFO: [HLS 200-10] Checking synthesizability ...
INFO: [XFORM 203-602] Inlining function 'SIG1' into 'sha256_transform' (sha256_impl.c:258) automatically.
INFO: [XFORM 203-602] Inlining function 'SIG0' into 'sha256_transform' (sha256_impl.c:258) automatically.
INFO: [XFORM 203-602] Inlining function 'EP1' into 'sha256_transform' (sha256_impl.c:271) automatically.
INFO: [XFORM 203-602] Inlining function 'CH' into 'sha256_transform' (sha256_impl.c:271) automatically.
INFO: [XFORM 203-602] Inlining function 'EP0' into 'sha256_transform' (sha256_impl.c:272) automatically.
INFO: [XFORM 203-602] Inlining function 'MAJ' into 'sha256_transform' (sha256_impl.c:272) automatically.
INFO: [XFORM 203-602] Inlining function 'DBL_INT_ADD' into 'sha256_update' (sha256_impl.c:319) automatically.
INFO: [XFORM 203-602] Inlining function 'DBL_INT_ADD' into 'sha256_final' (sha256_impl.c:356) automatically.
INFO: [XFORM 203-602] Inlining function 'update_rtl_key' into 'sha256' (sha256.c:22) automatically.
INFO: [HLS 200-111] Finished Checking Synthesizability Time (s): cpu = 00:00:02 ; elapsed = 00:00:17 . Memory (MB): peak = 175.000 ; gain = 83.813
INFO: [XFORM 203-502] Unrolling all loops for pipelining in function 'sha256_final' (sha256_impl.c:325).
WARNING: [XFORM 203-503] Ignored partial unroll directive for loop 'Loop-3' (sha256_impl.c:348) because its parent loop or function is pipelined.
WARNING: [XFORM 203-505] Ignored pipeline directive for loop 'Loop-4' (sha256_impl.c:369) because its parent loop or function is pipelined.
INFO: [XFORM 203-502] Unrolling all loops for pipelining in function 'sha256_transform' (sha256_impl.c:248).
WARNING: [XFORM 203-505] Ignored pipeline directive for loop 'Loop-2' (sha256_impl.c:256) because its parent loop or function is pipelined.
WARNING: [XFORM 203-505] Ignored pipeline directive for loop 'Loop-3' (sha256_impl.c:269) because its parent loop or function is pipelined.
WARNING: [XFORM 203-561] Updating loop upper bound from 100 to 63 for loop 'Loop-0-1' (sha256.c:50:1) in function 'sha256'.
WARNING: [XFORM 203-561] Updating loop upper bound from 40 to 32 for loop 'Loop-1' (sha256.c:61:1) in function 'sha256'.
WARNING: [XFORM 203-561] Updating loop lower bound from 12 to 32 for loop 'Loop-1' (sha256.c:61:1) in function 'sha256'.
WARNING: [XFORM 203-503] Cannot unroll loop 'Loop-1' (sha256_impl.c:335) in function 'sha256_final' completely: variable loop bound.
WARNING: [XFORM 203-503] Cannot unroll loop 'Loop-2' (sha256_impl.c:343) in function 'sha256_final' completely: variable loop bound.
INFO: [HLS 200-489] Unrolling loop 'Loop-3' (sha256_impl.c:348) in function 'sha256_final' completely with a factor of 56.
INFO: [HLS 200-489] Unrolling loop 'Loop-4' (sha256_impl.c:369) in function 'sha256_final' completely with a factor of 4.
INFO: [HLS 200-489] Unrolling loop 'Loop-1' (sha256_impl.c:252) in function 'sha256_transform' completely with a factor of 16.
INFO: [HLS 200-489] Unrolling loop 'Loop-2' (sha256_impl.c:256) in function 'sha256_transform' completely with a factor of 48.
INFO: [HLS 200-489] Unrolling loop 'Loop-3' (sha256_impl.c:269) in function 'sha256_transform' completely with a factor of 64.
INFO: [XFORM 203-102] Partitioning array 'm' (sha256_impl.c:250) automatically.
INFO: [XFORM 203-102] Partitioning array 'sha256ctx.bitlen' (sha256.c:32) automatically.
INFO: [XFORM 203-102] Partitioning array 'sha256ctx.state' (sha256.c:32) automatically.
INFO: [XFORM 203-101] Partitioning array 'sha256ctx.data' (sha256.c:32) in dimension 1 with a cyclic factor 4.
INFO: [XFORM 203-602] Inlining function 'update_rtl_key' into 'sha256' (sha256.c:22) automatically.
INFO: [XFORM 203-401] Performing if-conversion on hyperblock to (sha256_impl.c:83:1) in function 'ROTRIGHT'... converting 4 basic blocks.
INFO: [XFORM 203-401] Performing if-conversion on hyperblock from (sha256_impl.c:130:31) to (sha256_impl.c:149:1) in function 'MAJ'... converting 4 basic blocks.
INFO: [XFORM 203-401] Performing if-conversion on hyperblock from (sha256_impl.c:90:30) to (sha256_impl.c:123:1) in function 'CH'... converting 4 basic blocks.
INFO: [XFORM 203-602] Inlining function 'ROTRIGHT' into 'SIG1' (sha256_impl.c:231) automatically.
INFO: [XFORM 203-602] Inlining function 'ROTRIGHT' into 'SIG0' (sha256_impl.c:205) automatically.
INFO: [XFORM 203-602] Inlining function 'ROTRIGHT' into 'EP1' (sha256_impl.c:184) automatically.
INFO: [XFORM 203-602] Inlining function 'ROTRIGHT' into 'EP0' (sha256_impl.c:161) automatically.
INFO: [XFORM 203-11] Balancing expressions in function 'sha256_transform' (sha256_impl.c:248)...601 expression(s) balanced.
INFO: [XFORM 203-11] Balancing expressions in function 'MAJ' (sha256_impl.c:130)...3 expression(s) balanced.
INFO: [HLS 200-111] Finished Pre-synthesis Time (s): cpu = 00:00:04 ; elapsed = 00:00:20 . Memory (MB): peak = 175.000 ; gain = 83.813
INFO: [HLS 200-111] Finished Architecture Synthesis Time (s): cpu = 00:00:07 ; elapsed = 00:00:23 . Memory (MB): peak = 243.480 ; gain = 152.293
INFO: [HLS 200-10] Starting hardware synthesis ...
INFO: [HLS 200-10] Synthesizing 'sha256' ...
WARNING: [SYN 201-107] Renaming port name 'sha256/rtl_key' to 'sha256/rtl_key_r' to avoid the conflict with HDL keywords or other object names.
INFO: [HLS 200-10] ----------------------------------------------------------------
INFO: [HLS 200-42] -- Implementing module 'SIG1' 
INFO: [HLS 200-10] ----------------------------------------------------------------
INFO: [SCHED 204-11] Starting scheduling ...
INFO: [SCHED 204-61] Pipelining function 'SIG1'.
INFO: [SCHED 204-61] Pipelining result : Target II = 1, Final II = 1, Depth = 1.
INFO: [SCHED 204-11] Finished scheduling.
INFO: [HLS 200-111]  Elapsed time: 23.385 seconds; current allocated memory: 193.020 MB.
INFO: [BIND 205-100] Starting micro-architecture generation ...
INFO: [BIND 205-101] Performing variable lifetime analysis.
INFO: [BIND 205-101] Exploring resource sharing.
INFO: [BIND 205-101] Binding ...
INFO: [BIND 205-100] Finished micro-architecture generation.
INFO: [HLS 200-111]  Elapsed time: 0.057 seconds; current allocated memory: 193.191 MB.
INFO: [HLS 200-10] ----------------------------------------------------------------
INFO: [HLS 200-42] -- Implementing module 'SIG0' 
INFO: [HLS 200-10] ----------------------------------------------------------------
INFO: [SCHED 204-11] Starting scheduling ...
INFO: [SCHED 204-61] Pipelining function 'SIG0'.
INFO: [SCHED 204-61] Pipelining result : Target II = 1, Final II = 1, Depth = 1.
INFO: [SCHED 204-11] Finished scheduling.
INFO: [HLS 200-111]  Elapsed time: 0.076 seconds; current allocated memory: 193.329 MB.
INFO: [BIND 205-100] Starting micro-architecture generation ...
INFO: [BIND 205-101] Performing variable lifetime analysis.
INFO: [BIND 205-101] Exploring resource sharing.
INFO: [BIND 205-101] Binding ...
INFO: [BIND 205-100] Finished micro-architecture generation.
INFO: [HLS 200-111]  Elapsed time: 0.128 seconds; current allocated memory: 193.486 MB.
INFO: [HLS 200-10] ----------------------------------------------------------------
INFO: [HLS 200-42] -- Implementing module 'EP1' 
INFO: [HLS 200-10] ----------------------------------------------------------------
INFO: [SCHED 204-11] Starting scheduling ...
INFO: [SCHED 204-61] Pipelining function 'EP1'.
INFO: [SCHED 204-61] Pipelining result : Target II = 1, Final II = 1, Depth = 1.
INFO: [SCHED 204-11] Finished scheduling.
INFO: [HLS 200-111]  Elapsed time: 0.077 seconds; current allocated memory: 193.606 MB.
INFO: [BIND 205-100] Starting micro-architecture generation ...
INFO: [BIND 205-101] Performing variable lifetime analysis.
INFO: [BIND 205-101] Exploring resource sharing.
INFO: [BIND 205-101] Binding ...
INFO: [BIND 205-100] Finished micro-architecture generation.
INFO: [HLS 200-111]  Elapsed time: 0.06 seconds; current allocated memory: 193.817 MB.
INFO: [HLS 200-10] ----------------------------------------------------------------
INFO: [HLS 200-42] -- Implementing module 'CH' 
INFO: [HLS 200-10] ----------------------------------------------------------------
INFO: [SCHED 204-11] Starting scheduling ...
INFO: [SCHED 204-61] Pipelining function 'CH'.
INFO: [SCHED 204-61] Pipelining result : Target II = 1, Final II = 1, Depth = 1.
INFO: [SCHED 204-11] Finished scheduling.
INFO: [HLS 200-111]  Elapsed time: 0.075 seconds; current allocated memory: 193.868 MB.
INFO: [BIND 205-100] Starting micro-architecture generation ...
INFO: [BIND 205-101] Performing variable lifetime analysis.
INFO: [BIND 205-101] Exploring resource sharing.
INFO: [BIND 205-101] Binding ...
INFO: [BIND 205-100] Finished micro-architecture generation.
INFO: [HLS 200-111]  Elapsed time: 0.051 seconds; current allocated memory: 193.930 MB.
INFO: [HLS 200-10] ----------------------------------------------------------------
INFO: [HLS 200-42] -- Implementing module 'EP0' 
INFO: [HLS 200-10] ----------------------------------------------------------------
INFO: [SCHED 204-11] Starting scheduling ...
INFO: [SCHED 204-61] Pipelining function 'EP0'.
INFO: [SCHED 204-61] Pipelining result : Target II = 1, Final II = 1, Depth = 1.
INFO: [SCHED 204-11] Finished scheduling.
INFO: [HLS 200-111]  Elapsed time: 0.071 seconds; current allocated memory: 194.067 MB.
INFO: [BIND 205-100] Starting micro-architecture generation ...
INFO: [BIND 205-101] Performing variable lifetime analysis.
INFO: [BIND 205-101] Exploring resource sharing.
INFO: [BIND 205-101] Binding ...
INFO: [BIND 205-100] Finished micro-architecture generation.
INFO: [HLS 200-111]  Elapsed time: 0.063 seconds; current allocated memory: 194.241 MB.
INFO: [HLS 200-10] ----------------------------------------------------------------
INFO: [HLS 200-42] -- Implementing module 'MAJ' 
INFO: [HLS 200-10] ----------------------------------------------------------------
INFO: [SCHED 204-11] Starting scheduling ...
INFO: [SCHED 204-61] Pipelining function 'MAJ'.
INFO: [SCHED 204-61] Pipelining result : Target II = 1, Final II = 1, Depth = 1.
INFO: [SCHED 204-11] Finished scheduling.
INFO: [HLS 200-111]  Elapsed time: 0.077 seconds; current allocated memory: 194.285 MB.
INFO: [BIND 205-100] Starting micro-architecture generation ...
INFO: [BIND 205-101] Performing variable lifetime analysis.
INFO: [BIND 205-101] Exploring resource sharing.
INFO: [BIND 205-101] Binding ...
INFO: [BIND 205-100] Finished micro-architecture generation.
INFO: [HLS 200-111]  Elapsed time: 0.053 seconds; current allocated memory: 194.357 MB.
INFO: [HLS 200-10] ----------------------------------------------------------------
INFO: [HLS 200-42] -- Implementing module 'sha256_transform' 
INFO: [HLS 200-10] ----------------------------------------------------------------
INFO: [SCHED 204-11] Starting scheduling ...
INFO: [SCHED 204-61] Pipelining function 'sha256_transform'.
WARNING: [SCHED 204-69] Unable to schedule 'load' operation ('data_0_load_2', sha256_impl.c:254) on array 'data_0' due to limited memory ports. Please consider using a memory core with more ports or partitioning the array 'data_0'.
INFO: [SCHED 204-61] Pipelining result : Target II = 1, Final II = 8, Depth = 132.
INFO: [SCHED 204-11] Finished scheduling.
INFO: [HLS 200-111]  Elapsed time: 7.013 seconds; current allocated memory: 197.038 MB.
INFO: [BIND 205-100] Starting micro-architecture generation ...
INFO: [BIND 205-101] Performing variable lifetime analysis.
INFO: [BIND 205-101] Exploring resource sharing.
INFO: [BIND 205-101] Binding ...
INFO: [BIND 205-100] Finished micro-architecture generation.
INFO: [HLS 200-111]  Elapsed time: 1.045 seconds; current allocated memory: 201.157 MB.
INFO: [HLS 200-10] ----------------------------------------------------------------
INFO: [HLS 200-42] -- Implementing module 'sha256_update' 
INFO: [HLS 200-10] ----------------------------------------------------------------
INFO: [SCHED 204-11] Starting scheduling ...
INFO: [SCHED 204-11] Finished scheduling.
INFO: [HLS 200-111]  Elapsed time: 0.902 seconds; current allocated memory: 202.169 MB.
INFO: [HLS 200-434] Only 0 loops out of a total 1 loops have been pipelined in this design.
INFO: [BIND 205-100] Starting micro-architecture generation ...
INFO: [BIND 205-101] Performing variable lifetime analysis.
INFO: [BIND 205-101] Exploring resource sharing.
INFO: [BIND 205-101] Binding ...
INFO: [BIND 205-100] Finished micro-architecture generation.
INFO: [HLS 200-111]  Elapsed time: 0.311 seconds; current allocated memory: 203.300 MB.
INFO: [HLS 200-10] ----------------------------------------------------------------
INFO: [HLS 200-42] -- Implementing module 'sha256_final' 
INFO: [HLS 200-10] ----------------------------------------------------------------
INFO: [SCHED 204-11] Starting scheduling ...
WARNING: [SCHED 204-65] Unable to satisfy pipeline directive: Function contains subloop(s) not being unrolled.
INFO: [SCHED 204-11] Finished scheduling.
INFO: [HLS 200-111]  Elapsed time: 0.654 seconds; current allocated memory: 204.974 MB.
INFO: [BIND 205-100] Starting micro-architecture generation ...
INFO: [BIND 205-101] Performing variable lifetime analysis.
INFO: [BIND 205-101] Exploring resource sharing.
INFO: [BIND 205-101] Binding ...
INFO: [BIND 205-100] Finished micro-architecture generation.
INFO: [HLS 200-111]  Elapsed time: 0.583 seconds; current allocated memory: 207.927 MB.
INFO: [HLS 200-10] ----------------------------------------------------------------
INFO: [HLS 200-42] -- Implementing module 'sha256' 
INFO: [HLS 200-10] ----------------------------------------------------------------
INFO: [SCHED 204-11] Starting scheduling ...
INFO: [SCHED 204-11] Finished scheduling.
INFO: [HLS 200-111]  Elapsed time: 0.692 seconds; current allocated memory: 208.850 MB.
INFO: [BIND 205-100] Starting micro-architecture generation ...
INFO: [BIND 205-101] Performing variable lifetime analysis.
INFO: [BIND 205-101] Exploring resource sharing.
INFO: [BIND 205-101] Binding ...
INFO: [BIND 205-100] Finished micro-architecture generation.
INFO: [HLS 200-111]  Elapsed time: 1.29 seconds; current allocated memory: 210.310 MB.
INFO: [HLS 200-10] ----------------------------------------------------------------
INFO: [HLS 200-10] -- Generating RTL for module 'SIG1' 
INFO: [HLS 200-10] ----------------------------------------------------------------
INFO: [RTGEN 206-100] Finished creating RTL model for 'SIG1'.
INFO: [HLS 200-111]  Elapsed time: 1.304 seconds; current allocated memory: 211.672 MB.
INFO: [HLS 200-10] ----------------------------------------------------------------
INFO: [HLS 200-10] -- Generating RTL for module 'SIG0' 
INFO: [HLS 200-10] ----------------------------------------------------------------
INFO: [RTGEN 206-100] Finished creating RTL model for 'SIG0'.
INFO: [HLS 200-111]  Elapsed time: 0.12 seconds; current allocated memory: 212.062 MB.
INFO: [HLS 200-10] ----------------------------------------------------------------
INFO: [HLS 200-10] -- Generating RTL for module 'EP1' 
INFO: [HLS 200-10] ----------------------------------------------------------------
INFO: [RTGEN 206-100] Finished creating RTL model for 'EP1'.
INFO: [HLS 200-111]  Elapsed time: 0.123 seconds; current allocated memory: 212.391 MB.
INFO: [HLS 200-10] ----------------------------------------------------------------
INFO: [HLS 200-10] -- Generating RTL for module 'CH' 
INFO: [HLS 200-10] ----------------------------------------------------------------
INFO: [RTGEN 206-100] Finished creating RTL model for 'CH'.
INFO: [HLS 200-111]  Elapsed time: 0.117 seconds; current allocated memory: 212.522 MB.
INFO: [HLS 200-10] ----------------------------------------------------------------
INFO: [HLS 200-10] -- Generating RTL for module 'EP0' 
INFO: [HLS 200-10] ----------------------------------------------------------------
INFO: [RTGEN 206-100] Finished creating RTL model for 'EP0'.
INFO: [HLS 200-111]  Elapsed time: 0.096 seconds; current allocated memory: 212.829 MB.
INFO: [HLS 200-10] ----------------------------------------------------------------
INFO: [HLS 200-10] -- Generating RTL for module 'MAJ' 
INFO: [HLS 200-10] ----------------------------------------------------------------
INFO: [RTGEN 206-100] Finished creating RTL model for 'MAJ'.
INFO: [HLS 200-111]  Elapsed time: 0.121 seconds; current allocated memory: 213.001 MB.
INFO: [HLS 200-10] ----------------------------------------------------------------
INFO: [HLS 200-10] -- Generating RTL for module 'sha256_transform' 
INFO: [HLS 200-10] ----------------------------------------------------------------
INFO: [RTGEN 206-104] Estimated max fanout for 'sha256_transform' is 5952 from HDL expression: ((1'b1 == ap_CS_fsm_pp0_stage0) & (1'b0 == ap_block_pp0_stage0_11001) & (1'b1 == ap_ce))
INFO: [RTGEN 206-100] Finished creating RTL model for 'sha256_transform'.
INFO: [HLS 200-111]  Elapsed time: 0.649 seconds; current allocated memory: 219.968 MB.
INFO: [HLS 200-10] ----------------------------------------------------------------
INFO: [HLS 200-10] -- Generating RTL for module 'sha256_update' 
INFO: [HLS 200-10] ----------------------------------------------------------------
INFO: [RTGEN 206-100] Finished creating RTL model for 'sha256_update'.
INFO: [HLS 200-111]  Elapsed time: 2.693 seconds; current allocated memory: 223.970 MB.
INFO: [HLS 200-10] ----------------------------------------------------------------
INFO: [HLS 200-10] -- Generating RTL for module 'sha256_final' 
INFO: [HLS 200-10] ----------------------------------------------------------------
INFO: [RTGEN 206-100] Finished creating RTL model for 'sha256_final'.
INFO: [HLS 200-111]  Elapsed time: 0.998 seconds; current allocated memory: 227.873 MB.
INFO: [HLS 200-10] ----------------------------------------------------------------
INFO: [HLS 200-10] -- Generating RTL for module 'sha256' 
INFO: [HLS 200-10] ----------------------------------------------------------------
INFO: [RTGEN 206-500] Setting interface mode on port 'sha256/rtl_key' to 'ap_none'.
INFO: [RTGEN 206-500] Setting interface mode on port 'sha256/data' to 's_axilite & ap_memory'.
INFO: [RTGEN 206-500] Setting interface mode on port 'sha256/base_offset' to 's_axilite & ap_none'.
INFO: [RTGEN 206-500] Setting interface mode on port 'sha256/bytes' to 's_axilite & ap_none'.
INFO: [RTGEN 206-500] Setting interface mode on port 'sha256/digest' to 's_axilite & ap_memory'.
INFO: [RTGEN 206-500] Setting interface mode on function 'sha256' to 's_axilite & ap_ctrl_hs'.
WARNING: [RTGEN 206-101] Register 'rtl_key_r' is power-on initialization.
INFO: [RTGEN 206-100] Bundling port 'return', 'data', 'base_offset', 'bytes' and 'digest' to AXI-Lite port AXILiteS.
INFO: [SYN 201-210] Renamed object name 'sha256_sha256ctx_data_0' to 'sha256_sha256ctx_bkb' due to the length limit 20
INFO: [SYN 201-210] Renamed object name 'sha256_sha256ctx_data_1' to 'sha256_sha256ctx_cud' due to the length limit 20
INFO: [SYN 201-210] Renamed object name 'sha256_sha256ctx_data_2' to 'sha256_sha256ctx_dEe' due to the length limit 20
INFO: [SYN 201-210] Renamed object name 'sha256_sha256ctx_data_3' to 'sha256_sha256ctx_eOg' due to the length limit 20
INFO: [RTGEN 206-100] Finished creating RTL model for 'sha256'.
INFO: [HLS 200-111]  Elapsed time: 1.237 seconds; current allocated memory: 229.644 MB.
INFO: [RTMG 210-278] Implementing memory 'sha256_seg_buf_ram (RAM)' using block RAMs.
INFO: [RTMG 210-278] Implementing memory 'sha256_sha256ctx_bkb_ram (RAM)' using block RAMs.
INFO: [HLS 200-111] Finished generating all RTL models Time (s): cpu = 00:00:28 ; elapsed = 00:00:47 . Memory (MB): peak = 328.777 ; gain = 237.590
INFO: [VHDL 208-304] Generating VHDL RTL for sha256.
INFO: [VLOG 209-307] Generating Verilog RTL for sha256.
INFO: [HLS 200-112] Total elapsed time: 47.415 seconds; peak allocated memory: 229.644 MB.
