INFO: [SIM 2] *************** CSIM start ***************
INFO: [SIM 4] CSIM will launch GCC as the compiler.
make: 'csim.exe' is up to date.
Data to hash: ABCDEFGHIJKLMNOPQRSTUVWXYZABCDEFGHIJKLMNOPQRSTUVWXYZABCDEFGHIJKLMNOPQRSTUVWXYZABCDEFGHIJKLMNOPQRSTUVWXYZABCDEFGHIJKLMNOPQRSTUVWXYZABCDEFGHIJKLMNOPQRSTUVWXYZABCDEFGHIJKLMNOPQRSTUVWXYZABCDEFGHIJKLMNOPQRSTUVWXYZABCDEFGHIJKLMNOPQRSTUVWXYZABCDEFGHIJKLMNOPQRSTUV

Test 0, base: 0 length 0:
SHA256_SW: E3 B0 C4 42 98 FC 1C 14 9A FB F4 C8 99 6F B9 24 27 AE 41 E4 64 9B 93 4C A4 95 99 1B 78 52 B8 55 
SHA256_HW: 78 03 24 CD 2B 6D 2B 08 0A E2 3D FD 73 97 BB 11 46 C2 D0 C4 C1 AB EB 07 F9 71 05 EA 98 AF 04 5E 
FAILED

Test 1, base: 1 length 1:
SHA256_SW: CC 47 22 3B 1B 04 B0 92 4D 3C 25 AA 28 64 AC 10 8D 42 E3 56 37 5C AB 39 3F 1F 5A B6 34 6C 48 36 
SHA256_HW: 9A 18 66 53 BE CD 0A F7 86 55 FC A1 B7 7C C5 EA 2C 84 F7 46 CF C3 F9 04 C8 D5 BC 0F 99 0E 8F D3 
FAILED

Test 2, base: 0 length 64:
SHA256_SW: AC 2B 91 1B 6B 5C F4 34 E0 AC F7 ED 89 48 3F 41 E8 A2 C7 47 14 96 8F 4E CB 9F 6D 46 66 BE CC D9 
SHA256_HW: AA CF 75 BF 92 BA 7D 2B CC BD CD EB 72 BC DD 8F 8D 92 33 06 E3 3F 71 A1 BD 6A 0A 85 89 31 66 06 
FAILED

Test 3, base: 3 length 127:
SHA256_SW: 00 68 7A C2 16 D9 C9 72 A5 F1 20 F9 04 2D EC AA D3 A1 10 04 40 EC 02 79 A9 CF 82 B0 71 C8 9D 1B 
SHA256_HW: 68 FC 44 50 62 F0 5C 58 3F C2 CD 84 8C 23 50 A3 53 56 AC 13 D8 8C 4E 6E 96 3B 9E DB 76 18 B4 CD 
FAILED

Test 4, base: 0 length 256:
SHA256_SW: 5C 7A 2C 9D D3 BD EB 33 EF 31 46 B5 D8 55 5F 29 3F AB 7B B3 A2 46 22 5D 41 31 13 76 63 83 0D 38 
SHA256_HW: 1B BA 3A 9D DE 81 59 2F 67 BF 43 3E F1 54 61 76 CE 56 DB A8 A0 FB 93 6F 2F C4 E2 19 6A 3B 6F 53 
FAILED

ERR: [SIM 100] 'csim_design' failed: nonzero return value.
INFO: [SIM 3] *************** CSIM finish ***************
