

================================================================
== Vivado HLS Report for 'sha256_final'
================================================================
* Date:           Sat Apr 10 16:51:19 2021

* Version:        2019.1 (Build 2552052 on Fri May 24 15:28:33 MDT 2019)
* Project:        branch_project
* Solution:       solution1
* Product family: zynq
* Target device:  xc7z020-clg484-1


================================================================
== Performance Estimates
================================================================
+ Timing (ns): 
    * Summary: 
    +--------+-------+----------+------------+
    |  Clock | Target| Estimated| Uncertainty|
    +--------+-------+----------+------------+
    |ap_clk  |  10.00|     8.750|        1.25|
    +--------+-------+----------+------------+

+ Latency (clock cycles): 
    * Summary: 
    +-----+-----+-----+-----+---------+
    |  Latency  |  Interval | Pipeline|
    | min | max | min | max |   Type  |
    +-----+-----+-----+-----+---------+
    |  123|  242|  123|  242|   none  |
    +-----+-----+-----+-----+---------+

    + Detail: 
        * Instance: 
        +------------------------------+------------------+-----+-----+-----+-----+----------+
        |                              |                  |  Latency  |  Interval | Pipeline |
        |           Instance           |      Module      | min | max | min | max |   Type   |
        +------------------------------+------------------+-----+-----+-----+-----+----------+
        |grp_sha256_transform_fu_1363  |sha256_transform  |   98|   98|    8|    8| function |
        +------------------------------+------------------+-----+-----+-----+-----+----------+

        * Loop: 
        +----------+-----+-----+----------+-----------+-----------+--------+----------+
        |          |  Latency  | Iteration|  Initiation Interval  |  Trip  |          |
        | Loop Name| min | max |  Latency |  achieved |   target  |  Count | Pipelined|
        +----------+-----+-----+----------+-----------+-----------+--------+----------+
        |- Loop 1  |    0|    8|         1|          -|          -|  0 ~ 8 |    no    |
        |- Loop 2  |    0|   56|         1|          -|          -| 0 ~ 56 |    no    |
        +----------+-----+-----+----------+-----------+-----------+--------+----------+



================================================================
== Utilization Estimates
================================================================
* Summary: 
+-----------------+---------+-------+--------+-------+-----+
|       Name      | BRAM_18K| DSP48E|   FF   |  LUT  | URAM|
+-----------------+---------+-------+--------+-------+-----+
|DSP              |        -|      -|       -|      -|    -|
|Expression       |        -|      -|       0|    134|    -|
|FIFO             |        -|      -|       -|      -|    -|
|Instance         |        0|      -|   15381|  18998|    -|
|Memory           |        -|      -|       -|      -|    -|
|Multiplexer      |        -|      -|       -|   2167|    -|
|Register         |        -|      -|    1070|      -|    -|
+-----------------+---------+-------+--------+-------+-----+
|Total            |        0|      0|   16451|  21299|    0|
+-----------------+---------+-------+--------+-------+-----+
|Available        |      280|    220|  106400|  53200|    0|
+-----------------+---------+-------+--------+-------+-----+
|Utilization (%)  |        0|      0|      15|     40|    0|
+-----------------+---------+-------+--------+-------+-----+

+ Detail: 
    * Instance: 
    +------------------------------+------------------+---------+-------+-------+-------+-----+
    |           Instance           |      Module      | BRAM_18K| DSP48E|   FF  |  LUT  | URAM|
    +------------------------------+------------------+---------+-------+-------+-------+-----+
    |grp_sha256_transform_fu_1363  |sha256_transform  |        0|      0|  15381|  18998|    0|
    +------------------------------+------------------+---------+-------+-------+-------+-----+
    |Total                         |                  |        0|      0|  15381|  18998|    0|
    +------------------------------+------------------+---------+-------+-------+-------+-----+

    * DSP48E: 
    N/A

    * Memory: 
    N/A

    * FIFO: 
    N/A

    * Expression: 
    +-----------------------+----------+-------+---+----+------------+------------+
    |     Variable Name     | Operation| DSP48E| FF| LUT| Bitwidth P0| Bitwidth P1|
    +-----------------------+----------+-------+---+----+------------+------------+
    |i_1_fu_1515_p2         |     +    |      0|  0|  39|          32|           1|
    |i_fu_1481_p2           |     +    |      0|  0|  39|          32|           1|
    |icmp_ln171_fu_1445_p2  |   icmp   |      0|  0|  18|          32|           6|
    |icmp_ln174_fu_1531_p2  |   icmp   |      0|  0|  18|          26|           1|
    |icmp_ln188_fu_1487_p2  |   icmp   |      0|  0|  18|          32|           6|
    |xor_ln171_fu_1451_p2   |    xor   |      0|  0|   2|           1|           1|
    +-----------------------+----------+-------+---+----+------------+------------+
    |Total                  |          |      0|  0| 134|         155|          16|
    +-----------------------+----------+-------+---+----+------------+------------+

    * Multiplexer: 
    +-----------------------------------------------+------+-----------+-----+-----------+
    |                      Name                     |  LUT | Input Size| Bits| Total Bits|
    +-----------------------------------------------+------+-----------+-----+-----------+
    |ap_NS_fsm                                      |  1013|        237|    1|        237|
    |ctx_data_0_address0                            |    59|         14|    4|         56|
    |ctx_data_0_address1                            |    47|         10|    4|         40|
    |ctx_data_0_ce0                                 |    15|          3|    1|          3|
    |ctx_data_0_ce1                                 |    15|          3|    1|          3|
    |ctx_data_0_d0                                  |    15|          3|    8|         24|
    |ctx_data_1_address0                            |    59|         14|    4|         56|
    |ctx_data_1_address1                            |    47|         10|    4|         40|
    |ctx_data_1_ce0                                 |    15|          3|    1|          3|
    |ctx_data_1_ce1                                 |    15|          3|    1|          3|
    |ctx_data_1_d0                                  |    15|          3|    8|         24|
    |ctx_data_2_address0                            |    59|         14|    4|         56|
    |ctx_data_2_address1                            |    47|         10|    4|         40|
    |ctx_data_2_ce0                                 |    15|          3|    1|          3|
    |ctx_data_2_ce1                                 |    15|          3|    1|          3|
    |ctx_data_2_d0                                  |    15|          3|    8|         24|
    |ctx_data_3_address0                            |    59|         14|    4|         56|
    |ctx_data_3_address1                            |    47|         10|    4|         40|
    |ctx_data_3_ce0                                 |    15|          3|    1|          3|
    |ctx_data_3_ce1                                 |    15|          3|    1|          3|
    |ctx_data_3_d0                                  |    15|          3|    8|         24|
    |ctx_state_0_0_reg_1283                         |     9|          2|   32|         64|
    |ctx_state_1_0_reg_1293                         |     9|          2|   32|         64|
    |ctx_state_2_0_reg_1303                         |     9|          2|   32|         64|
    |ctx_state_3_0_reg_1313                         |     9|          2|   32|         64|
    |ctx_state_4_0_reg_1323                         |     9|          2|   32|         64|
    |ctx_state_5_0_reg_1333                         |     9|          2|   32|         64|
    |ctx_state_6_0_reg_1343                         |     9|          2|   32|         64|
    |ctx_state_7_0_reg_1353                         |     9|          2|   32|         64|
    |grp_sha256_transform_fu_1363_ctx_state_0_read  |    15|          3|   32|         96|
    |grp_sha256_transform_fu_1363_ctx_state_1_read  |    15|          3|   32|         96|
    |grp_sha256_transform_fu_1363_ctx_state_2_read  |    15|          3|   32|         96|
    |grp_sha256_transform_fu_1363_ctx_state_3_read  |    15|          3|   32|         96|
    |grp_sha256_transform_fu_1363_ctx_state_4_read  |    15|          3|   32|         96|
    |grp_sha256_transform_fu_1363_ctx_state_5_read  |    15|          3|   32|         96|
    |grp_sha256_transform_fu_1363_ctx_state_6_read  |    15|          3|   32|         96|
    |grp_sha256_transform_fu_1363_ctx_state_7_read  |    15|          3|   32|         96|
    |hash_address0                                  |    85|         17|    6|        102|
    |hash_address1                                  |    85|         17|    6|        102|
    |hash_d0                                        |    85|         17|    8|        136|
    |hash_d1                                        |    85|         17|    8|        136|
    |i_0_in_reg_1274                                |     9|          2|   32|         64|
    |i_2_in_reg_1265                                |     9|          2|   32|         64|
    +-----------------------------------------------+------+-----------+-----+-----------+
    |Total                                          |  2167|        481|  677|       2625|
    +-----------------------------------------------+------+-----------+-----+-----------+

    * Register: 
    +-------------------------------------------+-----+----+-----+-----------+
    |                    Name                   |  FF | LUT| Bits| Const Bits|
    +-------------------------------------------+-----+----+-----+-----------+
    |ap_CS_fsm                                  |  236|   0|  236|          0|
    |ctx_state_0_0_reg_1283                     |   32|   0|   32|          0|
    |ctx_state_0_ret1_reg_1917                  |   32|   0|   32|          0|
    |ctx_state_1_0_reg_1293                     |   32|   0|   32|          0|
    |ctx_state_1_ret1_reg_1922                  |   32|   0|   32|          0|
    |ctx_state_2_0_reg_1303                     |   32|   0|   32|          0|
    |ctx_state_2_ret1_reg_1927                  |   32|   0|   32|          0|
    |ctx_state_3_0_reg_1313                     |   32|   0|   32|          0|
    |ctx_state_3_ret1_reg_1932                  |   32|   0|   32|          0|
    |ctx_state_4_0_reg_1323                     |   32|   0|   32|          0|
    |ctx_state_4_ret1_reg_1937                  |   32|   0|   32|          0|
    |ctx_state_5_0_reg_1333                     |   32|   0|   32|          0|
    |ctx_state_5_ret1_reg_1942                  |   32|   0|   32|          0|
    |ctx_state_6_0_reg_1343                     |   32|   0|   32|          0|
    |ctx_state_6_ret1_reg_1947                  |   32|   0|   32|          0|
    |ctx_state_7_0_reg_1353                     |   32|   0|   32|          0|
    |ctx_state_7_ret1_reg_1952                  |   32|   0|   32|          0|
    |grp_sha256_transform_fu_1363_ap_start_reg  |    1|   0|    1|          0|
    |i_0_in_reg_1274                            |   32|   0|   32|          0|
    |i_2_in_reg_1265                            |   32|   0|   32|          0|
    |trunc_ln1_reg_1992                         |    8|   0|    8|          0|
    |trunc_ln211_1_reg_1997                     |    8|   0|    8|          0|
    |trunc_ln211_2_reg_2037                     |    8|   0|    8|          0|
    |trunc_ln211_reg_2077                       |    8|   0|    8|          0|
    |trunc_ln212_1_reg_2002                     |    8|   0|    8|          0|
    |trunc_ln212_2_reg_2042                     |    8|   0|    8|          0|
    |trunc_ln212_reg_2082                       |    8|   0|    8|          0|
    |trunc_ln213_1_reg_2007                     |    8|   0|    8|          0|
    |trunc_ln213_2_reg_2047                     |    8|   0|    8|          0|
    |trunc_ln213_reg_2087                       |    8|   0|    8|          0|
    |trunc_ln214_1_reg_2012                     |    8|   0|    8|          0|
    |trunc_ln214_2_reg_2052                     |    8|   0|    8|          0|
    |trunc_ln214_reg_2092                       |    8|   0|    8|          0|
    |trunc_ln215_1_reg_2017                     |    8|   0|    8|          0|
    |trunc_ln215_2_reg_2057                     |    8|   0|    8|          0|
    |trunc_ln215_reg_2097                       |    8|   0|    8|          0|
    |trunc_ln216_1_reg_2022                     |    8|   0|    8|          0|
    |trunc_ln216_2_reg_2062                     |    8|   0|    8|          0|
    |trunc_ln216_reg_2102                       |    8|   0|    8|          0|
    |trunc_ln217_1_reg_2027                     |    8|   0|    8|          0|
    |trunc_ln217_2_reg_2067                     |    8|   0|    8|          0|
    |trunc_ln217_reg_2107                       |    8|   0|    8|          0|
    |trunc_ln218_1_reg_2032                     |    8|   0|    8|          0|
    |trunc_ln218_2_reg_2072                     |    8|   0|    8|          0|
    |trunc_ln218_reg_2112                       |    8|   0|    8|          0|
    |trunc_ln4_reg_1957                         |    8|   0|    8|          0|
    |trunc_ln5_reg_1962                         |    8|   0|    8|          0|
    |trunc_ln6_reg_1967                         |    8|   0|    8|          0|
    |trunc_ln7_reg_1972                         |    8|   0|    8|          0|
    |trunc_ln8_reg_1977                         |    8|   0|    8|          0|
    |trunc_ln9_reg_1982                         |    8|   0|    8|          0|
    |trunc_ln_reg_1987                          |    8|   0|    8|          0|
    |xor_ln171_reg_1885                         |    1|   0|    1|          0|
    +-------------------------------------------+-----+----+-----+-----------+
    |Total                                      | 1070|   0| 1070|          0|
    +-------------------------------------------+-----+----+-----+-----------+



================================================================
== Interface
================================================================
* Summary: 
+---------------------+-----+-----+------------+------------------+--------------+
|      RTL Ports      | Dir | Bits|  Protocol  |   Source Object  |    C Type    |
+---------------------+-----+-----+------------+------------------+--------------+
|ap_clk               |  in |    1| ap_ctrl_hs |   sha256_final   | return value |
|ap_rst               |  in |    1| ap_ctrl_hs |   sha256_final   | return value |
|ap_start             |  in |    1| ap_ctrl_hs |   sha256_final   | return value |
|ap_done              | out |    1| ap_ctrl_hs |   sha256_final   | return value |
|ap_idle              | out |    1| ap_ctrl_hs |   sha256_final   | return value |
|ap_ready             | out |    1| ap_ctrl_hs |   sha256_final   | return value |
|ctx_data_0_address0  | out |    4|  ap_memory |    ctx_data_0    |     array    |
|ctx_data_0_ce0       | out |    1|  ap_memory |    ctx_data_0    |     array    |
|ctx_data_0_we0       | out |    1|  ap_memory |    ctx_data_0    |     array    |
|ctx_data_0_d0        | out |    8|  ap_memory |    ctx_data_0    |     array    |
|ctx_data_0_q0        |  in |    8|  ap_memory |    ctx_data_0    |     array    |
|ctx_data_0_address1  | out |    4|  ap_memory |    ctx_data_0    |     array    |
|ctx_data_0_ce1       | out |    1|  ap_memory |    ctx_data_0    |     array    |
|ctx_data_0_we1       | out |    1|  ap_memory |    ctx_data_0    |     array    |
|ctx_data_0_d1        | out |    8|  ap_memory |    ctx_data_0    |     array    |
|ctx_data_0_q1        |  in |    8|  ap_memory |    ctx_data_0    |     array    |
|ctx_data_1_address0  | out |    4|  ap_memory |    ctx_data_1    |     array    |
|ctx_data_1_ce0       | out |    1|  ap_memory |    ctx_data_1    |     array    |
|ctx_data_1_we0       | out |    1|  ap_memory |    ctx_data_1    |     array    |
|ctx_data_1_d0        | out |    8|  ap_memory |    ctx_data_1    |     array    |
|ctx_data_1_q0        |  in |    8|  ap_memory |    ctx_data_1    |     array    |
|ctx_data_1_address1  | out |    4|  ap_memory |    ctx_data_1    |     array    |
|ctx_data_1_ce1       | out |    1|  ap_memory |    ctx_data_1    |     array    |
|ctx_data_1_we1       | out |    1|  ap_memory |    ctx_data_1    |     array    |
|ctx_data_1_d1        | out |    8|  ap_memory |    ctx_data_1    |     array    |
|ctx_data_1_q1        |  in |    8|  ap_memory |    ctx_data_1    |     array    |
|ctx_data_2_address0  | out |    4|  ap_memory |    ctx_data_2    |     array    |
|ctx_data_2_ce0       | out |    1|  ap_memory |    ctx_data_2    |     array    |
|ctx_data_2_we0       | out |    1|  ap_memory |    ctx_data_2    |     array    |
|ctx_data_2_d0        | out |    8|  ap_memory |    ctx_data_2    |     array    |
|ctx_data_2_q0        |  in |    8|  ap_memory |    ctx_data_2    |     array    |
|ctx_data_2_address1  | out |    4|  ap_memory |    ctx_data_2    |     array    |
|ctx_data_2_ce1       | out |    1|  ap_memory |    ctx_data_2    |     array    |
|ctx_data_2_we1       | out |    1|  ap_memory |    ctx_data_2    |     array    |
|ctx_data_2_d1        | out |    8|  ap_memory |    ctx_data_2    |     array    |
|ctx_data_2_q1        |  in |    8|  ap_memory |    ctx_data_2    |     array    |
|ctx_data_3_address0  | out |    4|  ap_memory |    ctx_data_3    |     array    |
|ctx_data_3_ce0       | out |    1|  ap_memory |    ctx_data_3    |     array    |
|ctx_data_3_we0       | out |    1|  ap_memory |    ctx_data_3    |     array    |
|ctx_data_3_d0        | out |    8|  ap_memory |    ctx_data_3    |     array    |
|ctx_data_3_q0        |  in |    8|  ap_memory |    ctx_data_3    |     array    |
|ctx_data_3_address1  | out |    4|  ap_memory |    ctx_data_3    |     array    |
|ctx_data_3_ce1       | out |    1|  ap_memory |    ctx_data_3    |     array    |
|ctx_data_3_we1       | out |    1|  ap_memory |    ctx_data_3    |     array    |
|ctx_data_3_d1        | out |    8|  ap_memory |    ctx_data_3    |     array    |
|ctx_data_3_q1        |  in |    8|  ap_memory |    ctx_data_3    |     array    |
|ctx_datalen_read     |  in |   32|   ap_none  | ctx_datalen_read |    scalar    |
|p_read3              |  in |   32|   ap_none  |      p_read3     |    scalar    |
|p_read4              |  in |   32|   ap_none  |      p_read4     |    scalar    |
|p_read5              |  in |   32|   ap_none  |      p_read5     |    scalar    |
|p_read6              |  in |   32|   ap_none  |      p_read6     |    scalar    |
|p_read7              |  in |   32|   ap_none  |      p_read7     |    scalar    |
|p_read8              |  in |   32|   ap_none  |      p_read8     |    scalar    |
|p_read9              |  in |   32|   ap_none  |      p_read9     |    scalar    |
|p_read10             |  in |   32|   ap_none  |     p_read10     |    scalar    |
|hash_address0        | out |    6|  ap_memory |       hash       |     array    |
|hash_ce0             | out |    1|  ap_memory |       hash       |     array    |
|hash_we0             | out |    1|  ap_memory |       hash       |     array    |
|hash_d0              | out |    8|  ap_memory |       hash       |     array    |
|hash_address1        | out |    6|  ap_memory |       hash       |     array    |
|hash_ce1             | out |    1|  ap_memory |       hash       |     array    |
|hash_we1             | out |    1|  ap_memory |       hash       |     array    |
|hash_d1              | out |    8|  ap_memory |       hash       |     array    |
|br_key_r             |  in |   32|   ap_none  |     br_key_r     |    pointer   |
+---------------------+-----+-----+------------+------------------+--------------+

