

================================================================
== Vivado HLS Report for 'SIG1'
================================================================
* Date:           Sat Apr 10 18:02:12 2021

* Version:        2019.1 (Build 2552052 on Fri May 24 15:28:33 MDT 2019)
* Project:        opdp
* Solution:       solution1
* Product family: zynq
* Target device:  xc7z020-clg484-1


================================================================
== Performance Estimates
================================================================
+ Timing (ns): 
    * Summary: 
    +--------+-------+----------+------------+
    |  Clock | Target| Estimated| Uncertainty|
    +--------+-------+----------+------------+
    |ap_clk  |  10.00|     3.755|        1.25|
    +--------+-------+----------+------------+

+ Latency (clock cycles): 
    * Summary: 
    +-----+-----+-----+-----+----------+
    |  Latency  |  Interval | Pipeline |
    | min | max | min | max |   Type   |
    +-----+-----+-----+-----+----------+
    |    0|    0|    1|    1| function |
    +-----+-----+-----+-----+----------+

    + Detail: 
        * Instance: 
        N/A

        * Loop: 
        N/A

============================================================
+ Verbose Summary: Synthesis Manager
============================================================
InlineROM: 1
ExposeGlobal: 0
============================================================
+ Verbose Summary: CDFG Model
============================================================
IsTopModel: 0
ResetActiveHigh: 1
IsCombinational: 0
IsDatapathOnly: 0
HasWiredReturn: 1
HasMFsm: 2
HasVarLatency: 0
IsPipeline: 1
IsRtlPipelined: 0
IsInstanceOverlapped: 0
IsDontTouch: 0
HasImplIP: 0
IsGatedGlobalClock: 0

+ Individual pipeline summary: 
  * Pipeline-0: initiation interval (II) = 1, depth = 1


============================================================
+ Verbose Summary: Schedule
============================================================
* Number of FSM states : 1
* Pipeline : 1
  Pipeline-0 : II = 1, D = 1, States = { 1 }
* Dataflow Pipeline: 0

* FSM state transitions: 
1 --> 

* FSM state operations: 

State 1 <SV = 0> <Delay = 3.75>
ST_1 : Operation 2 [1/1] (0.00ns)   --->   "%x_read = call i32 @_ssdm_op_Read.ap_auto.i32(i32 %x) nounwind" [sha256_impl.c:222]   --->   Operation 2 'read' 'x_read' <Predicate = true> <Delay = 0.00>
ST_1 : Operation 3 [1/1] (0.00ns)   --->   "%rtl_key_load = load i32* @rtl_key_r, align 4" [sha256_impl.c:224]   --->   Operation 3 'load' 'rtl_key_load' <Predicate = true> <Delay = 0.00>
ST_1 : Operation 4 [1/1] (0.00ns)   --->   "%temp = trunc i32 %rtl_key_load to i1" [sha256_impl.c:224]   --->   Operation 4 'trunc' 'temp' <Predicate = true> <Delay = 0.00>
ST_1 : Operation 5 [1/1] (0.00ns)   --->   "%tmp = call i1 @_ssdm_op_BitSelect.i1.i32.i32(i32 %rtl_key_load, i32 6)" [sha256_impl.c:51->sha256_impl.c:232]   --->   Operation 5 'bitselect' 'tmp' <Predicate = true> <Delay = 0.00>
ST_1 : Operation 6 [1/1] (0.00ns)   --->   "br i1 %temp, label %2, label %1" [sha256_impl.c:226]   --->   Operation 6 'br' <Predicate = true> <Delay = 0.00>
ST_1 : Operation 7 [1/1] (0.00ns) (grouped into LUT with out node xor_ln228_1)   --->   "%trunc_ln53_2 = trunc i32 %x_read to i25" [sha256_impl.c:53->sha256_impl.c:228]   --->   Operation 7 'trunc' 'trunc_ln53_2' <Predicate = (!temp & !tmp)> <Delay = 0.00>
ST_1 : Operation 8 [1/1] (0.00ns) (grouped into LUT with out node xor_ln228_1)   --->   "%lshr_ln53_2 = call i7 @_ssdm_op_PartSelect.i7.i32.i32.i32(i32 %x_read, i32 25, i32 31)" [sha256_impl.c:53->sha256_impl.c:228]   --->   Operation 8 'partselect' 'lshr_ln53_2' <Predicate = (!temp & !tmp)> <Delay = 0.00>
ST_1 : Operation 9 [1/1] (0.00ns) (grouped into LUT with out node xor_ln228_1)   --->   "%or_ln53_2 = call i32 @_ssdm_op_BitConcatenate.i32.i25.i7(i25 %trunc_ln53_2, i7 %lshr_ln53_2)" [sha256_impl.c:53->sha256_impl.c:228]   --->   Operation 9 'bitconcatenate' 'or_ln53_2' <Predicate = (!temp & !tmp)> <Delay = 0.00>
ST_1 : Operation 10 [1/1] (0.00ns) (grouped into LUT with out node xor_ln228_1)   --->   "%lshr_ln57_2 = call i25 @_ssdm_op_PartSelect.i25.i32.i32.i32(i32 %x_read, i32 7, i32 31)" [sha256_impl.c:57->sha256_impl.c:228]   --->   Operation 10 'partselect' 'lshr_ln57_2' <Predicate = (!temp & tmp)> <Delay = 0.00>
ST_1 : Operation 11 [1/1] (0.00ns) (grouped into LUT with out node xor_ln228_1)   --->   "%trunc_ln57_2 = trunc i32 %x_read to i7" [sha256_impl.c:57->sha256_impl.c:228]   --->   Operation 11 'trunc' 'trunc_ln57_2' <Predicate = (!temp & tmp)> <Delay = 0.00>
ST_1 : Operation 12 [1/1] (0.00ns) (grouped into LUT with out node xor_ln228_1)   --->   "%or_ln57_2 = call i32 @_ssdm_op_BitConcatenate.i32.i7.i25(i7 %trunc_ln57_2, i25 %lshr_ln57_2)" [sha256_impl.c:57->sha256_impl.c:228]   --->   Operation 12 'bitconcatenate' 'or_ln57_2' <Predicate = (!temp & tmp)> <Delay = 0.00>
ST_1 : Operation 13 [1/1] (0.00ns) (grouped into LUT with out node xor_ln228_1)   --->   "%select_ln51_2 = select i1 %tmp, i32 %or_ln57_2, i32 %or_ln53_2" [sha256_impl.c:51->sha256_impl.c:228]   --->   Operation 13 'select' 'select_ln51_2' <Predicate = (!temp)> <Delay = 0.00> <Core = "Sel">   --->   Core 26 'Sel' <Latency = 0> <II = 1> <Delay = 0.69> <FuncUnit> <Opcode : 'select'> <InPorts = 3> <OutPorts = 1>
ST_1 : Operation 14 [1/1] (0.00ns) (grouped into LUT with out node xor_ln228)   --->   "%trunc_ln53_3 = trunc i32 %x_read to i14" [sha256_impl.c:53->sha256_impl.c:228]   --->   Operation 14 'trunc' 'trunc_ln53_3' <Predicate = (!temp & !tmp)> <Delay = 0.00>
ST_1 : Operation 15 [1/1] (0.00ns) (grouped into LUT with out node xor_ln228)   --->   "%lshr_ln53_3 = call i18 @_ssdm_op_PartSelect.i18.i32.i32.i32(i32 %x_read, i32 14, i32 31)" [sha256_impl.c:53->sha256_impl.c:228]   --->   Operation 15 'partselect' 'lshr_ln53_3' <Predicate = (!temp & !tmp)> <Delay = 0.00>
ST_1 : Operation 16 [1/1] (0.00ns) (grouped into LUT with out node xor_ln228)   --->   "%or_ln53_3 = call i32 @_ssdm_op_BitConcatenate.i32.i14.i18(i14 %trunc_ln53_3, i18 %lshr_ln53_3)" [sha256_impl.c:53->sha256_impl.c:228]   --->   Operation 16 'bitconcatenate' 'or_ln53_3' <Predicate = (!temp & !tmp)> <Delay = 0.00>
ST_1 : Operation 17 [1/1] (0.00ns) (grouped into LUT with out node xor_ln228)   --->   "%lshr_ln57_3 = call i14 @_ssdm_op_PartSelect.i14.i32.i32.i32(i32 %x_read, i32 18, i32 31)" [sha256_impl.c:57->sha256_impl.c:228]   --->   Operation 17 'partselect' 'lshr_ln57_3' <Predicate = (!temp & tmp)> <Delay = 0.00>
ST_1 : Operation 18 [1/1] (0.00ns) (grouped into LUT with out node xor_ln228)   --->   "%trunc_ln57_3 = trunc i32 %x_read to i18" [sha256_impl.c:57->sha256_impl.c:228]   --->   Operation 18 'trunc' 'trunc_ln57_3' <Predicate = (!temp & tmp)> <Delay = 0.00>
ST_1 : Operation 19 [1/1] (0.00ns) (grouped into LUT with out node xor_ln228)   --->   "%or_ln57_3 = call i32 @_ssdm_op_BitConcatenate.i32.i18.i14(i18 %trunc_ln57_3, i14 %lshr_ln57_3)" [sha256_impl.c:57->sha256_impl.c:228]   --->   Operation 19 'bitconcatenate' 'or_ln57_3' <Predicate = (!temp & tmp)> <Delay = 0.00>
ST_1 : Operation 20 [1/1] (0.00ns) (grouped into LUT with out node xor_ln228)   --->   "%select_ln51_3 = select i1 %tmp, i32 %or_ln57_3, i32 %or_ln53_3" [sha256_impl.c:51->sha256_impl.c:228]   --->   Operation 20 'select' 'select_ln51_3' <Predicate = (!temp)> <Delay = 0.00> <Core = "Sel">   --->   Core 26 'Sel' <Latency = 0> <II = 1> <Delay = 0.69> <FuncUnit> <Opcode : 'select'> <InPorts = 3> <OutPorts = 1>
ST_1 : Operation 21 [1/1] (0.00ns) (grouped into LUT with out node xor_ln228)   --->   "%lshr_ln6 = call i29 @_ssdm_op_PartSelect.i29.i32.i32.i32(i32 %x_read, i32 3, i32 31)" [sha256_impl.c:228]   --->   Operation 21 'partselect' 'lshr_ln6' <Predicate = (!temp)> <Delay = 0.00>
ST_1 : Operation 22 [1/1] (0.00ns) (grouped into LUT with out node xor_ln228)   --->   "%zext_ln228 = zext i29 %lshr_ln6 to i32" [sha256_impl.c:228]   --->   Operation 22 'zext' 'zext_ln228' <Predicate = (!temp)> <Delay = 0.00>
ST_1 : Operation 23 [1/1] (0.99ns) (out node of the LUT)   --->   "%xor_ln228 = xor i32 %zext_ln228, %select_ln51_3" [sha256_impl.c:228]   --->   Operation 23 'xor' 'xor_ln228' <Predicate = (!temp)> <Delay = 0.99> <Core = "LogicGate">   --->   Core 27 'LogicGate' <Latency = 0> <II = 1> <Delay = 0.99> <FuncUnit> <Opcode : 'and' 'or' 'xor'> <InPorts = 2> <OutPorts = 1>
ST_1 : Operation 24 [1/1] (0.99ns) (out node of the LUT)   --->   "%xor_ln228_1 = xor i32 %xor_ln228, %select_ln51_2" [sha256_impl.c:228]   --->   Operation 24 'xor' 'xor_ln228_1' <Predicate = (!temp)> <Delay = 0.99> <Core = "LogicGate">   --->   Core 27 'LogicGate' <Latency = 0> <II = 1> <Delay = 0.99> <FuncUnit> <Opcode : 'and' 'or' 'xor'> <InPorts = 2> <OutPorts = 1>
ST_1 : Operation 25 [1/1] (1.76ns)   --->   "br label %3" [sha256_impl.c:228]   --->   Operation 25 'br' <Predicate = (!temp)> <Delay = 1.76>
ST_1 : Operation 26 [1/1] (0.00ns) (grouped into LUT with out node xor_ln232_1)   --->   "%trunc_ln53 = trunc i32 %x_read to i15" [sha256_impl.c:53->sha256_impl.c:232]   --->   Operation 26 'trunc' 'trunc_ln53' <Predicate = (temp & !tmp)> <Delay = 0.00>
ST_1 : Operation 27 [1/1] (0.00ns) (grouped into LUT with out node xor_ln232_1)   --->   "%lshr_ln = call i17 @_ssdm_op_PartSelect.i17.i32.i32.i32(i32 %x_read, i32 15, i32 31)" [sha256_impl.c:53->sha256_impl.c:232]   --->   Operation 27 'partselect' 'lshr_ln' <Predicate = (temp & !tmp)> <Delay = 0.00>
ST_1 : Operation 28 [1/1] (0.00ns) (grouped into LUT with out node xor_ln232_1)   --->   "%or_ln = call i32 @_ssdm_op_BitConcatenate.i32.i15.i17(i15 %trunc_ln53, i17 %lshr_ln)" [sha256_impl.c:53->sha256_impl.c:232]   --->   Operation 28 'bitconcatenate' 'or_ln' <Predicate = (temp & !tmp)> <Delay = 0.00>
ST_1 : Operation 29 [1/1] (0.00ns) (grouped into LUT with out node xor_ln232_1)   --->   "%lshr_ln4 = call i15 @_ssdm_op_PartSelect.i15.i32.i32.i32(i32 %x_read, i32 17, i32 31)" [sha256_impl.c:57->sha256_impl.c:232]   --->   Operation 29 'partselect' 'lshr_ln4' <Predicate = (temp & tmp)> <Delay = 0.00>
ST_1 : Operation 30 [1/1] (0.00ns) (grouped into LUT with out node xor_ln232_1)   --->   "%trunc_ln57 = trunc i32 %x_read to i17" [sha256_impl.c:57->sha256_impl.c:232]   --->   Operation 30 'trunc' 'trunc_ln57' <Predicate = (temp & tmp)> <Delay = 0.00>
ST_1 : Operation 31 [1/1] (0.00ns) (grouped into LUT with out node xor_ln232_1)   --->   "%or_ln1 = call i32 @_ssdm_op_BitConcatenate.i32.i17.i15(i17 %trunc_ln57, i15 %lshr_ln4)" [sha256_impl.c:57->sha256_impl.c:232]   --->   Operation 31 'bitconcatenate' 'or_ln1' <Predicate = (temp & tmp)> <Delay = 0.00>
ST_1 : Operation 32 [1/1] (0.00ns) (grouped into LUT with out node xor_ln232_1)   --->   "%select_ln51 = select i1 %tmp, i32 %or_ln1, i32 %or_ln" [sha256_impl.c:51->sha256_impl.c:232]   --->   Operation 32 'select' 'select_ln51' <Predicate = (temp)> <Delay = 0.00> <Core = "Sel">   --->   Core 26 'Sel' <Latency = 0> <II = 1> <Delay = 0.69> <FuncUnit> <Opcode : 'select'> <InPorts = 3> <OutPorts = 1>
ST_1 : Operation 33 [1/1] (0.00ns) (grouped into LUT with out node xor_ln232)   --->   "%trunc_ln53_1 = trunc i32 %x_read to i13" [sha256_impl.c:53->sha256_impl.c:232]   --->   Operation 33 'trunc' 'trunc_ln53_1' <Predicate = (temp & !tmp)> <Delay = 0.00>
ST_1 : Operation 34 [1/1] (0.00ns) (grouped into LUT with out node xor_ln232)   --->   "%lshr_ln53_1 = call i19 @_ssdm_op_PartSelect.i19.i32.i32.i32(i32 %x_read, i32 13, i32 31)" [sha256_impl.c:53->sha256_impl.c:232]   --->   Operation 34 'partselect' 'lshr_ln53_1' <Predicate = (temp & !tmp)> <Delay = 0.00>
ST_1 : Operation 35 [1/1] (0.00ns) (grouped into LUT with out node xor_ln232)   --->   "%or_ln53_1 = call i32 @_ssdm_op_BitConcatenate.i32.i13.i19(i13 %trunc_ln53_1, i19 %lshr_ln53_1)" [sha256_impl.c:53->sha256_impl.c:232]   --->   Operation 35 'bitconcatenate' 'or_ln53_1' <Predicate = (temp & !tmp)> <Delay = 0.00>
ST_1 : Operation 36 [1/1] (0.00ns) (grouped into LUT with out node xor_ln232)   --->   "%lshr_ln57_1 = call i13 @_ssdm_op_PartSelect.i13.i32.i32.i32(i32 %x_read, i32 19, i32 31)" [sha256_impl.c:57->sha256_impl.c:232]   --->   Operation 36 'partselect' 'lshr_ln57_1' <Predicate = (temp & tmp)> <Delay = 0.00>
ST_1 : Operation 37 [1/1] (0.00ns) (grouped into LUT with out node xor_ln232)   --->   "%trunc_ln57_1 = trunc i32 %x_read to i19" [sha256_impl.c:57->sha256_impl.c:232]   --->   Operation 37 'trunc' 'trunc_ln57_1' <Predicate = (temp & tmp)> <Delay = 0.00>
ST_1 : Operation 38 [1/1] (0.00ns) (grouped into LUT with out node xor_ln232)   --->   "%or_ln57_1 = call i32 @_ssdm_op_BitConcatenate.i32.i19.i13(i19 %trunc_ln57_1, i13 %lshr_ln57_1)" [sha256_impl.c:57->sha256_impl.c:232]   --->   Operation 38 'bitconcatenate' 'or_ln57_1' <Predicate = (temp & tmp)> <Delay = 0.00>
ST_1 : Operation 39 [1/1] (0.00ns) (grouped into LUT with out node xor_ln232)   --->   "%select_ln51_1 = select i1 %tmp, i32 %or_ln57_1, i32 %or_ln53_1" [sha256_impl.c:51->sha256_impl.c:232]   --->   Operation 39 'select' 'select_ln51_1' <Predicate = (temp)> <Delay = 0.00> <Core = "Sel">   --->   Core 26 'Sel' <Latency = 0> <II = 1> <Delay = 0.69> <FuncUnit> <Opcode : 'select'> <InPorts = 3> <OutPorts = 1>
ST_1 : Operation 40 [1/1] (0.00ns) (grouped into LUT with out node xor_ln232)   --->   "%lshr_ln5 = call i22 @_ssdm_op_PartSelect.i22.i32.i32.i32(i32 %x_read, i32 10, i32 31)" [sha256_impl.c:232]   --->   Operation 40 'partselect' 'lshr_ln5' <Predicate = (temp)> <Delay = 0.00>
ST_1 : Operation 41 [1/1] (0.00ns) (grouped into LUT with out node xor_ln232)   --->   "%zext_ln232 = zext i22 %lshr_ln5 to i32" [sha256_impl.c:232]   --->   Operation 41 'zext' 'zext_ln232' <Predicate = (temp)> <Delay = 0.00>
ST_1 : Operation 42 [1/1] (0.99ns) (out node of the LUT)   --->   "%xor_ln232 = xor i32 %zext_ln232, %select_ln51_1" [sha256_impl.c:232]   --->   Operation 42 'xor' 'xor_ln232' <Predicate = (temp)> <Delay = 0.99> <Core = "LogicGate">   --->   Core 27 'LogicGate' <Latency = 0> <II = 1> <Delay = 0.99> <FuncUnit> <Opcode : 'and' 'or' 'xor'> <InPorts = 2> <OutPorts = 1>
ST_1 : Operation 43 [1/1] (0.99ns) (out node of the LUT)   --->   "%xor_ln232_1 = xor i32 %xor_ln232, %select_ln51" [sha256_impl.c:232]   --->   Operation 43 'xor' 'xor_ln232_1' <Predicate = (temp)> <Delay = 0.99> <Core = "LogicGate">   --->   Core 27 'LogicGate' <Latency = 0> <II = 1> <Delay = 0.99> <FuncUnit> <Opcode : 'and' 'or' 'xor'> <InPorts = 2> <OutPorts = 1>
ST_1 : Operation 44 [1/1] (1.76ns)   --->   "br label %3" [sha256_impl.c:232]   --->   Operation 44 'br' <Predicate = (temp)> <Delay = 1.76>
ST_1 : Operation 45 [1/1] (0.00ns)   --->   "%p_0 = phi i32 [ %xor_ln228_1, %1 ], [ %xor_ln232_1, %2 ]" [sha256_impl.c:228]   --->   Operation 45 'phi' 'p_0' <Predicate = true> <Delay = 0.00>
ST_1 : Operation 46 [1/1] (0.00ns)   --->   "ret i32 %p_0" [sha256_impl.c:241]   --->   Operation 46 'ret' <Predicate = true> <Delay = 0.00>


============================================================
+ Verbose Summary: Timing violations
============================================================
Target clock period: 10ns, clock uncertainty: 1.25ns.

 <State 1>: 3.75ns
The critical path consists of the following:
	wire read on port 'x' (sha256_impl.c:222) [3]  (0 ns)
	'xor' operation ('xor_ln228', sha256_impl.c:228) [25]  (0.993 ns)
	'xor' operation ('xor_ln228_1', sha256_impl.c:228) [26]  (0.993 ns)
	multiplexor before 'phi' operation ('p_0', sha256_impl.c:228) with incoming values : ('xor_ln228_1', sha256_impl.c:228) ('xor_ln232_1', sha256_impl.c:232) [49]  (1.77 ns)
	'phi' operation ('p_0', sha256_impl.c:228) with incoming values : ('xor_ln228_1', sha256_impl.c:228) ('xor_ln232_1', sha256_impl.c:232) [49]  (0 ns)


============================================================
+ Verbose Summary: Binding
============================================================
N/A
* FSMD analyzer results:
  - Output states:
 - Input state : 
  - Chain level:
	State 1


============================================================
+ Verbose Summary: Datapath Resource usage 
============================================================
N/A
