

================================================================
== Vivado HLS Report for 'sha256'
================================================================
* Date:           Sun Apr 11 14:32:28 2021

* Version:        2019.1 (Build 2552052 on Fri May 24 15:28:33 MDT 2019)
* Project:        All_project
* Solution:       solution1
* Product family: zynq
* Target device:  xc7z020-clg484-1


================================================================
== Performance Estimates
================================================================
+ Timing (ns): 
    * Summary: 
    +--------+-------+----------+------------+
    |  Clock | Target| Estimated| Uncertainty|
    +--------+-------+----------+------------+
    |ap_clk  |  10.00|     8.750|        1.25|
    +--------+-------+----------+------------+

+ Latency (clock cycles): 
    * Summary: 
    +-----+-------+-----+-------+---------+
    |   Latency   |   Interval  | Pipeline|
    | min |  max  | min |  max  |   Type  |
    +-----+-------+-----+-------+---------+
    |  590|  30839|  590|  30839|   none  |
    +-----+-------+-----+-------+---------+

    + Detail: 
        * Instance: 
        +--------------------------+---------------+-----+-----+-----+-----+---------+
        |                          |               |  Latency  |  Interval | Pipeline|
        |         Instance         |     Module    | min | max | min | max |   Type  |
        +--------------------------+---------------+-----+-----+-----+-----+---------+
        |grp_sha256_final_fu_311   |sha256_final   |  187|  372|  187|  372|   none  |
        |grp_sha256_update_fu_335  |sha256_update  |    1|  173|    1|  173|   none  |
        +--------------------------+---------------+-----+-----+-----+-----+---------+

        * Loop: 
        +-------------+-----+-------+----------+-----------+-----------+----------+----------+
        |             |   Latency   | Iteration|  Initiation Interval  |   Trip   |          |
        |  Loop Name  | min |  max  |  Latency |  achieved |   target  |   Count  | Pipelined|
        +-------------+-----+-------+----------+-----------+-----------+----------+----------+
        |- Loop 1     |  336|  30400| 28 ~ 304 |          -|          -| 12 ~ 100 |    no    |
        | + Loop 1.1  |  128|    128|         2|          -|          -|        64|    no    |
        | + Loop 1.2  |   24|    126|         2|          -|          -|  12 ~ 63 |    no    |
        |- Loop 2     |   64|     64|         2|          -|          -|        32|    no    |
        +-------------+-----+-------+----------+-----------+-----------+----------+----------+



================================================================
== Utilization Estimates
================================================================
* Summary: 
+-----------------+---------+-------+--------+-------+-----+
|       Name      | BRAM_18K| DSP48E|   FF   |  LUT  | URAM|
+-----------------+---------+-------+--------+-------+-----+
|DSP              |        -|      -|       -|      -|    -|
|Expression       |        -|      -|       0|    241|    -|
|FIFO             |        -|      -|       -|      -|    -|
|Instance         |        4|      -|  257441|  75261|    -|
|Memory           |        5|      -|       0|      0|    0|
|Multiplexer      |        -|      -|       -|    845|    -|
|Register         |        -|      -|    1133|      -|    -|
+-----------------+---------+-------+--------+-------+-----+
|Total            |        9|      0|  258574|  76347|    0|
+-----------------+---------+-------+--------+-------+-----+
|Available        |      280|    220|  106400|  53200|    0|
+-----------------+---------+-------+--------+-------+-----+
|Utilization (%)  |        3|      0|     243|    143|    0|
+-----------------+---------+-------+--------+-------+-----+

+ Detail: 
    * Instance: 
    +--------------------------+-----------------------+---------+-------+--------+-------+-----+
    |         Instance         |         Module        | BRAM_18K| DSP48E|   FF   |  LUT  | URAM|
    +--------------------------+-----------------------+---------+-------+--------+-------+-----+
    |sha256_AXILiteS_s_axi_U   |sha256_AXILiteS_s_axi  |        4|      0|     272|    308|    0|
    |grp_sha256_final_fu_311   |sha256_final           |        0|      0|  128942|  38378|    0|
    |grp_sha256_update_fu_335  |sha256_update          |        0|      0|  128227|  36575|    0|
    +--------------------------+-----------------------+---------+-------+--------+-------+-----+
    |Total                     |                       |        4|      0|  257441|  75261|    0|
    +--------------------------+-----------------------+---------+-------+--------+-------+-----+

    * DSP48E: 
    N/A

    * Memory: 
    +--------------------+----------------------+---------+---+----+-----+------+-----+------+-------------+
    |       Memory       |        Module        | BRAM_18K| FF| LUT| URAM| Words| Bits| Banks| W*Bits*Banks|
    +--------------------+----------------------+---------+---+----+-----+------+-----+------+-------------+
    |seg_buf_U           |sha256_seg_buf        |        1|  0|   0|    0|    64|    8|     1|          512|
    |sha256ctx_data_0_U  |sha256_sha256ctx_bkb  |        1|  0|   0|    0|    16|    8|     1|          128|
    |sha256ctx_data_1_U  |sha256_sha256ctx_bkb  |        1|  0|   0|    0|    16|    8|     1|          128|
    |sha256ctx_data_2_U  |sha256_sha256ctx_bkb  |        1|  0|   0|    0|    16|    8|     1|          128|
    |sha256ctx_data_3_U  |sha256_sha256ctx_bkb  |        1|  0|   0|    0|    16|    8|     1|          128|
    +--------------------+----------------------+---------+---+----+-----+------+-----+------+-------------+
    |Total               |                      |        5|  0|   0|    0|   128|   40|     5|         1024|
    +--------------------+----------------------+---------+---+----+-----+------+-----+------+-------------+

    * FIFO: 
    N/A

    * Expression: 
    +---------------------------------+----------+-------+---+----+------------+------------+
    |          Variable Name          | Operation| DSP48E| FF| LUT| Bitwidth P0| Bitwidth P1|
    +---------------------------------+----------+-------+---+----+------------+------------+
    |add_ln42_1_fu_671_p2             |     +    |      0|  0|  10|          10|          10|
    |add_ln42_fu_666_p2               |     +    |      0|  0|  10|          10|          10|
    |add_ln51_1_fu_731_p2             |     +    |      0|  0|  10|          10|          10|
    |add_ln51_fu_726_p2               |     +    |      0|  0|  10|          10|          10|
    |i_3_fu_716_p2                    |     +    |      0|  0|  15|           6|           1|
    |i_4_fu_656_p2                    |     +    |      0|  0|  15|           7|           1|
    |i_fu_757_p2                      |     +    |      0|  0|  15|           6|           1|
    |n_fu_681_p2                      |     +    |      0|  0|  39|          32|           8|
    |seg_offset_fu_696_p2             |     +    |      0|  0|  39|          32|           7|
    |icmp_ln36_fu_624_p2              |   icmp   |      0|  0|  18|          32|           1|
    |icmp_ln39_fu_640_p2              |   icmp   |      0|  0|  18|          26|           1|
    |icmp_ln41_fu_650_p2              |   icmp   |      0|  0|  11|           7|           8|
    |icmp_ln49_fu_711_p2              |   icmp   |      0|  0|  18|          32|          32|
    |icmp_ln60_fu_751_p2              |   icmp   |      0|  0|  11|           6|           7|
    |ap_block_state5_on_subcall_done  |    or    |      0|  0|   2|           1|           1|
    +---------------------------------+----------+-------+---+----+------------+------------+
    |Total                            |          |      0|  0| 241|         227|         108|
    +---------------------------------+----------+-------+---+----+------------+------------+

    * Multiplexer: 
    +-------------------------------------------+----+-----------+-----+-----------+
    |                    Name                   | LUT| Input Size| Bits| Total Bits|
    +-------------------------------------------+----+-----------+-----+-----------+
    |ap_NS_fsm                                  |  50|         11|    1|         11|
    |data_address0                              |  15|          3|    8|         24|
    |grp_sha256_update_fu_335_ctx_datalen_read  |  15|          3|   32|         96|
    |grp_sha256_update_fu_335_len               |  15|          3|   32|         96|
    |grp_sha256_update_fu_335_p_read1           |  15|          3|   32|         96|
    |grp_sha256_update_fu_335_p_read2           |  15|          3|   32|         96|
    |grp_sha256_update_fu_335_p_read3           |  15|          3|   32|         96|
    |grp_sha256_update_fu_335_p_read4           |  15|          3|   32|         96|
    |grp_sha256_update_fu_335_p_read5           |  15|          3|   32|         96|
    |grp_sha256_update_fu_335_p_read6           |  15|          3|   32|         96|
    |grp_sha256_update_fu_335_p_read7           |  15|          3|   32|         96|
    |grp_sha256_update_fu_335_p_read8           |  15|          3|   32|         96|
    |i_0_reg_276                                |   9|          2|    7|         14|
    |i_1_reg_288                                |   9|          2|    6|         12|
    |i_2_reg_300                                |   9|          2|    6|         12|
    |n_0_fu_120                                 |  15|          3|   32|         96|
    |seg_buf_address0                           |  33|          6|    6|         36|
    |seg_buf_ce0                                |  21|          4|    1|          4|
    |seg_buf_ce1                                |   9|          2|    1|          2|
    |seg_buf_d0                                 |  15|          3|    8|         24|
    |seg_buf_we0                                |  15|          3|    1|          3|
    |seg_buf_we1                                |   9|          2|    1|          2|
    |seg_offset_1_fu_160                        |   9|          2|   32|         64|
    |sha256ctx_data_0_address0                  |  15|          3|    4|         12|
    |sha256ctx_data_0_address1                  |  15|          3|    4|         12|
    |sha256ctx_data_0_ce0                       |  15|          3|    1|          3|
    |sha256ctx_data_0_ce1                       |  15|          3|    1|          3|
    |sha256ctx_data_0_d0                        |  15|          3|    8|         24|
    |sha256ctx_data_0_we0                       |  15|          3|    1|          3|
    |sha256ctx_data_0_we1                       |   9|          2|    1|          2|
    |sha256ctx_data_1_address0                  |  15|          3|    4|         12|
    |sha256ctx_data_1_address1                  |  15|          3|    4|         12|
    |sha256ctx_data_1_ce0                       |  15|          3|    1|          3|
    |sha256ctx_data_1_ce1                       |  15|          3|    1|          3|
    |sha256ctx_data_1_d0                        |  15|          3|    8|         24|
    |sha256ctx_data_1_we0                       |  15|          3|    1|          3|
    |sha256ctx_data_1_we1                       |   9|          2|    1|          2|
    |sha256ctx_data_2_address0                  |  15|          3|    4|         12|
    |sha256ctx_data_2_address1                  |  15|          3|    4|         12|
    |sha256ctx_data_2_ce0                       |  15|          3|    1|          3|
    |sha256ctx_data_2_ce1                       |  15|          3|    1|          3|
    |sha256ctx_data_2_d0                        |  15|          3|    8|         24|
    |sha256ctx_data_2_we0                       |  15|          3|    1|          3|
    |sha256ctx_data_2_we1                       |   9|          2|    1|          2|
    |sha256ctx_data_3_address0                  |  15|          3|    4|         12|
    |sha256ctx_data_3_address1                  |  15|          3|    4|         12|
    |sha256ctx_data_3_ce0                       |  15|          3|    1|          3|
    |sha256ctx_data_3_ce1                       |  15|          3|    1|          3|
    |sha256ctx_data_3_d0                        |  15|          3|    8|         24|
    |sha256ctx_data_3_we0                       |  15|          3|    1|          3|
    |sha256ctx_data_3_we1                       |   9|          2|    1|          2|
    |sha256ctx_datalen_1_fu_124                 |   9|          2|   32|         64|
    |sha256ctx_state_0_2_fu_136                 |   9|          2|   32|         64|
    |sha256ctx_state_1_2_fu_140                 |   9|          2|   32|         64|
    |sha256ctx_state_2_2_fu_144                 |   9|          2|   32|         64|
    |sha256ctx_state_3_2_fu_148                 |   9|          2|   32|         64|
    |sha256ctx_state_4_2_fu_152                 |   9|          2|   32|         64|
    |sha256ctx_state_5_2_fu_156                 |   9|          2|   32|         64|
    |sha256ctx_state_6_2_fu_132                 |   9|          2|   32|         64|
    |sha256ctx_state_7_2_fu_128                 |   9|          2|   32|         64|
    +-------------------------------------------+----+-----------+-----+-----------+
    |Total                                      | 845|        173|  798|       2076|
    +-------------------------------------------+----+-----------+-----+-----------+

    * Register: 
    +---------------------------------------+----+----+-----+-----------+
    |                  Name                 | FF | LUT| Bits| Const Bits|
    +---------------------------------------+----+----+-----+-----------+
    |ap_CS_fsm                              |  10|   0|   10|          0|
    |br_key_r                               |  32|   0|   32|          0|
    |dp_key_r                               |  32|   0|   32|          0|
    |grp_sha256_final_fu_311_ap_start_reg   |   1|   0|    1|          0|
    |grp_sha256_update_fu_335_ap_start_reg  |   1|   0|    1|          0|
    |i_0_reg_276                            |   7|   0|    7|          0|
    |i_1_reg_288                            |   6|   0|    6|          0|
    |i_2_reg_300                            |   6|   0|    6|          0|
    |i_3_reg_888                            |   6|   0|    6|          0|
    |i_4_reg_875                            |   7|   0|    7|          0|
    |i_reg_946                              |   6|   0|    6|          0|
    |icmp_ln39_reg_862                      |   1|   0|    1|          0|
    |n_0_fu_120                             |  32|   0|   32|          0|
    |n_0_load_reg_852                       |  32|   0|   32|          0|
    |reg_490                                |  32|   0|   32|          0|
    |reg_496                                |  32|   0|   32|          0|
    |reg_502                                |  32|   0|   32|          0|
    |reg_508                                |  32|   0|   32|          0|
    |reg_514                                |  32|   0|   32|          0|
    |reg_520                                |  32|   0|   32|          0|
    |reg_526                                |  32|   0|   32|          0|
    |reg_532                                |  32|   0|   32|          0|
    |reg_538                                |  32|   0|   32|          0|
    |rtl_key_r                              |  32|   0|   32|          0|
    |seg_offset_1_fu_160                    |  32|   0|   32|          0|
    |sha256ctx_datalen_1_1_reg_898          |  32|   0|   32|          0|
    |sha256ctx_datalen_1_fu_124             |  32|   0|   32|          0|
    |sha256ctx_state_0_2_2_reg_913          |  32|   0|   32|          0|
    |sha256ctx_state_0_2_fu_136             |  32|   0|   32|          0|
    |sha256ctx_state_1_2_2_reg_918          |  32|   0|   32|          0|
    |sha256ctx_state_1_2_fu_140             |  32|   0|   32|          0|
    |sha256ctx_state_2_2_2_reg_923          |  32|   0|   32|          0|
    |sha256ctx_state_2_2_fu_144             |  32|   0|   32|          0|
    |sha256ctx_state_3_2_2_reg_928          |  32|   0|   32|          0|
    |sha256ctx_state_3_2_fu_148             |  32|   0|   32|          0|
    |sha256ctx_state_4_2_2_reg_933          |  32|   0|   32|          0|
    |sha256ctx_state_4_2_fu_152             |  32|   0|   32|          0|
    |sha256ctx_state_5_2_2_reg_938          |  32|   0|   32|          0|
    |sha256ctx_state_5_2_fu_156             |  32|   0|   32|          0|
    |sha256ctx_state_6_2_2_reg_908          |  32|   0|   32|          0|
    |sha256ctx_state_6_2_fu_132             |  32|   0|   32|          0|
    |sha256ctx_state_7_2_2_reg_903          |  32|   0|   32|          0|
    |sha256ctx_state_7_2_fu_128             |  32|   0|   32|          0|
    |trunc_ln36_reg_846                     |  10|   0|   10|          0|
    |trunc_ln39_reg_866                     |  10|   0|   10|          0|
    |zext_ln62_reg_951                      |   6|   0|   64|         58|
    +---------------------------------------+----+----+-----+-----------+
    |Total                                  |1133|   0| 1191|         58|
    +---------------------------------------+----+----+-----+-----------+



================================================================
== Interface
================================================================
* Summary: 
+------------------------+-----+-----+------------+--------------+--------------+
|        RTL Ports       | Dir | Bits|  Protocol  | Source Object|    C Type    |
+------------------------+-----+-----+------------+--------------+--------------+
|s_axi_AXILiteS_AWVALID  |  in |    1|    s_axi   |   AXILiteS   |     array    |
|s_axi_AXILiteS_AWREADY  | out |    1|    s_axi   |   AXILiteS   |     array    |
|s_axi_AXILiteS_AWADDR   |  in |   10|    s_axi   |   AXILiteS   |     array    |
|s_axi_AXILiteS_WVALID   |  in |    1|    s_axi   |   AXILiteS   |     array    |
|s_axi_AXILiteS_WREADY   | out |    1|    s_axi   |   AXILiteS   |     array    |
|s_axi_AXILiteS_WDATA    |  in |   32|    s_axi   |   AXILiteS   |     array    |
|s_axi_AXILiteS_WSTRB    |  in |    4|    s_axi   |   AXILiteS   |     array    |
|s_axi_AXILiteS_ARVALID  |  in |    1|    s_axi   |   AXILiteS   |     array    |
|s_axi_AXILiteS_ARREADY  | out |    1|    s_axi   |   AXILiteS   |     array    |
|s_axi_AXILiteS_ARADDR   |  in |   10|    s_axi   |   AXILiteS   |     array    |
|s_axi_AXILiteS_RVALID   | out |    1|    s_axi   |   AXILiteS   |     array    |
|s_axi_AXILiteS_RREADY   |  in |    1|    s_axi   |   AXILiteS   |     array    |
|s_axi_AXILiteS_RDATA    | out |   32|    s_axi   |   AXILiteS   |     array    |
|s_axi_AXILiteS_RRESP    | out |    2|    s_axi   |   AXILiteS   |     array    |
|s_axi_AXILiteS_BVALID   | out |    1|    s_axi   |   AXILiteS   |     array    |
|s_axi_AXILiteS_BREADY   |  in |    1|    s_axi   |   AXILiteS   |     array    |
|s_axi_AXILiteS_BRESP    | out |    2|    s_axi   |   AXILiteS   |     array    |
|ap_clk                  |  in |    1| ap_ctrl_hs |    sha256    | return value |
|ap_rst_n                |  in |    1| ap_ctrl_hs |    sha256    | return value |
|interrupt               | out |    1| ap_ctrl_hs |    sha256    | return value |
|rtl_key                 |  in |   32|   ap_none  |    rtl_key   |    scalar    |
|br_key                  |  in |   32|   ap_none  |    br_key    |    scalar    |
|dp_key                  |  in |   32|   ap_none  |    dp_key    |    scalar    |
+------------------------+-----+-----+------------+--------------+--------------+

