INFO: [SIM 2] *************** CSIM start ***************
INFO: [SIM 4] CSIM will launch GCC as the compiler.
make: 'csim.exe' is up to date.
Data to hash: ABCDEFGHIJKLMNOPQRSTUVWXYZABCDEFGHIJKLMNOPQRSTUVWXYZABCDEFGHIJKLMNOPQRSTUVWXYZABCDEFGHIJKLMNOPQRSTUVWXYZABCDEFGHIJKLMNOPQRSTUVWXYZABCDEFGHIJKLMNOPQRSTUVWXYZABCDEFGHIJKLMNOPQRSTUVWXYZABCDEFGHIJKLMNOPQRSTUVWXYZABCDEFGHIJKLMNOPQRSTUVWXYZABCDEFGHIJKLMNOPQRSTUV

Test 0, base: 0 length 0:
SHA256_SW: E3 B0 C4 42 98 FC 1C 14 9A FB F4 C8 99 6F B9 24 27 AE 41 E4 64 9B 93 4C A4 95 99 1B 78 52 B8 55 
SHA256_HW: 42 F5 1E 1C A2 7F 6F 5F A4 61 C8 98 69 73 4A 04 ED 00 E2 D2 99 25 F6 9F CB D2 A0 35 9F 9B F3 42 
FAILED

Test 1, base: 1 length 1:
SHA256_SW: CC 47 22 3B 1B 04 B0 92 4D 3C 25 AA 28 64 AC 10 8D 42 E3 56 37 5C AB 39 3F 1F 5A B6 34 6C 48 36 
SHA256_HW: 5C 9C 05 A3 6A CA 7F 90 08 AD 11 C6 A1 53 66 73 98 21 6D C6 16 01 5E 75 14 A7 8A 72 DC 04 53 7F 
FAILED

Test 2, base: 0 length 64:
SHA256_SW: AC 2B 91 1B 6B 5C F4 34 E0 AC F7 ED 89 48 3F 41 E8 A2 C7 47 14 96 8F 4E CB 9F 6D 46 66 BE CC D9 
SHA256_HW: 81 8E 70 48 97 9E 7E C4 FC F7 7C A8 74 0B 25 A5 AF 13 FF 7E 3E 15 CB 55 90 DB 12 1D 88 41 54 00 
FAILED

Test 3, base: 3 length 127:
SHA256_SW: 00 68 7A C2 16 D9 C9 72 A5 F1 20 F9 04 2D EC AA D3 A1 10 04 40 EC 02 79 A9 CF 82 B0 71 C8 9D 1B 
SHA256_HW: E2 A6 93 B9 1E 22 1D 23 D4 29 2F 6F 86 60 40 8F 92 0E 34 99 28 EE DD B7 03 3D FA C3 6A 8C 80 0F 
FAILED

Test 4, base: 0 length 256:
SHA256_SW: 5C 7A 2C 9D D3 BD EB 33 EF 31 46 B5 D8 55 5F 29 3F AB 7B B3 A2 46 22 5D 41 31 13 76 63 83 0D 38 
SHA256_HW: EB FB 82 C9 2E 43 42 4B 40 B1 9C B7 B4 5D AE 02 45 8F A7 53 EA 57 47 66 4C 8C 22 38 20 1E 3F 4A 
FAILED

ERR: [SIM 100] 'csim_design' failed: nonzero return value.
INFO: [SIM 3] *************** CSIM finish ***************
